#INFO: **** input file is /Users/ethanvo/projects/interpolation/01_get_bands/native_dft_mp2.py ****
#!/usr/bin/env python
import numpy as np
from pyscf.pbc import gto, dft, df
from pyscf.pbc.tools import pyscf_ase, lattice, get_coulG
from pyscf.gto.basis import parse_nwchem
from pyscf import lib
from pyscf.pbc.lib.kpts_helper import get_kconserv, KptsHelper
from pyscf.pbc.mp.kmp2 import KRMP2
import h5py
from fileutils import load, dump 
import sys

##############################
# Create a "Cell"
##############################

cell = gto.Cell()
# Candidate formula of solid: c, si, sic, bn, bp, aln, alp, mgo, mgs, lih, lif, licl
formula = "c"
ase_atom = lattice.get_ase_atom(formula)
cell.atom = pyscf_ase.ase_atoms_to_pyscf(ase_atom)
cell.a = ase_atom.cell[:]
cell.unit = 'B'
cell.basis = {'C': parse_nwchem.load("/Users/ethanvo/builds/ccgto/basis/gth-hf-rev/cc-pvdz-lc.dat", 'C')}
cell.pseudo = "gth-hf-rev"
cell.verbose = 7
cell.build()

##############################
#  K-point SCF 
##############################
scf_mesh = int(sys.argv[1])
kmesh = [scf_mesh, scf_mesh, scf_mesh]
scaled_center=[0.0, 0.0, 0.0]
kpts = cell.make_kpts(kmesh, scaled_center=scaled_center)
mymf = dft.KRKS(cell, kpts=kpts)
mymf.xc = 'pbe'
ekrhf = mymf.kernel()

mp2_mesh = int(sys.argv[2])
kmesh = [mp2_mesh, mp2_mesh, mp2_mesh]
kpts_interp = cell.make_kpts(kmesh, scaled_center=scaled_center)
mo_energy, mo_coeff = mymf.get_bands(kpts_interp)
mo_energy = np.asarray(mo_energy)
mo_coeff = np.asarray(mo_coeff)
mo_occ_dtype = mymf.mo_occ[0].dtype
mo_occ = np.zeros_like(mo_energy, dtype=mo_occ_dtype)
nocc = cell.nelectron // 2
mo_occ[:, :nocc] = 2.0

mydf = df.GDF(cell, kpts=kpts_interp)

##############################
#  MP2
##############################
mymp = KRMP2(mymf, frozen=None, mo_coeff=mo_coeff, mo_occ=mo_occ)
mymp.with_df_ints = True
mymp._scf.with_df = mydf
mymp.kpts = kpts_interp
mymp.mo_energy = mo_energy
mymp.nkpts = len(kpts_interp)
mymp.khelper = KptsHelper(cell, kpts_interp)
ekmp2, t2 = mymp.kernel()
total_energy = ekrhf + ekmp2

datafile = sys.argv[3]
datadict = {}
datadict['ekrhf'] = ekrhf
datadict['ekmp2'] = ekmp2
datadict['total_energy'] = total_energy
dump(datadict, f'data/{datafile}')
#INFO: ******************** input file end ********************


System: uname_result(system='Darwin', node='Concord-Dawn.local', release='23.1.0', version='Darwin Kernel Version 23.1.0: Mon Oct  9 21:27:24 PDT 2023; root:xnu-10002.41.9~6/RELEASE_ARM64_T6000', machine='arm64')  Threads 10
Python 3.11.5 (main, Aug 24 2023, 15:09:45) [Clang 14.0.3 (clang-1403.0.22.14.1)]
numpy 1.26.0  scipy 1.10.1
Date: Tue Nov  7 11:41:00 2023
PySCF version 2.0.1
PySCF path  /Users/ethanvo/builds/pyscf/projected_cvs/pyscf
GIT ORIG_HEAD 39249f5012c1a95ee10ab9573a362ed9ef07a422
GIT HEAD (branch projected-cvs) 12799a671021ff0b92a23c4db7c36e2a9239ed2d

[ENV] PYSCF_MAX_MEMORY 64000
[ENV] PYSCF_TMPDIR /Users/ethanvo/projects/interpolation/01_get_bands/tmp
[CONFIG] DEBUG = False
[CONFIG] MAX_MEMORY = 64000
[CONFIG] TMPDIR = /Users/ethanvo/projects/interpolation/01_get_bands/tmp
[CONFIG] UNIT = angstrom
[CONFIG] VERBOSE = 3
[CONFIG] conf_file = None
[INPUT] verbose = 7
[INPUT] max_memory = 64000 
[INPUT] num. atoms = 2
[INPUT] num. electrons = 8
[INPUT] charge = 0
[INPUT] spin (= nelec alpha-beta = 2S) = 0
[INPUT] symmetry False subgroup None
[INPUT] Mole.unit = B
[INPUT]  1 C      0.000000000000   0.000000000000   0.000000000000 AA    0.000000000000   0.000000000000   0.000000000000 Bohr
[INPUT]  2 C      0.891699936031   0.891699936031   0.891699936031 AA    1.685068664391   1.685068664391   1.685068664391 Bohr
[INPUT] ---------------- BASIS SET ---------------- 
[INPUT] l, kappa, [nprim/nctr], expnt,             c_1 c_2 ...
[INPUT] C
[INPUT] 0    0    [3    /1   ]  9.031436          -0.01960629
                                3.821255          -0.1291762
                                0.473725          0.5822572
[INPUT] 0    0    [1    /1   ]  0.149679             1
[INPUT] 1    0    [3    /1   ]  4.353457          0.08730943
                                1.266307          0.2797034
                                0.398715          0.5024424
[INPUT] 1    0    [1    /1   ]  0.124238             1
[INPUT] 2    0    [1    /1   ]  0.556013             1

Ewald components = 8.67997097708575e-26, -47.3756282134421, 34.5884981493536
nuclear repulsion = -12.7871300640885
number of shells = 10
number of NR pGTOs = 42
number of NR cGTOs = 26
basis = {'C': [[0, [9.031436, -0.01960629], [3.821255, -0.1291762], [0.473725, 0.5822572]], [0, [0.149679, 1.0]], [1, [4.353457, 0.08730943], [1.266307, 0.2797034], [0.398715, 0.5024424]], [1, [0.124238, 1.0]], [2, [0.556013, 1.0]]]}
ecp = {}
bas 0, expnt(s) = [9.031436 3.821255 0.473725]
bas 1, expnt(s) = [0.149679]
bas 2, expnt(s) = [4.353457 1.266307 0.398715]
bas 3, expnt(s) = [0.124238]
bas 4, expnt(s) = [0.556013]
bas 5, expnt(s) = [9.031436 3.821255 0.473725]
bas 6, expnt(s) = [0.149679]
bas 7, expnt(s) = [4.353457 1.266307 0.398715]
bas 8, expnt(s) = [0.124238]
bas 9, expnt(s) = [0.556013]
CPU time:         0.26
lattice vectors  a1 [0.000000000, 3.370137329, 3.370137329]
                 a2 [3.370137329, 0.000000000, 3.370137329]
                 a3 [3.370137329, 3.370137329, 0.000000000]
dimension = 3
low_dim_ft_type = None
Cell volume = 76.5549
rcut = 21.970857926874924 (nimgs = [6 6 6])
lattice sum = 1313 cells
precision = 1e-08
pseudo = gth-hf-rev
ke_cutoff = 382.8667051932727
    = [35 35 35] mesh (42875 PWs)


******** <class 'pyscf.pbc.dft.krks.KRKS'> ********
method = KRKS-KohnShamDFT
initial guess = minao
damping factor = 0
level_shift factor = 0
DIIS = <class 'pyscf.scf.diis.CDIIS'>
diis_start_cycle = 1
diis_space = 8
SCF conv_tol = 1e-07
SCF conv_tol_grad = None
SCF max_cycles = 50
direct_scf = True
direct_scf_tol = 1e-13
chkfile to save SCF result = /Users/ethanvo/projects/interpolation/01_get_bands/tmp/tmplf18d60x
max_memory 64000 MB (current use 0 MB)


******** PBC SCF flags ********
N kpts = 1
kpts = [[0. 0. 0.]]
Exchange divergence treatment (exxdiv) = ewald
Monkhorst pack size [1 1 1] ew_eta 2.613447953718719 ew_cut 2.693231061698856
Ewald components = 5.9105191190806e-70, -1.47748424715118, 1.137374807438
    madelung (= occupied orbital energy shift) = 0.6802188794263566
    Total energy shift due to Ewald probe charge = -1/2 * Nelec*madelung = -2.72087551771
DF object = <pyscf.pbc.df.fft.FFTDF object at 0x117cf5210>


******** <class 'pyscf.pbc.df.fft.FFTDF'> ********
mesh = [35 35 35] (42875 PWs)
len(kpts) = 1
    kpts = [[0. 0. 0.]]
XC functionals = pbe
small_rho_cutoff = 1e-07
Uniform grid, mesh = [35 35 35]
Set gradient conv threshold to 0.000316228
Big error detected in the electron number of initial guess density matrix (Ne/cell = 7.74553)!
  This can cause huge error in Fock matrix and lead to instability in SCF for low-dimensional systems.
  DM is normalized wrt the number of electrons 8.0
    CPU time for setting up grids      0.56 sec, wall time      0.10 sec
nelec by numeric integration = 7.999999999988318
    CPU time for vxc      0.88 sec, wall time      0.12 sec
    CPU time for vj and vk      1.09 sec, wall time      0.13 sec
Ewald components = 8.67997097708575e-26, -47.3756282134421, 34.5884981493536
E1 = 4.771517542799214  Ecoul = 1.6300265168761467  Exc = -3.839016686479302
init E= -10.2246026908924
cond(S) = [26137.1170775]
    CPU time for initialize scf      3.73 sec, wall time      0.56 sec
HOMO = 0.583299974207  LUMO = 0.767726609336
     k-point                  mo_energy
   0 ( 0.000  0.000  0.000)   [-0.24018205  0.58329997  0.58329997  0.58329997] [0.76772661 0.76772661 0.76772661 1.0578221  1.52873614 1.52873614
 1.80901266 1.80901266 1.80901266 1.82939269 2.35656935 2.35656935
 2.35656935 3.21290957 3.21290957 3.21290957 3.30365349 3.30365349
 4.36251161 4.36251161 4.36251161 4.96184892]
nelec by numeric integration = 7.99999999999396
    CPU time for vxc      0.90 sec, wall time      0.11 sec
    CPU time for vj and vk      1.08 sec, wall time      0.13 sec
Ewald components = 8.67997097708575e-26, -47.3756282134421, 34.5884981493536
E1 = 4.779388325279389  Ecoul = 1.5146654475621282  Exc = -3.768645941740362
cycle= 1 E= -10.2617222329873  delta_E= -0.0371  |g|= 0.0346  |ddm|= 5.09
    CPU time for cycle= 1      1.98 sec, wall time      0.25 sec
diis-norm(errvec)=0.0297116
diis-c [-8.82777927e-04  1.00000000e+00]
HOMO = 0.567606396634  LUMO = 0.75866359853
     k-point                  mo_energy
   0 ( 0.000  0.000  0.000)   [-0.25032361  0.5676064   0.5676064   0.5676064 ] [0.7586636  0.7586636  0.7586636  1.04945338 1.51934382 1.51934382
 1.7873317  1.7873317  1.7873317  1.79696108 2.33014262 2.33014262
 2.33014262 3.20518856 3.20518856 3.20518856 3.3008472  3.3008472
 4.35505332 4.35505332 4.35505332 4.88993384]
nelec by numeric integration = 7.999999999993941
    CPU time for vxc      0.90 sec, wall time      0.12 sec
    CPU time for vj and vk      1.07 sec, wall time      0.13 sec
Ewald components = 8.67997097708575e-26, -47.3756282134421, 34.5884981493536
E1 = 4.773906600229239  Ecoul = 1.5226949009483361  Exc = -3.771451979324939
cycle= 2 E= -10.2619805422359  delta_E= -0.000258  |g|= 0.00228  |ddm|= 0.821
    CPU time for cycle= 2      1.98 sec, wall time      0.26 sec
diis-norm(errvec)=0.00344604
diis-c [-5.97059741e-07 -1.27482377e-01  1.12748238e+00]
HOMO = 0.568768345591  LUMO = 0.75959271586
     k-point                  mo_energy
   0 ( 0.000  0.000  0.000)   [-0.2497036   0.56876835  0.56876835  0.56876835] [0.75959272 0.75959272 0.75959272 1.0506111  1.5198697  1.5198697
 1.78776246 1.78776246 1.78776246 1.7964982  2.33105263 2.33105263
 2.33105263 3.20574768 3.20574768 3.20574768 3.30172914 3.30172914
 4.35568538 4.35568538 4.35568538 4.8895935 ]
nelec by numeric integration = 7.9999999999939515
    CPU time for vxc      0.89 sec, wall time      0.12 sec
    CPU time for vj and vk      1.07 sec, wall time      0.13 sec
Ewald components = 8.67997097708575e-26, -47.3756282134421, 34.5884981493536
E1 = 4.774942798307749  Ecoul = 1.5210240753332886  Exc = -3.7708186130296077
cycle= 3 E= -10.2619818034771  delta_E= -1.26e-06  |g|= 0.000702  |ddm|= 0.0493
    CPU time for cycle= 3      1.97 sec, wall time      0.25 sec
diis-norm(errvec)=0.00089834
diis-c [-9.85745638e-08 -3.14131013e-02  4.11196031e-01  6.20217071e-01]
HOMO = 0.568540864824  LUMO = 0.759417687836
     k-point                  mo_energy
   0 ( 0.000  0.000  0.000)   [-0.24983952  0.56854086  0.56854086  0.56854086] [0.75941769 0.75941769 0.75941769 1.05038493 1.51976882 1.51976882
 1.78764555 1.78764555 1.78764555 1.79645488 2.33084261 2.33084261
 2.33084261 3.20562934 3.20562934 3.20562934 3.30157638 3.30157638
 4.35554149 4.35554149 4.35554149 4.8894904 ]
nelec by numeric integration = 7.999999999993948
    CPU time for vxc      0.88 sec, wall time      0.12 sec
    CPU time for vj and vk      1.08 sec, wall time      0.13 sec
Ewald components = 8.67997097708575e-26, -47.3756282134421, 34.5884981493536
E1 = 4.774767372743266  Ecoul = 1.521305599469786  Exc = -3.770924733627919
cycle= 4 E= -10.2619818255034  delta_E= -2.2e-08  |g|= 0.000639  |ddm|= 0.00991
    CPU time for cycle= 4      1.97 sec, wall time      0.25 sec
diis-norm(errvec)=0.00100409
diis-c [-2.22695257e-12 -2.26710451e-03  1.57125132e-01  5.74517015e-01
  2.70624958e-01]
HOMO = 0.56847370675  LUMO = 0.759366005968
     k-point                  mo_energy
   0 ( 0.000  0.000  0.000)   [-0.24987965  0.56847371  0.56847371  0.56847371] [0.75936601 0.75936601 0.75936601 1.05031816 1.51973904 1.51973904
 1.78761105 1.78761105 1.78761105 1.79644213 2.33078062 2.33078062
 2.33078062 3.20559442 3.20559442 3.20559442 3.30153128 3.30153128
 4.35549902 4.35549902 4.35549902 4.88945999]
nelec by numeric integration = 7.99999999999395
    CPU time for vxc      0.89 sec, wall time      0.11 sec
    CPU time for vj and vk      1.09 sec, wall time      0.13 sec
Ewald components = 8.67997097708575e-26, -47.3756282134421, 34.5884981493536
E1 = 4.774715571011591  Ecoul = 1.5213886054670864  Exc = -3.770956043233763
cycle= 5 E= -10.2619819308436  delta_E= -1.05e-07  |g|= 2.65e-06  |ddm|= 0.003
    CPU time for cycle= 5      1.98 sec, wall time      0.25 sec
diis-norm(errvec)=3.22856e-06
diis-c [-6.78147009e-19  1.58935174e-06 -1.88150101e-04  3.11681748e-03
  1.66192917e-03  9.95407814e-01]
HOMO = 0.568474952824  LUMO = 0.759366976993
     k-point                  mo_energy
   0 ( 0.000  0.000  0.000)   [-0.24987889  0.56847495  0.56847495  0.56847495] [0.75936698 0.75936698 0.75936698 1.05031941 1.51973959 1.51973959
 1.78761167 1.78761167 1.78761167 1.79644234 2.33078174 2.33078174
 2.33078174 3.20559509 3.20559509 3.20559509 3.30153213 3.30153213
 4.35549981 4.35549981 4.35549981 4.88946053]
nelec by numeric integration = 7.999999999993947
    CPU time for vxc      0.90 sec, wall time      0.11 sec
    CPU time for vj and vk      1.06 sec, wall time      0.13 sec
Ewald components = 8.67997097708575e-26, -47.3756282134421, 34.5884981493536
E1 = 4.774716524334644  Ecoul = 1.5213870747685398  Exc = -3.7709554658600863
cycle= 6 E= -10.2619819308454  delta_E= -1.82e-12  |g|= 8.48e-10  |ddm|= 5.26e-05
    CPU time for cycle= 6      1.96 sec, wall time      0.25 sec
HOMO = 0.568474952838  LUMO = 0.759366977
     k-point                  mo_energy
   0 ( 0.000  0.000  0.000)   [-0.24987889  0.56847495  0.56847495  0.56847495] [0.75936698 0.75936698 0.75936698 1.05031941 1.51973959 1.51973959
 1.78761167 1.78761167 1.78761167 1.79644234 2.33078174 2.33078174
 2.33078174 3.20559509 3.20559509 3.20559509 3.30153213 3.30153213
 4.35549981 4.35549981 4.35549981 4.88946053]
nelec by numeric integration = 7.999999999993957
    CPU time for vxc      0.87 sec, wall time      0.11 sec
    CPU time for vj and vk      1.07 sec, wall time      0.13 sec
Ewald components = 8.67997097708575e-26, -47.3756282134421, 34.5884981493536
E1 = 4.77471652434372  Ecoul = 1.5213870747534122  Exc = -3.770955465854029
Extra cycle  E= -10.2619819308454  delta_E= 7.11e-15  |g|= 3.18e-09  |ddm|= 5.06e-09
    CPU time for scf_cycle     17.53 sec, wall time      2.32 sec
    CPU time for SCF     17.53 sec, wall time      2.32 sec
converged SCF energy = -10.2619819308454
nelec by numeric integration = 7.999999999993955
    CPU time for vxc      2.38 sec, wall time      0.34 sec
    CPU time for vj and vk      1.25 sec, wall time      0.18 sec

******** <class 'pyscf.pbc.mp.kmp2.KMP2'> ********
nkpts = 8
nocc = 4
nmo = 26
with_df_ints = True
max_memory 64000 MB (current use 0 MB)


******** <class 'pyscf.pbc.df.df.GDF'> ********
mesh = [7, 7, 7] (343 PWs)
auxbasis = None
eta = 0.2
exp_to_discard = None
_cderi_to_save = /Users/ethanvo/projects/interpolation/01_get_bands/tmp/tmp48u9qru_
len(kpts) = 8
    kpts = [[ 0.          0.          0.        ]
 [ 0.46609268  0.46609268 -0.46609268]
 [ 0.46609268 -0.46609268  0.46609268]
 [ 0.93218535  0.          0.        ]
 [-0.46609268  0.46609268  0.46609268]
 [ 0.          0.93218535  0.        ]
 [ 0.          0.          0.93218535]
 [ 0.46609268  0.46609268  0.46609268]]
Even tempered Gaussians are generated as DF auxbasis for  C
  ETB auxbasis for C  [[0, [9.579456, 1]], [0, [4.789728, 1]], [0, [2.394864, 1]], [0, [1.197432, 1]], [0, [0.598716, 1]], [0, [0.299358, 1]], [1, [8.727455361661383, 1]], [1, [4.363727680830691, 1]], [1, [2.1818638404153456, 1]], [1, [1.0909319202076728, 1]], [1, [0.5454659601038364, 1]], [1, [0.2727329800519182, 1]], [2, [7.951232, 1]], [2, [3.975616, 1]], [2, [1.987808, 1]], [2, [0.993904, 1]], [2, [0.496952, 1]], [2, [0.248476, 1]], [3, [2.1026146480075707, 1]], [3, [1.0513073240037853, 1]], [3, [0.5256536620018927, 1]], [4, [1.112026, 1]]]
num shells = 44, num cGTOs = 168
Drop 0 primitive fitting functions
make aux basis, num shells = 44, num cGTOs = 168
auxcell.rcut 12.846608924246357
make compensating basis, num shells = 10, num cGTOs = 50
chgcell.rcut 11.482117703874595
    CPU time for 3c2e    875.45 sec, wall time    104.48 sec
Num uniq kpts 14
uniq_kpts [[ 0.          0.          0.        ]
 [-0.46609268 -0.46609268  0.46609268]
 [-0.46609268  0.46609268 -0.46609268]
 [ 0.          0.93218535 -0.93218535]
 [-0.93218535  0.          0.        ]
 [ 0.46609268 -0.46609268 -0.46609268]
 [ 0.93218535  0.         -0.93218535]
 [ 0.93218535 -0.93218535  0.        ]
 [ 1.39827803 -0.46609268 -0.46609268]
 [ 0.         -0.93218535  0.        ]
 [ 0.46609268 -1.39827803  0.46609268]
 [ 0.          0.         -0.93218535]
 [ 0.46609268  0.46609268 -1.39827803]
 [-0.46609268 -0.46609268 -0.46609268]]
max_memory 64000 (MB)  blocksize 7339449
Cholesky decomposition for j2c at kpt 0
Symmetry pattern (k - [0. 0. 0.])*a= 2n pi
    make_kpt for uniq_kptji_ids [0]
kpt = [0. 0. 0.]
adapted_ji_idx = [ 0  2  5  9 14 20 27 35]
memory = 0
int3c2e [1/1], AO [0:10], ncol = 351
Symmetry pattern (k + [0. 0. 0.])*a= 2n pi
    make_kpt for [0]
Cholesky decomposition for j2c at kpt 1
Symmetry pattern (k - [-0.46609268 -0.46609268  0.46609268])*a= 2n pi
    make_kpt for uniq_kptji_ids [1]
kpt = [-0.46609268 -0.46609268  0.46609268]
adapted_ji_idx = [ 1  8 19 34]
memory = 0
int3c2e [1/1], AO [0:10], ncol = 676
Symmetry pattern (k + [-0.46609268 -0.46609268  0.46609268])*a= 2n pi
    make_kpt for [1]
Cholesky decomposition for j2c at kpt 2
Symmetry pattern (k - [-0.46609268  0.46609268 -0.46609268])*a= 2n pi
    make_kpt for uniq_kptji_ids [2]
kpt = [-0.46609268  0.46609268 -0.46609268]
adapted_ji_idx = [ 3  7 25 33]
memory = 0
int3c2e [1/1], AO [0:10], ncol = 676
Symmetry pattern (k + [-0.46609268  0.46609268 -0.46609268])*a= 2n pi
    make_kpt for [2]
Cholesky decomposition for j2c at kpt 3
Symmetry pattern (k - [ 0.          0.93218535 -0.93218535])*a= 2n pi
    make_kpt for uniq_kptji_ids [3 4]
kpt = [ 0.          0.93218535 -0.93218535]
adapted_ji_idx = [ 4 26]
memory = 0
int3c2e [1/1], AO [0:10], ncol = 676
kpt = [-0.93218535  0.          0.        ]
adapted_ji_idx = [ 6 32]
memory = 0
int3c2e [1/1], AO [0:10], ncol = 676
Symmetry pattern (k + [ 0.          0.93218535 -0.93218535])*a= 2n pi
    make_kpt for [3 4]
Cholesky decomposition for j2c at kpt 5
Symmetry pattern (k - [ 0.46609268 -0.46609268 -0.46609268])*a= 2n pi
    make_kpt for uniq_kptji_ids [5]
kpt = [ 0.46609268 -0.46609268 -0.46609268]
adapted_ji_idx = [10 16 23 31]
memory = 0
int3c2e [1/1], AO [0:10], ncol = 676
Symmetry pattern (k + [ 0.46609268 -0.46609268 -0.46609268])*a= 2n pi
    make_kpt for [5]
Cholesky decomposition for j2c at kpt 6
Symmetry pattern (k - [ 0.93218535  0.         -0.93218535])*a= 2n pi
    make_kpt for uniq_kptji_ids [6 9]
kpt = [ 0.93218535  0.         -0.93218535]
adapted_ji_idx = [11 24]
memory = 0
int3c2e [1/1], AO [0:10], ncol = 676
kpt = [ 0.         -0.93218535  0.        ]
adapted_ji_idx = [15 30]
memory = 0
int3c2e [1/1], AO [0:10], ncol = 676
Symmetry pattern (k + [ 0.93218535  0.         -0.93218535])*a= 2n pi
    make_kpt for [6 9]
Cholesky decomposition for j2c at kpt 7
Symmetry pattern (k - [ 0.93218535 -0.93218535  0.        ])*a= 2n pi
    make_kpt for uniq_kptji_ids [ 7 11]
kpt = [ 0.93218535 -0.93218535  0.        ]
adapted_ji_idx = [12 18]
memory = 0
int3c2e [1/1], AO [0:10], ncol = 676
kpt = [ 0.          0.         -0.93218535]
adapted_ji_idx = [21 29]
memory = 0
int3c2e [1/1], AO [0:10], ncol = 676
Symmetry pattern (k + [ 0.93218535 -0.93218535  0.        ])*a= 2n pi
    make_kpt for [ 7 11]
Cholesky decomposition for j2c at kpt 8
Symmetry pattern (k - [ 1.39827803 -0.46609268 -0.46609268])*a= 2n pi
    make_kpt for uniq_kptji_ids [ 8 10 12 13]
kpt = [ 1.39827803 -0.46609268 -0.46609268]
adapted_ji_idx = [13]
memory = 0
int3c2e [1/1], AO [0:10], ncol = 676
kpt = [ 0.46609268 -1.39827803  0.46609268]
adapted_ji_idx = [17]
memory = 0
int3c2e [1/1], AO [0:10], ncol = 676
kpt = [ 0.46609268  0.46609268 -1.39827803]
adapted_ji_idx = [22]
memory = 0
int3c2e [1/1], AO [0:10], ncol = 676
kpt = [-0.46609268 -0.46609268 -0.46609268]
adapted_ji_idx = [28]
memory = 0
int3c2e [1/1], AO [0:10], ncol = 676
Symmetry pattern (k + [ 1.39827803 -0.46609268 -0.46609268])*a= 2n pi
    make_kpt for [ 8 10 12 13]
    CPU time for j3c    939.70 sec, wall time    112.86 sec
    CPU time for transforming DF-MP2 integrals      0.17 sec, wall time      0.09 sec
    CPU time for KMP2    940.35 sec, wall time    113.23 sec
KMP2 energy = -0.393840956762688
