#INFO: **** input file is /Users/ethanvo/projects/interpolation/01_get_bands/native_dft_mp2.py ****
#!/usr/bin/env python
import numpy as np
from pyscf.pbc import gto, dft, df
from pyscf.pbc.tools import pyscf_ase, lattice, get_coulG
from pyscf.gto.basis import parse_nwchem
from pyscf import lib
from pyscf.pbc.lib.kpts_helper import get_kconserv, KptsHelper
from pyscf.pbc.mp.kmp2 import KRMP2
import h5py
from fileutils import load, dump 
import sys

##############################
# Create a "Cell"
##############################

cell = gto.Cell()
# Candidate formula of solid: c, si, sic, bn, bp, aln, alp, mgo, mgs, lih, lif, licl
formula = "c"
ase_atom = lattice.get_ase_atom(formula)
cell.atom = pyscf_ase.ase_atoms_to_pyscf(ase_atom)
cell.a = ase_atom.cell[:]
cell.unit = 'B'
cell.basis = {'C': parse_nwchem.load("/Users/ethanvo/builds/ccgto/basis/gth-hf-rev/cc-pvdz-lc.dat", 'C')}
cell.pseudo = "gth-hf-rev"
cell.verbose = 7
cell.build()

##############################
#  K-point SCF 
##############################
scf_mesh = int(sys.argv[1])
kmesh = [scf_mesh, scf_mesh, scf_mesh]
scaled_center=[0.0, 0.0, 0.0]
kpts = cell.make_kpts(kmesh, scaled_center=scaled_center)
mymf = dft.KRKS(cell, kpts=kpts)
mymf.xc = 'pbe'
ekrhf = mymf.kernel()

mp2_mesh = int(sys.argv[2])
kmesh = [mp2_mesh, mp2_mesh, mp2_mesh]
kpts_interp = cell.make_kpts(kmesh, scaled_center=scaled_center)
mo_energy, mo_coeff = mymf.get_bands(kpts_interp)
mo_energy = np.asarray(mo_energy)
mo_coeff = np.asarray(mo_coeff)
mo_occ_dtype = mymf.mo_occ[0].dtype
mo_occ = np.zeros_like(mo_energy, dtype=mo_occ_dtype)
nocc = cell.nelectron // 2
mo_occ[:, :nocc] = 2.0

mydf = df.GDF(cell, kpts=kpts_interp)

##############################
#  MP2
##############################
mymp = KRMP2(mymf, frozen=None, mo_coeff=mo_coeff, mo_occ=mo_occ)
mymp.with_df_ints = True
mymp._scf.with_df = mydf
mymp.kpts = kpts_interp
mymp.mo_energy = mo_energy
mymp.nkpts = len(kpts_interp)
mymp.khelper = KptsHelper(cell, kpts_interp)
ekmp2, t2 = mymp.kernel()
total_energy = ekrhf + ekmp2

datafile = sys.argv[3]
datadict = {}
datadict['ekrhf'] = ekrhf
datadict['ekmp2'] = ekmp2
datadict['total_energy'] = total_energy
dump(datadict, f'data/{datafile}')
#INFO: ******************** input file end ********************


System: uname_result(system='Darwin', node='Concord-Dawn.local', release='23.1.0', version='Darwin Kernel Version 23.1.0: Mon Oct  9 21:27:24 PDT 2023; root:xnu-10002.41.9~6/RELEASE_ARM64_T6000', machine='arm64')  Threads 10
Python 3.11.5 (main, Aug 24 2023, 15:09:45) [Clang 14.0.3 (clang-1403.0.22.14.1)]
numpy 1.26.0  scipy 1.10.1
Date: Tue Nov  7 12:15:18 2023
PySCF version 2.0.1
PySCF path  /Users/ethanvo/builds/pyscf/projected_cvs/pyscf
GIT ORIG_HEAD 39249f5012c1a95ee10ab9573a362ed9ef07a422
GIT HEAD (branch projected-cvs) 12799a671021ff0b92a23c4db7c36e2a9239ed2d

[ENV] PYSCF_MAX_MEMORY 64000
[ENV] PYSCF_TMPDIR /Users/ethanvo/projects/interpolation/01_get_bands/tmp
[CONFIG] DEBUG = False
[CONFIG] MAX_MEMORY = 64000
[CONFIG] TMPDIR = /Users/ethanvo/projects/interpolation/01_get_bands/tmp
[CONFIG] UNIT = angstrom
[CONFIG] VERBOSE = 3
[CONFIG] conf_file = None
[INPUT] verbose = 7
[INPUT] max_memory = 64000 
[INPUT] num. atoms = 2
[INPUT] num. electrons = 8
[INPUT] charge = 0
[INPUT] spin (= nelec alpha-beta = 2S) = 0
[INPUT] symmetry False subgroup None
[INPUT] Mole.unit = B
[INPUT]  1 C      0.000000000000   0.000000000000   0.000000000000 AA    0.000000000000   0.000000000000   0.000000000000 Bohr
[INPUT]  2 C      0.891699936031   0.891699936031   0.891699936031 AA    1.685068664391   1.685068664391   1.685068664391 Bohr
[INPUT] ---------------- BASIS SET ---------------- 
[INPUT] l, kappa, [nprim/nctr], expnt,             c_1 c_2 ...
[INPUT] C
[INPUT] 0    0    [3    /1   ]  9.031436          -0.01960629
                                3.821255          -0.1291762
                                0.473725          0.5822572
[INPUT] 0    0    [1    /1   ]  0.149679             1
[INPUT] 1    0    [3    /1   ]  4.353457          0.08730943
                                1.266307          0.2797034
                                0.398715          0.5024424
[INPUT] 1    0    [1    /1   ]  0.124238             1
[INPUT] 2    0    [1    /1   ]  0.556013             1

Ewald components = 8.67997097708575e-26, -47.3756282134421, 34.5884981493536
nuclear repulsion = -12.7871300640885
number of shells = 10
number of NR pGTOs = 42
number of NR cGTOs = 26
basis = {'C': [[0, [9.031436, -0.01960629], [3.821255, -0.1291762], [0.473725, 0.5822572]], [0, [0.149679, 1.0]], [1, [4.353457, 0.08730943], [1.266307, 0.2797034], [0.398715, 0.5024424]], [1, [0.124238, 1.0]], [2, [0.556013, 1.0]]]}
ecp = {}
bas 0, expnt(s) = [9.031436 3.821255 0.473725]
bas 1, expnt(s) = [0.149679]
bas 2, expnt(s) = [4.353457 1.266307 0.398715]
bas 3, expnt(s) = [0.124238]
bas 4, expnt(s) = [0.556013]
bas 5, expnt(s) = [9.031436 3.821255 0.473725]
bas 6, expnt(s) = [0.149679]
bas 7, expnt(s) = [4.353457 1.266307 0.398715]
bas 8, expnt(s) = [0.124238]
bas 9, expnt(s) = [0.556013]
CPU time:         0.25
lattice vectors  a1 [0.000000000, 3.370137329, 3.370137329]
                 a2 [3.370137329, 0.000000000, 3.370137329]
                 a3 [3.370137329, 3.370137329, 0.000000000]
dimension = 3
low_dim_ft_type = None
Cell volume = 76.5549
rcut = 21.970857926874924 (nimgs = [6 6 6])
lattice sum = 1313 cells
precision = 1e-08
pseudo = gth-hf-rev
ke_cutoff = 382.8667051932727
    = [35 35 35] mesh (42875 PWs)


******** <class 'pyscf.pbc.dft.krks.KRKS'> ********
method = KRKS-KohnShamDFT
initial guess = minao
damping factor = 0
level_shift factor = 0
DIIS = <class 'pyscf.scf.diis.CDIIS'>
diis_start_cycle = 1
diis_space = 8
SCF conv_tol = 1e-07
SCF conv_tol_grad = None
SCF max_cycles = 50
direct_scf = True
direct_scf_tol = 1e-13
chkfile to save SCF result = /Users/ethanvo/projects/interpolation/01_get_bands/tmp/tmplhiofo41
max_memory 64000 MB (current use 0 MB)


******** PBC SCF flags ********
N kpts = 8
kpts = [[ 0.          0.          0.        ]
 [ 0.46609268  0.46609268 -0.46609268]
 [ 0.46609268 -0.46609268  0.46609268]
 [ 0.93218535  0.          0.        ]
 [-0.46609268  0.46609268  0.46609268]
 [ 0.          0.93218535  0.        ]
 [ 0.          0.          0.93218535]
 [ 0.46609268  0.46609268  0.46609268]]
Exchange divergence treatment (exxdiv) = ewald
Monkhorst pack size [2 2 2] ew_eta 2.6874905281342873 ew_cut 2.619133378309657
Ewald components = 3.36744643244103e-288, -1.51660927211251, 1.34655455211594
    madelung (= occupied orbital energy shift) = 0.3401094399931348
    Total energy shift due to Ewald probe charge = -1/2 * Nelec*madelung = -1.36043775997
DF object = <pyscf.pbc.df.fft.FFTDF object at 0x11f84f590>


******** <class 'pyscf.pbc.df.fft.FFTDF'> ********
mesh = [35 35 35] (42875 PWs)
len(kpts) = 8
    kpts = [[ 0.          0.          0.        ]
 [ 0.46609268  0.46609268 -0.46609268]
 [ 0.46609268 -0.46609268  0.46609268]
 [ 0.93218535  0.          0.        ]
 [-0.46609268  0.46609268  0.46609268]
 [ 0.          0.93218535  0.        ]
 [ 0.          0.          0.93218535]
 [ 0.46609268  0.46609268  0.46609268]]
XC functionals = pbe
small_rho_cutoff = 1e-07
Uniform grid, mesh = [35 35 35]
Set gradient conv threshold to 0.000316228
Big error detected in the electron number of initial guess density matrix (Ne/cell = 8)!
  This can cause huge error in Fock matrix and lead to instability in SCF for low-dimensional systems.
  DM is normalized wrt the number of electrons 8.0
    CPU time for setting up grids      0.56 sec, wall time      0.11 sec
nelec by numeric integration = 8.000000000000002
    CPU time for vxc      1.67 sec, wall time      0.24 sec
    CPU time for vj and vk      1.48 sec, wall time      0.21 sec
Ewald components = 8.67997097708575e-26, -47.3756282134421, 34.5884981493536
E1 = (4.897390316152449-1.5470447391626694e-17j)  Ecoul = 1.5381192341824892  Exc = -3.7997002055404177
init E= -10.151320719294
cond(S) = [  26137.1170775   414733.50778054  414733.50779911 5364088.04453874
  414733.50776296 5364088.04493495 5364088.04551413  414733.50777889]
    CPU time for initialize scf      5.33 sec, wall time      0.88 sec
HOMO = 0.572136254758  LUMO = 0.708460626724
     k-point                  mo_energy
   0 ( 0.000  0.000  0.000)   [-0.24766312  0.57213625  0.57213625  0.57213625] [0.75903983 0.75903983 0.75903983 1.0472349  1.52268223 1.52268223
 1.80183809 1.80183809 1.80183809 1.8249933  2.34502025 2.34502025
 2.34502025 3.2065251  3.2065251  3.2065251  3.29662861 3.29662861
 4.35521321 4.35521321 4.35521321 4.95478388]
   1 ( 0.000  0.000  0.500)   [-0.02955725  0.04939761  0.46217819  0.46217819] [0.86181625 0.86181625 0.8763769  1.21755383 1.38923471 1.55354224
 1.55354224 1.82014486 1.82014486 2.18603858 2.26453481 2.64419074
 2.7472774  2.7472774  2.76273354 2.76273354 3.3406983  3.3406983
 3.4051255  3.4051255  4.8972671  9.61041302]
   2 (-0.000  0.500  0.000)   [-0.02955725  0.04939761  0.46217819  0.46217819] [0.86181625 0.86181625 0.8763769  1.21755383 1.38923471 1.55354224
 1.55354224 1.82014486 1.82014486 2.18603858 2.26453481 2.64419074
 2.7472774  2.7472774  2.76273354 2.76273354 3.3406983  3.3406983
 3.4051255  3.4051255  4.8972671  9.61041302]
   3 ( 0.000  0.500  0.500)   [0.07891487 0.0789151  0.32469329 0.32469329] [0.70846063 0.70846078 1.20080592 1.20080592 1.44587552 1.44587882
 1.78322506 1.78322506 2.00216987 2.00216987 2.47905088 2.47905088
 2.55478229 2.5547824  2.61830289 2.61830289 3.31419484 3.3141954
 4.68640737 4.68640737 6.72571155 6.72585252]
   4 ( 0.500 -0.000 -0.000)   [-0.02955725  0.04939761  0.46217819  0.46217819] [0.86181625 0.86181625 0.8763769  1.21755383 1.38923471 1.55354224
 1.55354224 1.82014486 1.82014486 2.18603858 2.26453481 2.64419074
 2.7472774  2.7472774  2.76273354 2.76273354 3.3406983  3.3406983
 3.4051255  3.4051255  4.8972671  9.61041302]
   5 ( 0.500  0.000  0.500)   [0.07891487 0.0789151  0.32469329 0.32469329] [0.70846063 0.70846078 1.20080592 1.20080592 1.44587552 1.44587882
 1.78322506 1.78322506 2.00216987 2.00216987 2.47905088 2.47905088
 2.55478229 2.5547824  2.61830289 2.61830289 3.31419484 3.3141954
 4.68640737 4.68640737 6.72571155 6.72585252]
   6 ( 0.500  0.500  0.000)   [0.07891487 0.0789151  0.32469329 0.32469329] [0.70846063 0.70846078 1.20080592 1.20080592 1.44587552 1.44587882
 1.78322506 1.78322506 2.00216987 2.00216987 2.47905088 2.47905088
 2.55478229 2.5547824  2.61830289 2.61830289 3.31419484 3.3141954
 4.68640737 4.68640737 6.72571155 6.72585252]
   7 ( 0.500  0.500  0.500)   [-0.02955725  0.04939761  0.46217819  0.46217819] [0.86181625 0.86181625 0.8763769  1.21755383 1.38923471 1.55354224
 1.55354224 1.82014486 1.82014486 2.18603858 2.26453481 2.64419074
 2.7472774  2.7472774  2.76273354 2.76273354 3.3406983  3.3406983
 3.4051255  3.4051255  4.8972671  9.61041302]
nelec by numeric integration = 8.000000000000009
    CPU time for vxc      1.56 sec, wall time      0.24 sec
    CPU time for vj and vk      1.40 sec, wall time      0.20 sec
Ewald components = 8.67997097708575e-26, -47.3756282134421, 34.5884981493536
E1 = (4.116791616080947+9.206569201299489e-17j)  Ecoul = 0.9923036950980975  Exc = -3.568171421582379
cycle= 1 E= -11.2462061744918  delta_E= -1.09  |g|= 0.407  |ddm|= 90.7
    CPU time for cycle= 1      2.96 sec, wall time      0.45 sec
diis-norm(errvec)=0.586522
diis-c [-0.34400834-5.39260384e-33j  1.        +0.00000000e+00j]
HOMO = 0.498071597388  LUMO = 0.67095060168
     k-point                  mo_energy
   0 ( 0.000  0.000  0.000)   [-0.29466249  0.4980716   0.4980716   0.4980716 ] [0.7031895  0.7031895  0.7031895  0.97882764 1.48992734 1.48992734
 1.75571629 1.75571629 1.75571629 1.7813732  2.26659001 2.26659001
 2.26659001 3.16776723 3.16776723 3.16776723 3.25779742 3.25779742
 4.3103938  4.3103938  4.3103938  4.85307259]
   1 ( 0.000  0.000  0.500)   [-0.08352077  0.00321962  0.39415235  0.39415235] [0.8092034  0.8092034  0.81900354 1.13705146 1.32023342 1.49706329
 1.49706329 1.78473089 1.78473089 2.14123941 2.22704295 2.58825513
 2.67134145 2.67134145 2.71953345 2.71953345 3.29452106 3.29452106
 3.36139323 3.36139323 4.78953531 9.36243426]
   2 (-0.000  0.500  0.000)   [-0.08352077  0.00321962  0.39415235  0.39415235] [0.8092034  0.8092034  0.81900354 1.13705146 1.32023342 1.49706329
 1.49706329 1.78473089 1.78473089 2.14123941 2.22704295 2.58825513
 2.67134145 2.67134145 2.71953345 2.71953345 3.29452106 3.29452106
 3.36139323 3.36139323 4.78953531 9.36243426]
   3 ( 0.000  0.500  0.500)   [0.02466783 0.02466876 0.26540409 0.26540409] [0.6709506  0.67095103 1.11806288 1.11806288 1.36575384 1.36575446
 1.7362691  1.7362691  1.96763719 1.96763834 2.41533251 2.41533251
 2.5159115  2.51591268 2.57419627 2.57419627 3.26566272 3.265665
 4.63589509 4.63589509 6.58071053 6.58213927]
   4 ( 0.500 -0.000 -0.000)   [-0.08352077  0.00321962  0.39415235  0.39415235] [0.8092034  0.8092034  0.81900354 1.13705146 1.32023342 1.49706329
 1.49706329 1.78473089 1.78473089 2.14123941 2.22704295 2.58825513
 2.67134145 2.67134145 2.71953345 2.71953345 3.29452106 3.29452106
 3.36139323 3.36139323 4.7895353  9.36243426]
   5 ( 0.500  0.000  0.500)   [0.02466783 0.02466876 0.26540409 0.26540409] [0.6709506  0.67095103 1.11806288 1.11806288 1.36575384 1.36575446
 1.7362691  1.7362691  1.96763719 1.96763834 2.41533251 2.41533251
 2.5159115  2.51591268 2.57419627 2.57419627 3.26566272 3.265665
 4.63589509 4.63589509 6.58071053 6.58213927]
   6 ( 0.500  0.500  0.000)   [0.02466783 0.02466876 0.26540409 0.26540409] [0.6709506  0.67095103 1.11806288 1.11806288 1.36575384 1.36575446
 1.7362691  1.7362691  1.96763719 1.96763834 2.41533251 2.41533251
 2.5159115  2.51591268 2.57419627 2.57419627 3.26566272 3.265665
 4.63589509 4.63589509 6.58071053 6.58213927]
   7 ( 0.500  0.500  0.500)   [-0.08352077  0.00321962  0.39415235  0.39415235] [0.8092034  0.8092034  0.81900354 1.13705146 1.32023342 1.49706329
 1.49706329 1.78473089 1.78473089 2.14123941 2.22704295 2.58825513
 2.67134145 2.67134145 2.71953345 2.71953345 3.29452106 3.29452106
 3.36139323 3.36139323 4.78953531 9.36243426]
nelec by numeric integration = 8.000000000000158
    CPU time for vxc      1.59 sec, wall time      0.24 sec
    CPU time for vj and vk      1.39 sec, wall time      0.20 sec
Ewald components = 8.67997097708575e-26, -47.3756282134421, 34.5884981493536
E1 = (4.052894251832236+3.497281986133452e-17j)  Ecoul = 1.0863593281110855  Exc = -3.603089674542638
cycle= 2 E= -11.2509661586878  delta_E= -0.00476  |g|= 0.0827  |ddm|= 59.7
    CPU time for cycle= 2      2.99 sec, wall time      0.45 sec
diis-norm(errvec)=0.125673
diis-c [-1.22684173e-04+1.60093262e-34j  1.75918438e-01+3.61372243e-32j
  8.24081562e-01-3.61372243e-32j]
HOMO = 0.509279371361  LUMO = 0.676034431532
     k-point                  mo_energy
   0 ( 0.000  0.000  0.000)   [-0.28777741  0.50927937  0.50927937  0.50927937] [0.71163369 0.71163369 0.71163369 0.9900568  1.49383738 1.49383738
 1.7608868  1.7608868  1.7608868  1.78606492 2.27663731 2.27663731
 2.27663731 3.17337687 3.17337687 3.17337687 3.26397055 3.26397055
 4.31733217 4.31733217 4.31733217 4.86208841]
   1 ( 0.000  0.000  0.500)   [-0.07528191  0.0098135   0.40443817  0.40443817] [0.81700166 0.81700166 0.82798379 1.14930665 1.32929239 1.50393889
 1.50393889 1.78950636 1.78950636 2.14726106 2.2313086  2.59636265
 2.68116764 2.68116764 2.72555667 2.72555667 3.30047913 3.30047913
 3.36794108 3.36794108 4.79991416 9.38522142]
   2 (-0.000  0.500  0.000)   [-0.07528191  0.0098135   0.40443817  0.40443817] [0.81700166 0.81700166 0.82798379 1.14930665 1.32929239 1.50393889
 1.50393889 1.78950636 1.78950636 2.14726106 2.2313086  2.59636265
 2.68116764 2.68116764 2.72555667 2.72555667 3.30047913 3.30047913
 3.36794108 3.36794108 4.79991416 9.38522142]
   3 ( 0.000  0.500  0.500)   [0.03285481 0.03285511 0.27422969 0.27422969] [0.67603443 0.67603445 1.13077863 1.13077863 1.37678087 1.37678502
 1.74207478 1.74207478 1.97206758 1.97206853 2.42355834 2.42355834
 2.52107799 2.52107845 2.58027595 2.58027595 3.27373408 3.27373783
 4.6429785  4.6429785  6.59407506 6.59558307]
   4 ( 0.500 -0.000 -0.000)   [-0.07528191  0.0098135   0.40443817  0.40443817] [0.81700166 0.81700166 0.82798379 1.14930665 1.32929239 1.50393889
 1.50393889 1.78950636 1.78950636 2.14726106 2.2313086  2.59636265
 2.68116764 2.68116764 2.72555667 2.72555667 3.30047913 3.30047913
 3.36794108 3.36794108 4.79991416 9.38522142]
   5 ( 0.500  0.000  0.500)   [0.03285481 0.03285511 0.27422969 0.27422969] [0.67603443 0.67603445 1.13077863 1.13077863 1.37678087 1.37678502
 1.74207478 1.74207478 1.97206758 1.97206853 2.42355834 2.42355834
 2.52107799 2.52107845 2.58027595 2.58027595 3.27373408 3.27373783
 4.6429785  4.6429785  6.59407506 6.59558307]
   6 ( 0.500  0.500  0.000)   [0.03285481 0.03285511 0.27422969 0.27422969] [0.67603443 0.67603445 1.13077863 1.13077863 1.37678087 1.37678502
 1.74207478 1.74207478 1.97206758 1.97206853 2.42355834 2.42355834
 2.52107799 2.52107845 2.58027595 2.58027595 3.27373408 3.27373783
 4.6429785  4.6429785  6.59407506 6.59558307]
   7 ( 0.500  0.500  0.500)   [-0.07528191  0.0098135   0.40443817  0.40443817] [0.81700166 0.81700166 0.82798379 1.14930665 1.32929239 1.50393889
 1.50393889 1.78950636 1.78950636 2.14726106 2.2313086  2.59636265
 2.68116764 2.68116764 2.72555667 2.72555667 3.30047913 3.30047913
 3.36794108 3.36794108 4.79991416 9.38522142]
nelec by numeric integration = 8.000000000000131
    CPU time for vxc      1.59 sec, wall time      0.24 sec
    CPU time for vj and vk      1.38 sec, wall time      0.20 sec
Ewald components = 8.67997097708575e-26, -47.3756282134421, 34.5884981493536
E1 = (4.062900588589109+4.3046812920191234e-17j)  Ecoul = 1.0700103552178175  Exc = -3.596955231204486
cycle= 3 E= -11.2511743514861  delta_E= -0.000208  |g|= 0.000784  |ddm|= 7.91
    CPU time for cycle= 3      2.98 sec, wall time      0.45 sec
diis-norm(errvec)=0.00146734
diis-c [-3.70243228e-08+1.54805193e-35j -3.33136748e-03+5.35044793e-31j
 -2.72714569e-02+2.40570485e-30j  1.03060282e+00-2.94074964e-30j]
HOMO = 0.509320497094  LUMO = 0.675999469661
     k-point                  mo_energy
   0 ( 0.000  0.000  0.000)   [-0.287772   0.5093205  0.5093205  0.5093205] [0.71165991 0.71165991 0.71165991 0.99009903 1.49383526 1.49383526
 1.76084842 1.76084842 1.76084842 1.78595497 2.27664027 2.27664027
 2.27664027 3.17335792 3.17335792 3.17335792 3.26399346 3.26399346
 4.31733236 4.31733236 4.31733236 4.86197175]
   1 ( 0.000  0.000  0.500)   [-0.07525641  0.009809    0.40447475  0.40447475] [0.81701656 0.81701656 0.82800112 1.14934277 1.32924357 1.50391783
 1.50391783 1.78950796 1.78950796 2.14724327 2.23124633 2.596366
 2.6811853  2.6811853  2.7255499  2.7255499  3.30042261 3.30042261
 3.36795309 3.36795309 4.79981922 9.3852178 ]
   2 (-0.000  0.500  0.000)   [-0.07525641  0.009809    0.40447475  0.40447475] [0.81701656 0.81701656 0.82800112 1.14934277 1.32924357 1.50391783
 1.50391783 1.78950796 1.78950796 2.14724327 2.23124633 2.596366
 2.6811853  2.6811853  2.7255499  2.7255499  3.30042261 3.30042261
 3.36795309 3.36795309 4.79981922 9.3852178 ]
   3 ( 0.000  0.500  0.500)   [0.03287438 0.03287606 0.27425428 0.27425428] [0.67599947 0.67600017 1.13082869 1.13082869 1.37676991 1.37677362
 1.74204523 1.74204523 1.97207088 1.97207333 2.42355699 2.42355699
 2.5210182  2.52102045 2.58028062 2.58028062 3.27376929 3.27377093
 4.64295598 4.64295598 6.59404191 6.59556057]
   4 ( 0.500 -0.000 -0.000)   [-0.07525641  0.009809    0.40447475  0.40447475] [0.81701656 0.81701656 0.82800112 1.14934277 1.32924357 1.50391783
 1.50391783 1.78950796 1.78950796 2.14724327 2.23124633 2.596366
 2.6811853  2.6811853  2.7255499  2.7255499  3.30042261 3.30042261
 3.36795309 3.36795309 4.79981922 9.3852178 ]
   5 ( 0.500  0.000  0.500)   [0.03287438 0.03287606 0.27425428 0.27425428] [0.67599947 0.67600017 1.13082869 1.13082869 1.37676991 1.37677362
 1.74204523 1.74204523 1.97207088 1.97207333 2.42355699 2.42355699
 2.5210182  2.52102045 2.58028062 2.58028062 3.27376929 3.27377093
 4.64295598 4.64295598 6.59404191 6.59556057]
   6 ( 0.500  0.500  0.000)   [0.03287438 0.03287606 0.27425428 0.27425428] [0.67599947 0.67600017 1.13082869 1.13082869 1.37676991 1.37677362
 1.74204523 1.74204523 1.97207088 1.97207333 2.42355699 2.42355699
 2.5210182  2.52102045 2.58028062 2.58028062 3.27376929 3.27377093
 4.64295598 4.64295598 6.59404191 6.59556057]
   7 ( 0.500  0.500  0.500)   [-0.07525641  0.009809    0.40447475  0.40447475] [0.81701656 0.81701656 0.82800112 1.14934277 1.32924357 1.50391783
 1.50391783 1.78950796 1.78950796 2.14724327 2.23124633 2.596366
 2.6811853  2.6811853  2.7255499  2.7255499  3.30042261 3.30042261
 3.36795309 3.36795309 4.79981922 9.3852178 ]
nelec by numeric integration = 8.000000000000131
    CPU time for vxc      1.59 sec, wall time      0.24 sec
    CPU time for vj and vk      1.40 sec, wall time      0.20 sec
Ewald components = 8.67997097708575e-26, -47.3756282134421, 34.5884981493536
E1 = (4.062999336127294+4.3086617354161035e-17j)  Ecoul = 1.0698498712657427  Exc = -3.5968935157321797
cycle= 4 E= -11.2511743724276  delta_E= -2.09e-08  |g|= 9.7e-05  |ddm|= 0.0545
    CPU time for cycle= 4      2.99 sec, wall time      0.45 sec
HOMO = 0.509323616883  LUMO = 0.676000696363
     k-point                  mo_energy
   0 ( 0.000  0.000  0.000)   [-0.28777008  0.50932362  0.50932362  0.50932362] [0.71166257 0.71166257 0.71166257 0.99010207 1.49383679 1.49383679
 1.76085014 1.76085014 1.76085014 1.78595488 2.27664355 2.27664355
 2.27664355 3.17335952 3.17335952 3.17335952 3.26399546 3.26399546
 4.31733412 4.31733412 4.31733412 4.86197276]
   1 ( 0.000  0.000  0.500)   [-0.07525405  0.00981082  0.40447769  0.40447769] [0.81701903 0.81701903 0.8280035  1.14934626 1.32924528 1.50392003
 1.50392003 1.78950956 1.78950956 2.1472451  2.23124723 2.59636782
 2.68118854 2.68118854 2.72555163 2.72555163 3.30042372 3.30042372
 3.36795519 3.36795519 4.7998208  9.38522556]
   2 (-0.000  0.500  0.000)   [-0.07525405  0.00981082  0.40447769  0.40447769] [0.81701903 0.81701903 0.8280035  1.14934626 1.32924528 1.50392003
 1.50392003 1.78950956 1.78950956 2.1472451  2.23124723 2.59636782
 2.68118854 2.68118854 2.72555163 2.72555163 3.30042372 3.30042372
 3.36795519 3.36795519 4.7998208  9.38522556]
   3 ( 0.000  0.500  0.500)   [0.03287656 0.0328785  0.27425687 0.27425687] [0.6760007  0.67600124 1.13083248 1.13083248 1.37676918 1.37677982
 1.74204694 1.74204694 1.97207186 1.9720756  2.4235594  2.4235594
 2.52101809 2.52102079 2.58028277 2.58028277 3.27376965 3.27377514
 4.64295753 4.64295753 6.59405552 6.59555573]
   4 ( 0.500 -0.000 -0.000)   [-0.07525405  0.00981082  0.40447769  0.40447769] [0.81701903 0.81701903 0.8280035  1.14934626 1.32924528 1.50392003
 1.50392003 1.78950956 1.78950956 2.1472451  2.23124723 2.59636782
 2.68118854 2.68118854 2.72555163 2.72555163 3.30042372 3.30042372
 3.36795519 3.36795519 4.7998208  9.38522556]
   5 ( 0.500  0.000  0.500)   [0.03287656 0.0328785  0.27425687 0.27425687] [0.6760007  0.67600124 1.13083248 1.13083248 1.37676918 1.37677982
 1.74204694 1.74204694 1.97207186 1.9720756  2.4235594  2.4235594
 2.52101809 2.52102079 2.58028277 2.58028277 3.27376965 3.27377514
 4.64295753 4.64295753 6.59405552 6.59555573]
   6 ( 0.500  0.500  0.000)   [0.03287656 0.0328785  0.27425687 0.27425687] [0.6760007  0.67600124 1.13083248 1.13083248 1.37676918 1.37677982
 1.74204694 1.74204694 1.97207186 1.9720756  2.4235594  2.4235594
 2.52101809 2.52102079 2.58028277 2.58028277 3.27376965 3.27377514
 4.64295753 4.64295754 6.59405552 6.59555573]
   7 ( 0.500  0.500  0.500)   [-0.07525405  0.00981082  0.40447769  0.40447769] [0.81701903 0.81701903 0.8280035  1.14934626 1.32924528 1.50392003
 1.50392003 1.78950956 1.78950956 2.1472451  2.23124723 2.59636782
 2.68118854 2.68118854 2.72555163 2.72555163 3.30042372 3.30042372
 3.36795519 3.36795519 4.7998208  9.38522556]
nelec by numeric integration = 8.00000000000013
    CPU time for vxc      1.57 sec, wall time      0.24 sec
    CPU time for vj and vk      1.37 sec, wall time      0.20 sec
Ewald components = 8.67997097708575e-26, -47.3756282134421, 34.5884981493536
E1 = (4.063002209973802+4.3085060901267714e-17j)  Ecoul = 1.0698452666556009  Exc = -3.5968917843560053
Extra cycle  E= -11.2511743718151  delta_E= 6.13e-10  |g|= 0.000171  |ddm|= 0.00223
    CPU time for scf_cycle     20.20 sec, wall time      3.11 sec
    CPU time for SCF     20.22 sec, wall time      3.13 sec
converged SCF energy = -11.2511743718151
nelec by numeric integration = 8.00000000000013
    CPU time for vxc      8.47 sec, wall time      1.24 sec
    CPU time for vj and vk      3.17 sec, wall time      0.60 sec

******** <class 'pyscf.pbc.mp.kmp2.KMP2'> ********
nkpts = 64
nocc = 4
nmo = 26
with_df_ints = True
max_memory 64000 MB (current use 0 MB)


******** <class 'pyscf.pbc.df.df.GDF'> ********
mesh = [7, 7, 7] (343 PWs)
auxbasis = None
eta = 0.2
exp_to_discard = None
_cderi_to_save = /Users/ethanvo/projects/interpolation/01_get_bands/tmp/tmp88wg47j8
len(kpts) = 64
    kpts = [[ 0.00000000e+00  0.00000000e+00  0.00000000e+00]
 [ 2.33046338e-01  2.33046338e-01 -2.33046338e-01]
 [ 4.66092676e-01  4.66092676e-01 -4.66092676e-01]
 [ 6.99139014e-01  6.99139014e-01 -6.99139014e-01]
 [ 2.33046338e-01 -2.33046338e-01  2.33046338e-01]
 [ 4.66092676e-01  0.00000000e+00  0.00000000e+00]
 [ 6.99139014e-01  2.33046338e-01 -2.33046338e-01]
 [ 9.32185352e-01  4.66092676e-01 -4.66092676e-01]
 [ 4.66092676e-01 -4.66092676e-01  4.66092676e-01]
 [ 6.99139014e-01 -2.33046338e-01  2.33046338e-01]
 [ 9.32185352e-01  0.00000000e+00  0.00000000e+00]
 [ 1.16523169e+00  2.33046338e-01 -2.33046338e-01]
 [ 6.99139014e-01 -6.99139014e-01  6.99139014e-01]
 [ 9.32185352e-01 -4.66092676e-01  4.66092676e-01]
 [ 1.16523169e+00 -2.33046338e-01  2.33046338e-01]
 [ 1.39827803e+00 -2.77555756e-17  2.77555756e-17]
 [-2.33046338e-01  2.33046338e-01  2.33046338e-01]
 [ 0.00000000e+00  4.66092676e-01  0.00000000e+00]
 [ 2.33046338e-01  6.99139014e-01 -2.33046338e-01]
 [ 4.66092676e-01  9.32185352e-01 -4.66092676e-01]
 [ 0.00000000e+00  0.00000000e+00  4.66092676e-01]
 [ 2.33046338e-01  2.33046338e-01  2.33046338e-01]
 [ 4.66092676e-01  4.66092676e-01  0.00000000e+00]
 [ 6.99139014e-01  6.99139014e-01 -2.33046338e-01]
 [ 2.33046338e-01 -2.33046338e-01  6.99139014e-01]
 [ 4.66092676e-01  0.00000000e+00  4.66092676e-01]
 [ 6.99139014e-01  2.33046338e-01  2.33046338e-01]
 [ 9.32185352e-01  4.66092676e-01  2.77555756e-17]
 [ 4.66092676e-01 -4.66092676e-01  9.32185352e-01]
 [ 6.99139014e-01 -2.33046338e-01  6.99139014e-01]
 [ 9.32185352e-01  0.00000000e+00  4.66092676e-01]
 [ 1.16523169e+00  2.33046338e-01  2.33046338e-01]
 [-4.66092676e-01  4.66092676e-01  4.66092676e-01]
 [-2.33046338e-01  6.99139014e-01  2.33046338e-01]
 [ 0.00000000e+00  9.32185352e-01  0.00000000e+00]
 [ 2.33046338e-01  1.16523169e+00 -2.33046338e-01]
 [-2.33046338e-01  2.33046338e-01  6.99139014e-01]
 [ 0.00000000e+00  4.66092676e-01  4.66092676e-01]
 [ 2.33046338e-01  6.99139014e-01  2.33046338e-01]
 [ 4.66092676e-01  9.32185352e-01  2.77555756e-17]
 [ 0.00000000e+00  0.00000000e+00  9.32185352e-01]
 [ 2.33046338e-01  2.33046338e-01  6.99139014e-01]
 [ 4.66092676e-01  4.66092676e-01  4.66092676e-01]
 [ 6.99139014e-01  6.99139014e-01  2.33046338e-01]
 [ 2.33046338e-01 -2.33046338e-01  1.16523169e+00]
 [ 4.66092676e-01  0.00000000e+00  9.32185352e-01]
 [ 6.99139014e-01  2.33046338e-01  6.99139014e-01]
 [ 9.32185352e-01  4.66092676e-01  4.66092676e-01]
 [-6.99139014e-01  6.99139014e-01  6.99139014e-01]
 [-4.66092676e-01  9.32185352e-01  4.66092676e-01]
 [-2.33046338e-01  1.16523169e+00  2.33046338e-01]
 [-2.77555756e-17  1.39827803e+00  2.77555756e-17]
 [-4.66092676e-01  4.66092676e-01  9.32185352e-01]
 [-2.33046338e-01  6.99139014e-01  6.99139014e-01]
 [-5.55111512e-17  9.32185352e-01  4.66092676e-01]
 [ 2.33046338e-01  1.16523169e+00  2.33046338e-01]
 [-2.33046338e-01  2.33046338e-01  1.16523169e+00]
 [-2.77555756e-17  4.66092676e-01  9.32185352e-01]
 [ 2.33046338e-01  6.99139014e-01  6.99139014e-01]
 [ 4.66092676e-01  9.32185352e-01  4.66092676e-01]
 [-2.77555756e-17  2.77555756e-17  1.39827803e+00]
 [ 2.33046338e-01  2.33046338e-01  1.16523169e+00]
 [ 4.66092676e-01  4.66092676e-01  9.32185352e-01]
 [ 6.99139014e-01  6.99139014e-01  6.99139014e-01]]
Even tempered Gaussians are generated as DF auxbasis for  C
  ETB auxbasis for C  [[0, [9.579456, 1]], [0, [4.789728, 1]], [0, [2.394864, 1]], [0, [1.197432, 1]], [0, [0.598716, 1]], [0, [0.299358, 1]], [1, [8.727455361661383, 1]], [1, [4.363727680830691, 1]], [1, [2.1818638404153456, 1]], [1, [1.0909319202076728, 1]], [1, [0.5454659601038364, 1]], [1, [0.2727329800519182, 1]], [2, [7.951232, 1]], [2, [3.975616, 1]], [2, [1.987808, 1]], [2, [0.993904, 1]], [2, [0.496952, 1]], [2, [0.248476, 1]], [3, [2.1026146480075707, 1]], [3, [1.0513073240037853, 1]], [3, [0.5256536620018927, 1]], [4, [1.112026, 1]]]
num shells = 44, num cGTOs = 168
Drop 0 primitive fitting functions
make aux basis, num shells = 44, num cGTOs = 168
auxcell.rcut 12.846608924246357
make compensating basis, num shells = 10, num cGTOs = 50
chgcell.rcut 11.482117703874595
    CPU time for 3c2e   1871.59 sec, wall time    242.92 sec
Num uniq kpts 172
uniq_kpts [[ 0.00000000e+00  0.00000000e+00  0.00000000e+00]
 [-2.33046338e-01 -2.33046338e-01  2.33046338e-01]
 [-4.66092676e-01 -4.66092676e-01  4.66092676e-01]
 [-6.99139014e-01 -6.99139014e-01  6.99139014e-01]
 [-2.33046338e-01  2.33046338e-01 -2.33046338e-01]
 [ 0.00000000e+00  4.66092676e-01 -4.66092676e-01]
 [ 2.33046338e-01  6.99139014e-01 -6.99139014e-01]
 [ 4.66092676e-01  9.32185352e-01 -9.32185352e-01]
 [-4.66092676e-01  0.00000000e+00  0.00000000e+00]
 [-6.99139014e-01 -2.33046338e-01  2.33046338e-01]
 [-9.32185352e-01 -4.66092676e-01  4.66092676e-01]
 [-4.66092676e-01  4.66092676e-01 -4.66092676e-01]
 [-2.33046338e-01  6.99139014e-01 -6.99139014e-01]
 [ 0.00000000e+00  9.32185352e-01 -9.32185352e-01]
 [ 2.33046338e-01  1.16523169e+00 -1.16523169e+00]
 [-6.99139014e-01  2.33046338e-01 -2.33046338e-01]
 [-9.32185352e-01  0.00000000e+00  0.00000000e+00]
 [-1.16523169e+00 -2.33046338e-01  2.33046338e-01]
 [-6.99139014e-01  6.99139014e-01 -6.99139014e-01]
 [-4.66092676e-01  9.32185352e-01 -9.32185352e-01]
 [-2.33046338e-01  1.16523169e+00 -1.16523169e+00]
 [ 0.00000000e+00  1.39827803e+00 -1.39827803e+00]
 [-9.32185352e-01  4.66092676e-01 -4.66092676e-01]
 [-1.16523169e+00  2.33046338e-01 -2.33046338e-01]
 [-1.39827803e+00  2.77555756e-17 -2.77555756e-17]
 [ 2.33046338e-01 -2.33046338e-01 -2.33046338e-01]
 [ 4.66092676e-01  0.00000000e+00 -4.66092676e-01]
 [ 6.99139014e-01  2.33046338e-01 -6.99139014e-01]
 [ 9.32185352e-01  4.66092676e-01 -9.32185352e-01]
 [ 4.66092676e-01 -4.66092676e-01  0.00000000e+00]
 [ 6.99139014e-01 -2.33046338e-01 -2.33046338e-01]
 [ 9.32185352e-01  0.00000000e+00 -4.66092676e-01]
 [ 1.16523169e+00  2.33046338e-01 -6.99139014e-01]
 [ 6.99139014e-01 -6.99139014e-01  2.33046338e-01]
 [ 9.32185352e-01 -4.66092676e-01  0.00000000e+00]
 [ 1.16523169e+00 -2.33046338e-01 -2.33046338e-01]
 [ 1.39827803e+00  0.00000000e+00 -4.66092676e-01]
 [ 9.32185352e-01 -9.32185352e-01  4.66092676e-01]
 [ 1.16523169e+00 -6.99139014e-01  2.33046338e-01]
 [ 1.39827803e+00 -4.66092676e-01  2.77555756e-17]
 [ 1.63132437e+00 -2.33046338e-01 -2.33046338e-01]
 [ 0.00000000e+00 -4.66092676e-01  0.00000000e+00]
 [ 2.33046338e-01 -6.99139014e-01  2.33046338e-01]
 [ 4.66092676e-01 -9.32185352e-01  4.66092676e-01]
 [ 6.99139014e-01 -1.16523169e+00  6.99139014e-01]
 [-2.33046338e-01 -6.99139014e-01  2.33046338e-01]
 [ 0.00000000e+00 -9.32185352e-01  4.66092676e-01]
 [ 2.33046338e-01 -1.16523169e+00  6.99139014e-01]
 [ 4.66092676e-01 -1.39827803e+00  9.32185352e-01]
 [-4.66092676e-01 -9.32185352e-01  4.66092676e-01]
 [-2.33046338e-01 -1.16523169e+00  6.99139014e-01]
 [ 0.00000000e+00 -1.39827803e+00  9.32185352e-01]
 [ 2.33046338e-01 -1.63132437e+00  1.16523169e+00]
 [ 0.00000000e+00  0.00000000e+00 -4.66092676e-01]
 [ 2.33046338e-01  2.33046338e-01 -6.99139014e-01]
 [ 4.66092676e-01  4.66092676e-01 -9.32185352e-01]
 [ 6.99139014e-01  6.99139014e-01 -1.16523169e+00]
 [-2.33046338e-01 -2.33046338e-01 -2.33046338e-01]
 [-4.66092676e-01 -4.66092676e-01  0.00000000e+00]
 [-6.99139014e-01 -6.99139014e-01  2.33046338e-01]
 [-2.33046338e-01  2.33046338e-01 -6.99139014e-01]
 [ 0.00000000e+00  4.66092676e-01 -9.32185352e-01]
 [ 2.33046338e-01  6.99139014e-01 -1.16523169e+00]
 [ 4.66092676e-01  9.32185352e-01 -1.39827803e+00]
 [-4.66092676e-01  0.00000000e+00 -4.66092676e-01]
 [-6.99139014e-01 -2.33046338e-01 -2.33046338e-01]
 [-9.32185352e-01 -4.66092676e-01 -2.77555756e-17]
 [-4.66092676e-01  4.66092676e-01 -9.32185352e-01]
 [-2.33046338e-01  6.99139014e-01 -1.16523169e+00]
 [ 0.00000000e+00  9.32185352e-01 -1.39827803e+00]
 [ 2.33046338e-01  1.16523169e+00 -1.63132437e+00]
 [-6.99139014e-01  2.33046338e-01 -6.99139014e-01]
 [-9.32185352e-01  0.00000000e+00 -4.66092676e-01]
 [-1.16523169e+00 -2.33046338e-01 -2.33046338e-01]
 [ 4.66092676e-01 -4.66092676e-01 -4.66092676e-01]
 [ 6.99139014e-01 -2.33046338e-01 -6.99139014e-01]
 [ 9.32185352e-01  0.00000000e+00 -9.32185352e-01]
 [ 1.16523169e+00  2.33046338e-01 -1.16523169e+00]
 [ 6.99139014e-01 -6.99139014e-01 -2.33046338e-01]
 [ 9.32185352e-01 -4.66092676e-01 -4.66092676e-01]
 [ 1.16523169e+00 -2.33046338e-01 -6.99139014e-01]
 [ 1.39827803e+00  0.00000000e+00 -9.32185352e-01]
 [ 9.32185352e-01 -9.32185352e-01  0.00000000e+00]
 [ 1.16523169e+00 -6.99139014e-01 -2.33046338e-01]
 [ 1.39827803e+00 -4.66092676e-01 -4.66092676e-01]
 [ 1.63132437e+00 -2.33046338e-01 -6.99139014e-01]
 [ 1.16523169e+00 -1.16523169e+00  2.33046338e-01]
 [ 1.39827803e+00 -9.32185352e-01  5.55111512e-17]
 [ 1.63132437e+00 -6.99139014e-01 -2.33046338e-01]
 [ 1.86437070e+00 -4.66092676e-01 -4.66092676e-01]
 [ 2.33046338e-01 -6.99139014e-01 -2.33046338e-01]
 [ 4.66092676e-01 -9.32185352e-01  0.00000000e+00]
 [ 6.99139014e-01 -1.16523169e+00  2.33046338e-01]
 [ 9.32185352e-01 -1.39827803e+00  4.66092676e-01]
 [ 0.00000000e+00 -9.32185352e-01  0.00000000e+00]
 [ 2.33046338e-01 -1.16523169e+00  2.33046338e-01]
 [ 4.66092676e-01 -1.39827803e+00  4.66092676e-01]
 [ 6.99139014e-01 -1.63132437e+00  6.99139014e-01]
 [-2.33046338e-01 -1.16523169e+00  2.33046338e-01]
 [ 0.00000000e+00 -1.39827803e+00  4.66092676e-01]
 [ 2.33046338e-01 -1.63132437e+00  6.99139014e-01]
 [ 4.66092676e-01 -1.86437070e+00  9.32185352e-01]
 [ 2.33046338e-01 -2.33046338e-01 -6.99139014e-01]
 [ 4.66092676e-01  0.00000000e+00 -9.32185352e-01]
 [ 6.99139014e-01  2.33046338e-01 -1.16523169e+00]
 [ 9.32185352e-01  4.66092676e-01 -1.39827803e+00]
 [ 0.00000000e+00 -4.66092676e-01 -4.66092676e-01]
 [-2.33046338e-01 -6.99139014e-01 -2.33046338e-01]
 [-4.66092676e-01 -9.32185352e-01 -2.77555756e-17]
 [ 0.00000000e+00  0.00000000e+00 -9.32185352e-01]
 [ 2.33046338e-01  2.33046338e-01 -1.16523169e+00]
 [ 4.66092676e-01  4.66092676e-01 -1.39827803e+00]
 [ 6.99139014e-01  6.99139014e-01 -1.63132437e+00]
 [-2.33046338e-01 -2.33046338e-01 -6.99139014e-01]
 [-4.66092676e-01 -4.66092676e-01 -4.66092676e-01]
 [-6.99139014e-01 -6.99139014e-01 -2.33046338e-01]
 [-2.33046338e-01  2.33046338e-01 -1.16523169e+00]
 [ 0.00000000e+00  4.66092676e-01 -1.39827803e+00]
 [ 2.33046338e-01  6.99139014e-01 -1.63132437e+00]
 [ 4.66092676e-01  9.32185352e-01 -1.86437070e+00]
 [-4.66092676e-01  0.00000000e+00 -9.32185352e-01]
 [-6.99139014e-01 -2.33046338e-01 -6.99139014e-01]
 [-9.32185352e-01 -4.66092676e-01 -4.66092676e-01]
 [ 6.99139014e-01 -6.99139014e-01 -6.99139014e-01]
 [ 9.32185352e-01 -4.66092676e-01 -9.32185352e-01]
 [ 1.16523169e+00 -2.33046338e-01 -1.16523169e+00]
 [ 1.39827803e+00  0.00000000e+00 -1.39827803e+00]
 [ 9.32185352e-01 -9.32185352e-01 -4.66092676e-01]
 [ 1.16523169e+00 -6.99139014e-01 -6.99139014e-01]
 [ 1.39827803e+00 -4.66092676e-01 -9.32185352e-01]
 [ 1.63132437e+00 -2.33046338e-01 -1.16523169e+00]
 [ 1.16523169e+00 -1.16523169e+00 -2.33046338e-01]
 [ 1.39827803e+00 -9.32185352e-01 -4.66092676e-01]
 [ 1.63132437e+00 -6.99139014e-01 -6.99139014e-01]
 [ 1.86437070e+00 -4.66092676e-01 -9.32185352e-01]
 [ 1.39827803e+00 -1.39827803e+00  0.00000000e+00]
 [ 1.63132437e+00 -1.16523169e+00 -2.33046338e-01]
 [ 1.86437070e+00 -9.32185352e-01 -4.66092676e-01]
 [ 2.09741704e+00 -6.99139014e-01 -6.99139014e-01]
 [ 4.66092676e-01 -9.32185352e-01 -4.66092676e-01]
 [ 6.99139014e-01 -1.16523169e+00 -2.33046338e-01]
 [ 9.32185352e-01 -1.39827803e+00 -5.55111512e-17]
 [ 1.16523169e+00 -1.63132437e+00  2.33046338e-01]
 [ 2.33046338e-01 -1.16523169e+00 -2.33046338e-01]
 [ 4.66092676e-01 -1.39827803e+00 -2.77555756e-17]
 [ 6.99139014e-01 -1.63132437e+00  2.33046338e-01]
 [ 9.32185352e-01 -1.86437070e+00  4.66092676e-01]
 [ 2.77555756e-17 -1.39827803e+00 -2.77555756e-17]
 [ 2.33046338e-01 -1.63132437e+00  2.33046338e-01]
 [ 4.66092676e-01 -1.86437070e+00  4.66092676e-01]
 [ 6.99139014e-01 -2.09741704e+00  6.99139014e-01]
 [ 4.66092676e-01 -4.66092676e-01 -9.32185352e-01]
 [ 6.99139014e-01 -2.33046338e-01 -1.16523169e+00]
 [ 9.32185352e-01 -5.55111512e-17 -1.39827803e+00]
 [ 1.16523169e+00  2.33046338e-01 -1.63132437e+00]
 [ 2.33046338e-01 -6.99139014e-01 -6.99139014e-01]
 [ 5.55111512e-17 -9.32185352e-01 -4.66092676e-01]
 [-2.33046338e-01 -1.16523169e+00 -2.33046338e-01]
 [ 2.33046338e-01 -2.33046338e-01 -1.16523169e+00]
 [ 4.66092676e-01 -2.77555756e-17 -1.39827803e+00]
 [ 6.99139014e-01  2.33046338e-01 -1.63132437e+00]
 [ 9.32185352e-01  4.66092676e-01 -1.86437070e+00]
 [ 2.77555756e-17 -4.66092676e-01 -9.32185352e-01]
 [-2.33046338e-01 -6.99139014e-01 -6.99139014e-01]
 [-4.66092676e-01 -9.32185352e-01 -4.66092676e-01]
 [ 2.77555756e-17 -2.77555756e-17 -1.39827803e+00]
 [ 2.33046338e-01  2.33046338e-01 -1.63132437e+00]
 [ 4.66092676e-01  4.66092676e-01 -1.86437070e+00]
 [ 6.99139014e-01  6.99139014e-01 -2.09741704e+00]
 [-2.33046338e-01 -2.33046338e-01 -1.16523169e+00]
 [-4.66092676e-01 -4.66092676e-01 -9.32185352e-01]
 [-6.99139014e-01 -6.99139014e-01 -6.99139014e-01]]
max_memory 64000 (MB)  blocksize 7339449
Cholesky decomposition for j2c at kpt 0
Symmetry pattern (k - [0. 0. 0.])*a= 2n pi
    make_kpt for uniq_kptji_ids [0]
kpt = [0. 0. 0.]
adapted_ji_idx = [   0    2    5    9   14   20   27   35   44   54   65   77   90  104
  119  135  152  170  189  209  230  252  275  299  324  350  377  405
  434  464  495  527  560  594  629  665  702  740  779  819  860  902
  945  989 1034 1080 1127 1175 1224 1274 1325 1377 1430 1484 1539 1595
 1652 1710 1769 1829 1890 1952 2015 2079]
memory = 0
int3c2e [1/1], AO [0:10], ncol = 351
Symmetry pattern (k + [0. 0. 0.])*a= 2n pi
    make_kpt for [0]
Cholesky decomposition for j2c at kpt 1
Symmetry pattern (k - [-0.23304634 -0.23304634  0.23304634])*a= 2n pi
    make_kpt for uniq_kptji_ids [1]
kpt = [-0.23304634 -0.23304634  0.23304634]
adapted_ji_idx = [   1    4    8   19   26   34   53   64   76  103  118  134  169  188
  208  251  274  298  349  376  404  463  494  526  593  628  664  739
  778  818  901  944  988 1079 1126 1174 1273 1324 1376 1483 1538 1594
 1709 1768 1828 1951 2014 2078]
memory = 0
int3c2e [1/1], AO [0:10], ncol = 676
Symmetry pattern (k + [-0.23304634 -0.23304634  0.23304634])*a= 2n pi
    make_kpt for [3]
kpt = [-0.69913901 -0.69913901  0.69913901]
adapted_ji_idx = [   6   32   74  132  206  296  402  524  662  816  986 1172 1374 1592
 1826 2076]
memory = 0
int3c2e [1/1], AO [0:10], ncol = 676
Cholesky decomposition for j2c at kpt 2
Symmetry pattern (k - [-0.46609268 -0.46609268  0.46609268])*a= 2n pi
    make_kpt for uniq_kptji_ids [2]
kpt = [-0.46609268 -0.46609268  0.46609268]
adapted_ji_idx = [   3    7   25   33   63   75  117  133  187  207  273  297  375  403
  493  525  627  663  777  817  943  987 1125 1173 1323 1375 1537 1593
 1767 1827 2013 2077]
memory = 0
int3c2e [1/1], AO [0:10], ncol = 676
Symmetry pattern (k + [-0.46609268 -0.46609268  0.46609268])*a= 2n pi
    make_kpt for [2]
Cholesky decomposition for j2c at kpt 4
Symmetry pattern (k - [-0.23304634  0.23304634 -0.23304634])*a= 2n pi
    make_kpt for uniq_kptji_ids [4]
kpt = [-0.23304634  0.23304634 -0.23304634]
adapted_ji_idx = [  10   16   23   31   40   50   61   73   86  100  115  131  226  248
  271  295  320  346  373  401  430  460  491  523  698  736  775  815
  856  898  941  985 1030 1076 1123 1171 1426 1480 1535 1591 1648 1706
 1765 1825 1886 1948 2011 2075]
memory = 0
int3c2e [1/1], AO [0:10], ncol = 676
Symmetry pattern (k + [-0.23304634  0.23304634 -0.23304634])*a= 2n pi
    make_kpt for [18]
kpt = [-0.69913901  0.69913901 -0.69913901]
adapted_ji_idx = [  78   92  107  123  422  452  483  515 1022 1068 1115 1163 1878 1940
 2003 2067]
memory = 0
int3c2e [1/1], AO [0:10], ncol = 676
Cholesky decomposition for j2c at kpt 5
Symmetry pattern (k - [ 0.          0.46609268 -0.46609268])*a= 2n pi
    make_kpt for uniq_kptji_ids [ 5 10]
kpt = [ 0.          0.46609268 -0.46609268]
adapted_ji_idx = [  11   17   24   41   51   62   87  101  116  227  249  272  321  347
  374  431  461  492  699  737  776  857  899  942 1031 1077 1124 1427
 1481 1536 1649 1707 1766 1887 1949 2012]
memory = 0
int3c2e [1/1], AO [0:10], ncol = 676
kpt = [-0.93218535 -0.46609268  0.46609268]
adapted_ji_idx = [  28   70  128  292  398  520  812  982 1168 1588 1822 2072]
memory = 0
int3c2e [1/1], AO [0:10], ncol = 676
Symmetry pattern (k + [ 0.          0.46609268 -0.46609268])*a= 2n pi
    make_kpt for [21 22]
kpt = [ 0.          1.39827803 -1.39827803]
adapted_ji_idx = [  81  425 1025 1881]
memory = 0
int3c2e [1/1], AO [0:10], ncol = 676
kpt = [-0.93218535  0.46609268 -0.46609268]
adapted_ji_idx = [  91  106  122  451  482  514 1067 1114 1162 1939 2002 2066]
memory = 0
int3c2e [1/1], AO [0:10], ncol = 676
Cholesky decomposition for j2c at kpt 6
Symmetry pattern (k - [ 0.23304634  0.69913901 -0.69913901])*a= 2n pi
    make_kpt for uniq_kptji_ids [6 9]
kpt = [ 0.23304634  0.69913901 -0.69913901]
adapted_ji_idx = [  12   18   42   52   88  102  228  250  322  348  432  462  700  738
  858  900 1032 1078 1428 1482 1650 1708 1888 1950]
memory = 0
int3c2e [1/1], AO [0:10], ncol = 676
kpt = [-0.69913901 -0.23304634  0.23304634]
adapted_ji_idx = [  21   29   59   71  113  129  269  293  371  399  489  521  773  813
  939  983 1121 1169 1533 1589 1763 1823 2009 2073]
memory = 0
int3c2e [1/1], AO [0:10], ncol = 676
Symmetry pattern (k + [ 0.23304634  0.69913901 -0.69913901])*a= 2n pi
    make_kpt for [20 23]
kpt = [-0.23304634  1.16523169 -1.16523169]
adapted_ji_idx = [  80   94  424  454 1024 1070 1880 1942]
memory = 0
int3c2e [1/1], AO [0:10], ncol = 676
kpt = [-1.16523169  0.23304634 -0.23304634]
adapted_ji_idx = [ 105  121  481  513 1113 1161 2001 2065]
memory = 0
int3c2e [1/1], AO [0:10], ncol = 676
Cholesky decomposition for j2c at kpt 7
Symmetry pattern (k - [ 0.46609268  0.93218535 -0.93218535])*a= 2n pi
    make_kpt for uniq_kptji_ids [7 8]
kpt = [ 0.46609268  0.93218535 -0.93218535]
adapted_ji_idx = [  13   43   89  229  323  433  701  859 1033 1429 1651 1889]
memory = 0
int3c2e [1/1], AO [0:10], ncol = 676
kpt = [-0.46609268  0.          0.        ]
adapted_ji_idx = [  15   22   30   49   60   72   99  114  130  247  270  294  345  372
  400  459  490  522  735  774  814  897  940  984 1075 1122 1170 1479
 1534 1590 1705 1764 1824 1947 2010 2074]
memory = 0
int3c2e [1/1], AO [0:10], ncol = 676
Symmetry pattern (k + [ 0.46609268  0.93218535 -0.93218535])*a= 2n pi
    make_kpt for [19 24]
kpt = [-0.46609268  0.93218535 -0.93218535]
adapted_ji_idx = [  79   93  108  423  453  484 1023 1069 1116 1879 1941 2004]
memory = 0
int3c2e [1/1], AO [0:10], ncol = 676
kpt = [-1.39827803e+00  2.77555756e-17 -2.77555756e-17]
adapted_ji_idx = [ 120  512 1160 2064]
memory = 0
int3c2e [1/1], AO [0:10], ncol = 676
Cholesky decomposition for j2c at kpt 11
Symmetry pattern (k - [-0.46609268  0.46609268 -0.46609268])*a= 2n pi
    make_kpt for uniq_kptji_ids [11]
kpt = [-0.46609268  0.46609268 -0.46609268]
adapted_ji_idx = [  36   46   57   69   82   96  111  127  316  342  369  397  426  456
  487  519  852  894  937  981 1026 1072 1119 1167 1644 1702 1761 1821
 1882 1944 2007 2071]
memory = 0
int3c2e [1/1], AO [0:10], ncol = 676
Symmetry pattern (k + [-0.46609268  0.46609268 -0.46609268])*a= 2n pi
    make_kpt for [11]
Cholesky decomposition for j2c at kpt 12
Symmetry pattern (k - [-0.23304634  0.69913901 -0.69913901])*a= 2n pi
    make_kpt for uniq_kptji_ids [12 17]
kpt = [-0.23304634  0.69913901 -0.69913901]
adapted_ji_idx = [  37   47   58   83   97  112  317  343  370  427  457  488  853  895
  938 1027 1073 1120 1645 1703 1762 1883 1945 2008]
memory = 0
int3c2e [1/1], AO [0:10], ncol = 676
kpt = [-1.16523169 -0.23304634  0.23304634]
adapted_ji_idx = [  66  124  394  516  978 1164 1818 2068]
memory = 0
int3c2e [1/1], AO [0:10], ncol = 676
Symmetry pattern (k + [-0.23304634  0.69913901 -0.69913901])*a= 2n pi
    make_kpt for [14 15]
kpt = [ 0.23304634  1.16523169 -1.16523169]
adapted_ji_idx = [  39   85  319  429  855 1029 1647 1885]
memory = 0
int3c2e [1/1], AO [0:10], ncol = 676
kpt = [-0.69913901  0.23304634 -0.23304634]
adapted_ji_idx = [  45   56   68   95  110  126  341  368  396  455  486  518  893  936
  980 1071 1118 1166 1701 1760 1820 1943 2006 2070]
memory = 0
int3c2e [1/1], AO [0:10], ncol = 676
Cholesky decomposition for j2c at kpt 13
Symmetry pattern (k - [ 0.          0.93218535 -0.93218535])*a= 2n pi
    make_kpt for uniq_kptji_ids [13 16]
kpt = [ 0.          0.93218535 -0.93218535]
adapted_ji_idx = [  38   48   84   98  318  344  428  458  854  896 1028 1074 1646 1704
 1884 1946]
memory = 0
int3c2e [1/1], AO [0:10], ncol = 676
kpt = [-0.93218535  0.          0.        ]
adapted_ji_idx = [  55   67  109  125  367  395  485  517  935  979 1117 1165 1759 1819
 2005 2069]
memory = 0
int3c2e [1/1], AO [0:10], ncol = 676
Symmetry pattern (k + [ 0.          0.93218535 -0.93218535])*a= 2n pi
    make_kpt for [13 16]
Cholesky decomposition for j2c at kpt 25
Symmetry pattern (k - [ 0.23304634 -0.23304634 -0.23304634])*a= 2n pi
    make_kpt for uniq_kptji_ids [25]
kpt = [ 0.23304634 -0.23304634 -0.23304634]
adapted_ji_idx = [ 136  154  173  193  214  236  259  283  308  334  361  389  418  448
  479  511  544  578  613  649  686  724  763  803  844  886  929  973
 1018 1064 1111 1159 1208 1258 1309 1361 1414 1468 1523 1579 1636 1694
 1753 1813 1874 1936 1999 2063]
memory = 0
int3c2e [1/1], AO [0:10], ncol = 676
Symmetry pattern (k + [ 0.23304634 -0.23304634 -0.23304634])*a= 2n pi
    make_kpt for [123]
kpt = [ 0.69913901 -0.69913901 -0.69913901]
adapted_ji_idx = [1176 1226 1277 1329 1382 1436 1491 1547 1604 1662 1721 1781 1842 1904
 1967 2031]
memory = 0
int3c2e [1/1], AO [0:10], ncol = 676
Cholesky decomposition for j2c at kpt 26
Symmetry pattern (k - [ 0.46609268  0.         -0.46609268])*a= 2n pi
    make_kpt for uniq_kptji_ids [26 49]
kpt = [ 0.46609268  0.         -0.46609268]
adapted_ji_idx = [ 137  155  174  215  237  260  309  335  362  419  449  480  545  579
  614  687  725  764  845  887  930 1019 1065 1112 1209 1259 1310 1415
 1469 1524 1637 1695 1754 1875 1937 2000]
memory = 0
int3c2e [1/1], AO [0:10], ncol = 676
kpt = [-0.46609268 -0.93218535  0.46609268]
adapted_ji_idx = [ 190  280  386  508  646  800  970 1156 1358 1576 1810 2060]
memory = 0
int3c2e [1/1], AO [0:10], ncol = 676
Symmetry pattern (k + [ 0.46609268  0.         -0.46609268])*a= 2n pi
    make_kpt for [126 139]
kpt = [ 1.39827803  0.         -1.39827803]
adapted_ji_idx = [1179 1385 1607 1845]
memory = 0
int3c2e [1/1], AO [0:10], ncol = 676
kpt = [ 0.46609268 -0.93218535 -0.46609268]
adapted_ji_idx = [1225 1276 1328 1435 1490 1546 1661 1720 1780 1903 1966 2030]
memory = 0
int3c2e [1/1], AO [0:10], ncol = 676
Cholesky decomposition for j2c at kpt 27
Symmetry pattern (k - [ 0.69913901  0.23304634 -0.69913901])*a= 2n pi
    make_kpt for uniq_kptji_ids [27 45]
kpt = [ 0.69913901  0.23304634 -0.69913901]
adapted_ji_idx = [ 138  156  216  238  310  336  420  450  546  580  688  726  846  888
 1020 1066 1210 1260 1416 1470 1638 1696 1876 1938]
memory = 0
int3c2e [1/1], AO [0:10], ncol = 676
kpt = [-0.23304634 -0.69913901  0.23304634]
adapted_ji_idx = [ 171  191  257  281  359  387  477  509  611  647  761  801  927  971
 1109 1157 1307 1359 1521 1577 1751 1811 1997 2061]
memory = 0
int3c2e [1/1], AO [0:10], ncol = 676
Symmetry pattern (k + [ 0.69913901  0.23304634 -0.69913901])*a= 2n pi
    make_kpt for [125 143]
kpt = [ 1.16523169 -0.23304634 -1.16523169]
adapted_ji_idx = [1178 1228 1384 1438 1606 1664 1844 1906]
memory = 0
int3c2e [1/1], AO [0:10], ncol = 676
kpt = [ 0.23304634 -1.16523169 -0.23304634]
adapted_ji_idx = [1275 1327 1489 1545 1719 1779 1965 2029]
memory = 0
int3c2e [1/1], AO [0:10], ncol = 676
Cholesky decomposition for j2c at kpt 28
Symmetry pattern (k - [ 0.93218535  0.46609268 -0.93218535])*a= 2n pi
    make_kpt for uniq_kptji_ids [28 41]
kpt = [ 0.93218535  0.46609268 -0.93218535]
adapted_ji_idx = [ 139  217  311  421  547  689  847 1021 1211 1417 1639 1877]
memory = 0
int3c2e [1/1], AO [0:10], ncol = 676
kpt = [ 0.         -0.46609268  0.        ]
adapted_ji_idx = [ 153  172  192  235  258  282  333  360  388  447  478  510  577  612
  648  723  762  802  885  928  972 1063 1110 1158 1257 1308 1360 1467
 1522 1578 1693 1752 1812 1935 1998 2062]
memory = 0
int3c2e [1/1], AO [0:10], ncol = 676
Symmetry pattern (k + [ 0.93218535  0.46609268 -0.93218535])*a= 2n pi
    make_kpt for [124 147]
kpt = [ 0.93218535 -0.46609268 -0.93218535]
adapted_ji_idx = [1177 1227 1278 1383 1437 1492 1605 1663 1722 1843 1905 1968]
memory = 0
int3c2e [1/1], AO [0:10], ncol = 676
kpt = [ 2.77555756e-17 -1.39827803e+00 -2.77555756e-17]
adapted_ji_idx = [1326 1544 1778 2028]
memory = 0
int3c2e [1/1], AO [0:10], ncol = 676
Cholesky decomposition for j2c at kpt 29
Symmetry pattern (k - [ 0.46609268 -0.46609268  0.        ])*a= 2n pi
    make_kpt for uniq_kptji_ids [29 67]
kpt = [ 0.46609268 -0.46609268  0.        ]
adapted_ji_idx = [ 140  158  177  197  218  240  263  287  312  338  365  393  548  582
  617  653  690  728  767  807  848  890  933  977 1212 1262 1313 1365
 1418 1472 1527 1583 1640 1698 1757 1817]
memory = 0
int3c2e [1/1], AO [0:10], ncol = 676
kpt = [-0.46609268  0.46609268 -0.93218535]
adapted_ji_idx = [ 406  436  467  499 1006 1052 1099 1147 1862 1924 1987 2051]
memory = 0
int3c2e [1/1], AO [0:10], ncol = 676
Symmetry pattern (k + [ 0.46609268 -0.46609268  0.        ])*a= 2n pi
    make_kpt for [135 151]
kpt = [ 1.39827803 -1.39827803  0.        ]
adapted_ji_idx = [1188 1238 1289 1341]
memory = 0
int3c2e [1/1], AO [0:10], ncol = 676
kpt = [ 0.46609268 -0.46609268 -0.93218535]
adapted_ji_idx = [1378 1432 1487 1543 1600 1658 1717 1777 1838 1900 1963 2027]
memory = 0
int3c2e [1/1], AO [0:10], ncol = 676
Cholesky decomposition for j2c at kpt 30
Symmetry pattern (k - [ 0.69913901 -0.23304634 -0.23304634])*a= 2n pi
    make_kpt for uniq_kptji_ids [30 50 68 73]
kpt = [ 0.69913901 -0.23304634 -0.23304634]
adapted_ji_idx = [ 141  159  178  219  241  264  313  339  366  549  583  618  691  729
  768  849  891  934 1213 1263 1314 1419 1473 1528 1641 1699 1758]
memory = 0
int3c2e [1/1], AO [0:10], ncol = 676
kpt = [-0.23304634 -1.16523169  0.69913901]
adapted_ji_idx = [ 194  284  390  650  804  974 1362 1580 1814]
memory = 0
int3c2e [1/1], AO [0:10], ncol = 676
kpt = [-0.23304634  0.69913901 -1.16523169]
adapted_ji_idx = [ 407  437  468 1007 1053 1100 1863 1925 1988]
memory = 0
int3c2e [1/1], AO [0:10], ncol = 676
kpt = [-1.16523169 -0.23304634 -0.23304634]
adapted_ji_idx = [ 496 1144 2048]
memory = 0
int3c2e [1/1], AO [0:10], ncol = 676
Symmetry pattern (k + [ 0.69913901 -0.23304634 -0.23304634])*a= 2n pi
    make_kpt for [138 142 154 155]
kpt = [ 2.09741704 -0.69913901 -0.69913901]
adapted_ji_idx = [1191]
memory = 0
int3c2e [1/1], AO [0:10], ncol = 676
kpt = [ 1.16523169 -1.63132437  0.23304634]
adapted_ji_idx = [1237 1288 1340]
memory = 0
int3c2e [1/1], AO [0:10], ncol = 676
kpt = [ 1.16523169  0.23304634 -1.63132437]
adapted_ji_idx = [1381 1603 1841]
memory = 0
int3c2e [1/1], AO [0:10], ncol = 676
kpt = [ 0.23304634 -0.69913901 -0.69913901]
adapted_ji_idx = [1431 1486 1542 1657 1716 1776 1899 1962 2026]
memory = 0
int3c2e [1/1], AO [0:10], ncol = 676
Cholesky decomposition for j2c at kpt 31
Symmetry pattern (k - [ 0.93218535  0.         -0.46609268])*a= 2n pi
    make_kpt for uniq_kptji_ids [31 46 69 72]
kpt = [ 0.93218535  0.         -0.46609268]
adapted_ji_idx = [ 142  160  220  242  314  340  550  584  692  730  850  892 1214 1264
 1420 1474 1642 1700]
memory = 0
int3c2e [1/1], AO [0:10], ncol = 676
kpt = [ 0.         -0.93218535  0.46609268]
adapted_ji_idx = [ 175  195  261  285  363  391  615  651  765  805  931  975 1311 1363
 1525 1581 1755 1815]
memory = 0
int3c2e [1/1], AO [0:10], ncol = 676
kpt = [ 0.          0.93218535 -1.39827803]
adapted_ji_idx = [ 408  438 1008 1054 1864 1926]
memory = 0
int3c2e [1/1], AO [0:10], ncol = 676
kpt = [-0.93218535  0.         -0.46609268]
adapted_ji_idx = [ 465  497 1097 1145 1985 2049]
memory = 0
int3c2e [1/1], AO [0:10], ncol = 676
Symmetry pattern (k + [ 0.93218535  0.         -0.46609268])*a= 2n pi
    make_kpt for [137 146 153 156]
kpt = [ 1.8643707  -0.93218535 -0.46609268]
adapted_ji_idx = [1190 1240]
memory = 0
int3c2e [1/1], AO [0:10], ncol = 676
kpt = [ 0.93218535 -1.8643707   0.46609268]
adapted_ji_idx = [1287 1339]
memory = 0
int3c2e [1/1], AO [0:10], ncol = 676
kpt = [ 9.32185352e-01 -5.55111512e-17 -1.39827803e+00]
adapted_ji_idx = [1380 1434 1602 1660 1840 1902]
memory = 0
int3c2e [1/1], AO [0:10], ncol = 676
kpt = [ 5.55111512e-17 -9.32185352e-01 -4.66092676e-01]
adapted_ji_idx = [1485 1541 1715 1775 1961 2025]
memory = 0
int3c2e [1/1], AO [0:10], ncol = 676
Cholesky decomposition for j2c at kpt 32
Symmetry pattern (k - [ 1.16523169  0.23304634 -0.69913901])*a= 2n pi
    make_kpt for uniq_kptji_ids [32 42 70 71]
kpt = [ 1.16523169  0.23304634 -0.69913901]
adapted_ji_idx = [ 143  221  315  551  693  851 1215 1421 1643]
memory = 0
int3c2e [1/1], AO [0:10], ncol = 676
kpt = [ 0.23304634 -0.69913901  0.23304634]
adapted_ji_idx = [ 157  176  196  239  262  286  337  364  392  581  616  652  727  766
  806  889  932  976 1261 1312 1364 1471 1526 1582 1697 1756 1816]
memory = 0
int3c2e [1/1], AO [0:10], ncol = 676
kpt = [ 0.23304634  1.16523169 -1.63132437]
adapted_ji_idx = [ 409 1009 1865]
memory = 0
int3c2e [1/1], AO [0:10], ncol = 676
kpt = [-0.69913901  0.23304634 -0.69913901]
adapted_ji_idx = [ 435  466  498 1051 1098 1146 1923 1986 2050]
memory = 0
int3c2e [1/1], AO [0:10], ncol = 676
Symmetry pattern (k + [ 1.16523169  0.23304634 -0.69913901])*a= 2n pi
    make_kpt for [136 150 152 157]
kpt = [ 1.63132437 -1.16523169 -0.23304634]
adapted_ji_idx = [1189 1239 1290]
memory = 0
int3c2e [1/1], AO [0:10], ncol = 676
kpt = [ 0.69913901 -2.09741704  0.69913901]
adapted_ji_idx = [1338]
memory = 0
int3c2e [1/1], AO [0:10], ncol = 676
kpt = [ 0.69913901 -0.23304634 -1.16523169]
adapted_ji_idx = [1379 1433 1488 1601 1659 1718 1839 1901 1964]
memory = 0
int3c2e [1/1], AO [0:10], ncol = 676
kpt = [-0.23304634 -1.16523169 -0.23304634]
adapted_ji_idx = [1540 1774 2024]
memory = 0
int3c2e [1/1], AO [0:10], ncol = 676
Cholesky decomposition for j2c at kpt 33
Symmetry pattern (k - [ 0.69913901 -0.69913901  0.23304634])*a= 2n pi
    make_kpt for uniq_kptji_ids [33 60]
kpt = [ 0.69913901 -0.69913901  0.23304634]
adapted_ji_idx = [ 144  162  181  201  222  244  267  291  552  586  621  657  694  732
  771  811 1216 1266 1317 1369 1422 1476 1531 1587]
memory = 0
int3c2e [1/1], AO [0:10], ncol = 676
kpt = [-0.23304634  0.23304634 -0.69913901]
adapted_ji_idx = [ 300  326  353  381  410  440  471  503  836  878  921  965 1010 1056
 1103 1151 1628 1686 1745 1805 1866 1928 1991 2055]
memory = 0
int3c2e [1/1], AO [0:10], ncol = 676
Symmetry pattern (k + [ 0.69913901 -0.69913901  0.23304634])*a= 2n pi
    make_kpt for [131 158]
kpt = [ 1.16523169 -1.16523169 -0.23304634]
adapted_ji_idx = [1184 1234 1285 1337 1390 1444 1499 1555]
memory = 0
int3c2e [1/1], AO [0:10], ncol = 676
kpt = [ 0.23304634 -0.23304634 -1.16523169]
adapted_ji_idx = [1596 1654 1713 1773 1834 1896 1959 2023]
memory = 0
int3c2e [1/1], AO [0:10], ncol = 676
Cholesky decomposition for j2c at kpt 34
Symmetry pattern (k - [ 0.93218535 -0.46609268  0.        ])*a= 2n pi
    make_kpt for uniq_kptji_ids [34 51 61 66]
kpt = [ 0.93218535 -0.46609268  0.        ]
adapted_ji_idx = [ 145  163  182  223  245  268  553  587  622  695  733  772 1217 1267
 1318 1423 1477 1532]
memory = 0
int3c2e [1/1], AO [0:10], ncol = 676
kpt = [ 0.         -1.39827803  0.93218535]
adapted_ji_idx = [ 198  288  654  808 1366 1584]
memory = 0
int3c2e [1/1], AO [0:10], ncol = 676
kpt = [ 0.          0.46609268 -0.93218535]
adapted_ji_idx = [ 301  327  354  411  441  472  837  879  922 1011 1057 1104 1629 1687
 1746 1867 1929 1992]
memory = 0
int3c2e [1/1], AO [0:10], ncol = 676
kpt = [-9.32185352e-01 -4.66092676e-01 -2.77555756e-17]
adapted_ji_idx = [ 378  500  962 1148 1802 2052]
memory = 0
int3c2e [1/1], AO [0:10], ncol = 676
Symmetry pattern (k + [ 0.93218535 -0.46609268  0.        ])*a= 2n pi
    make_kpt for [134 141 161 162]
kpt = [ 1.8643707  -0.46609268 -0.93218535]
adapted_ji_idx = [1187 1393]
memory = 0
int3c2e [1/1], AO [0:10], ncol = 676
kpt = [ 9.32185352e-01 -1.39827803e+00 -5.55111512e-17]
adapted_ji_idx = [1233 1284 1336 1443 1498 1554]
memory = 0
int3c2e [1/1], AO [0:10], ncol = 676
kpt = [ 0.93218535  0.46609268 -1.8643707 ]
adapted_ji_idx = [1599 1837]
memory = 0
int3c2e [1/1], AO [0:10], ncol = 676
kpt = [ 2.77555756e-17 -4.66092676e-01 -9.32185352e-01]
adapted_ji_idx = [1653 1712 1772 1895 1958 2022]
memory = 0
int3c2e [1/1], AO [0:10], ncol = 676
Cholesky decomposition for j2c at kpt 35
Symmetry pattern (k - [ 1.16523169 -0.23304634 -0.23304634])*a= 2n pi
    make_kpt for uniq_kptji_ids [35 47 62 65]
kpt = [ 1.16523169 -0.23304634 -0.23304634]
adapted_ji_idx = [ 146  164  224  246  554  588  696  734 1218 1268 1424 1478]
memory = 0
int3c2e [1/1], AO [0:10], ncol = 676
kpt = [ 0.23304634 -1.16523169  0.69913901]
adapted_ji_idx = [ 179  199  265  289  619  655  769  809 1315 1367 1529 1585]
memory = 0
int3c2e [1/1], AO [0:10], ncol = 676
kpt = [ 0.23304634  0.69913901 -1.16523169]
adapted_ji_idx = [ 302  328  412  442  838  880 1012 1058 1630 1688 1868 1930]
memory = 0
int3c2e [1/1], AO [0:10], ncol = 676
kpt = [-0.69913901 -0.23304634 -0.23304634]
adapted_ji_idx = [ 351  379  469  501  919  963 1101 1149 1743 1803 1989 2053]
memory = 0
int3c2e [1/1], AO [0:10], ncol = 676
Symmetry pattern (k + [ 1.16523169 -0.23304634 -0.23304634])*a= 2n pi
    make_kpt for [133 145 160 163]
kpt = [ 1.63132437 -0.69913901 -0.69913901]
adapted_ji_idx = [1186 1236 1392 1446]
memory = 0
int3c2e [1/1], AO [0:10], ncol = 676
kpt = [ 0.69913901 -1.63132437  0.23304634]
adapted_ji_idx = [1283 1335 1497 1553]
memory = 0
int3c2e [1/1], AO [0:10], ncol = 676
kpt = [ 0.69913901  0.23304634 -1.63132437]
adapted_ji_idx = [1598 1656 1836 1898]
memory = 0
int3c2e [1/1], AO [0:10], ncol = 676
kpt = [-0.23304634 -0.69913901 -0.69913901]
adapted_ji_idx = [1711 1771 1957 2021]
memory = 0
int3c2e [1/1], AO [0:10], ncol = 676
Cholesky decomposition for j2c at kpt 36
Symmetry pattern (k - [ 1.39827803  0.         -0.46609268])*a= 2n pi
    make_kpt for uniq_kptji_ids [36 43 63 64]
kpt = [ 1.39827803  0.         -0.46609268]
adapted_ji_idx = [ 147  225  555  697 1219 1425]
memory = 0
int3c2e [1/1], AO [0:10], ncol = 676
kpt = [ 0.46609268 -0.93218535  0.46609268]
adapted_ji_idx = [ 161  180  200  243  266  290  585  620  656  731  770  810 1265 1316
 1368 1475 1530 1586]
memory = 0
int3c2e [1/1], AO [0:10], ncol = 676
kpt = [ 0.46609268  0.93218535 -1.39827803]
adapted_ji_idx = [ 303  413  839 1013 1631 1869]
memory = 0
int3c2e [1/1], AO [0:10], ncol = 676
kpt = [-0.46609268  0.         -0.46609268]
adapted_ji_idx = [ 325  352  380  439  470  502  877  920  964 1055 1102 1150 1685 1744
 1804 1927 1990 2054]
memory = 0
int3c2e [1/1], AO [0:10], ncol = 676
Symmetry pattern (k + [ 1.39827803  0.         -0.46609268])*a= 2n pi
    make_kpt for [132 149 159 164]
kpt = [ 1.39827803 -0.93218535 -0.46609268]
adapted_ji_idx = [1185 1235 1286 1391 1445 1500]
memory = 0
int3c2e [1/1], AO [0:10], ncol = 676
kpt = [ 0.46609268 -1.8643707   0.46609268]
adapted_ji_idx = [1334 1552]
memory = 0
int3c2e [1/1], AO [0:10], ncol = 676
kpt = [ 4.66092676e-01 -2.77555756e-17 -1.39827803e+00]
adapted_ji_idx = [1597 1655 1714 1835 1897 1960]
memory = 0
int3c2e [1/1], AO [0:10], ncol = 676
kpt = [-0.46609268 -0.93218535 -0.46609268]
adapted_ji_idx = [1770 2020]
memory = 0
int3c2e [1/1], AO [0:10], ncol = 676
Cholesky decomposition for j2c at kpt 37
Symmetry pattern (k - [ 0.93218535 -0.93218535  0.46609268])*a= 2n pi
    make_kpt for uniq_kptji_ids [37 53]
kpt = [ 0.93218535 -0.93218535  0.46609268]
adapted_ji_idx = [ 148  166  185  205  556  590  625  661 1220 1270 1321 1373]
memory = 0
int3c2e [1/1], AO [0:10], ncol = 676
kpt = [ 0.          0.         -0.46609268]
adapted_ji_idx = [ 210  232  255  279  304  330  357  385  414  444  475  507  682  720
  759  799  840  882  925  969 1014 1060 1107 1155 1410 1464 1519 1575
 1632 1690 1749 1809 1870 1932 1995 2059]
memory = 0
int3c2e [1/1], AO [0:10], ncol = 676
Symmetry pattern (k + [ 0.93218535 -0.93218535  0.46609268])*a= 2n pi
    make_kpt for [127 165]
kpt = [ 0.93218535 -0.93218535 -0.46609268]
adapted_ji_idx = [1180 1230 1281 1333 1386 1440 1495 1551 1608 1666 1725 1785]
memory = 0
int3c2e [1/1], AO [0:10], ncol = 676
kpt = [ 2.77555756e-17 -2.77555756e-17 -1.39827803e+00]
adapted_ji_idx = [1830 1892 1955 2019]
memory = 0
int3c2e [1/1], AO [0:10], ncol = 676
Cholesky decomposition for j2c at kpt 38
Symmetry pattern (k - [ 1.16523169 -0.69913901  0.23304634])*a= 2n pi
    make_kpt for uniq_kptji_ids [38 52 54 59]
kpt = [ 1.16523169 -0.69913901  0.23304634]
adapted_ji_idx = [ 149  167  186  557  591  626 1221 1271 1322]
memory = 0
int3c2e [1/1], AO [0:10], ncol = 676
kpt = [ 0.23304634 -1.63132437  1.16523169]
adapted_ji_idx = [ 202  658 1370]
memory = 0
int3c2e [1/1], AO [0:10], ncol = 676
kpt = [ 0.23304634  0.23304634 -0.69913901]
adapted_ji_idx = [ 211  233  256  305  331  358  415  445  476  683  721  760  841  883
  926 1015 1061 1108 1411 1465 1520 1633 1691 1750 1871 1933 1996]
memory = 0
int3c2e [1/1], AO [0:10], ncol = 676
kpt = [-0.69913901 -0.69913901  0.23304634]
adapted_ji_idx = [ 276  382  504  796  966 1152 1572 1806 2056]
memory = 0
int3c2e [1/1], AO [0:10], ncol = 676
Symmetry pattern (k + [ 1.16523169 -0.69913901  0.23304634])*a= 2n pi
    make_kpt for [130 140 168 169]
kpt = [ 1.63132437 -0.23304634 -1.16523169]
adapted_ji_idx = [1183 1389 1611]
memory = 0
int3c2e [1/1], AO [0:10], ncol = 676
kpt = [ 0.69913901 -1.16523169 -0.23304634]
adapted_ji_idx = [1229 1280 1332 1439 1494 1550 1665 1724 1784]
memory = 0
int3c2e [1/1], AO [0:10], ncol = 676
kpt = [ 0.69913901  0.69913901 -2.09741704]
adapted_ji_idx = [1833]
memory = 0
int3c2e [1/1], AO [0:10], ncol = 676
kpt = [-0.23304634 -0.23304634 -1.16523169]
adapted_ji_idx = [1891 1954 2018]
memory = 0
int3c2e [1/1], AO [0:10], ncol = 676
Cholesky decomposition for j2c at kpt 39
Symmetry pattern (k - [ 1.39827803e+00 -4.66092676e-01  2.77555756e-17])*a= 2n pi
    make_kpt for uniq_kptji_ids [39 48 55 58]
kpt = [ 1.39827803e+00 -4.66092676e-01  2.77555756e-17]
adapted_ji_idx = [ 150  168  558  592 1222 1272]
memory = 0
int3c2e [1/1], AO [0:10], ncol = 676
kpt = [ 0.46609268 -1.39827803  0.93218535]
adapted_ji_idx = [ 183  203  623  659 1319 1371]
memory = 0
int3c2e [1/1], AO [0:10], ncol = 676
kpt = [ 0.46609268  0.46609268 -0.93218535]
adapted_ji_idx = [ 212  234  306  332  416  446  684  722  842  884 1016 1062 1412 1466
 1634 1692 1872 1934]
memory = 0
int3c2e [1/1], AO [0:10], ncol = 676
kpt = [-0.46609268 -0.46609268  0.        ]
adapted_ji_idx = [ 253  277  355  383  473  505  757  797  923  967 1105 1153 1517 1573
 1747 1807 1993 2057]
memory = 0
int3c2e [1/1], AO [0:10], ncol = 676
Symmetry pattern (k + [ 1.39827803e+00 -4.66092676e-01  2.77555756e-17])*a= 2n pi
    make_kpt for [129 144 167 170]
kpt = [ 1.39827803 -0.46609268 -0.93218535]
adapted_ji_idx = [1182 1232 1388 1442 1610 1668]
memory = 0
int3c2e [1/1], AO [0:10], ncol = 676
kpt = [ 4.66092676e-01 -1.39827803e+00 -2.77555756e-17]
adapted_ji_idx = [1279 1331 1493 1549 1723 1783]
memory = 0
int3c2e [1/1], AO [0:10], ncol = 676
kpt = [ 0.46609268  0.46609268 -1.8643707 ]
adapted_ji_idx = [1832 1894]
memory = 0
int3c2e [1/1], AO [0:10], ncol = 676
kpt = [-0.46609268 -0.46609268 -0.93218535]
adapted_ji_idx = [1953 2017]
memory = 0
int3c2e [1/1], AO [0:10], ncol = 676
Cholesky decomposition for j2c at kpt 40
Symmetry pattern (k - [ 1.63132437 -0.23304634 -0.23304634])*a= 2n pi
    make_kpt for uniq_kptji_ids [40 44 56 57]
kpt = [ 1.63132437 -0.23304634 -0.23304634]
adapted_ji_idx = [ 151  559 1223]
memory = 0
int3c2e [1/1], AO [0:10], ncol = 676
kpt = [ 0.69913901 -1.16523169  0.69913901]
adapted_ji_idx = [ 165  184  204  589  624  660 1269 1320 1372]
memory = 0
int3c2e [1/1], AO [0:10], ncol = 676
kpt = [ 0.69913901  0.69913901 -1.16523169]
adapted_ji_idx = [ 213  307  417  685  843 1017 1413 1635 1873]
memory = 0
int3c2e [1/1], AO [0:10], ncol = 676
kpt = [-0.23304634 -0.23304634 -0.23304634]
adapted_ji_idx = [ 231  254  278  329  356  384  443  474  506  719  758  798  881  924
  968 1059 1106 1154 1463 1518 1574 1689 1748 1808 1931 1994 2058]
memory = 0
int3c2e [1/1], AO [0:10], ncol = 676
Symmetry pattern (k + [ 1.63132437 -0.23304634 -0.23304634])*a= 2n pi
    make_kpt for [128 148 166 171]
kpt = [ 1.16523169 -0.69913901 -0.69913901]
adapted_ji_idx = [1181 1231 1282 1387 1441 1496 1609 1667 1726]
memory = 0
int3c2e [1/1], AO [0:10], ncol = 676
kpt = [ 0.23304634 -1.63132437  0.23304634]
adapted_ji_idx = [1330 1548 1782]
memory = 0
int3c2e [1/1], AO [0:10], ncol = 676
kpt = [ 0.23304634  0.23304634 -1.63132437]
adapted_ji_idx = [1831 1893 1956]
memory = 0
int3c2e [1/1], AO [0:10], ncol = 676
kpt = [-0.69913901 -0.69913901 -0.69913901]
adapted_ji_idx = [2016]
memory = 0
int3c2e [1/1], AO [0:10], ncol = 676
Cholesky decomposition for j2c at kpt 74
Symmetry pattern (k - [ 0.46609268 -0.46609268 -0.46609268])*a= 2n pi
    make_kpt for uniq_kptji_ids [74]
kpt = [ 0.46609268 -0.46609268 -0.46609268]
adapted_ji_idx = [ 528  562  597  633  670  708  747  787  828  870  913  957 1002 1048
 1095 1143 1192 1242 1293 1345 1398 1452 1507 1563 1620 1678 1737 1797
 1858 1920 1983 2047]
memory = 0
int3c2e [1/1], AO [0:10], ncol = 676
Symmetry pattern (k + [ 0.46609268 -0.46609268 -0.46609268])*a= 2n pi
    make_kpt for [74]
Cholesky decomposition for j2c at kpt 75
Symmetry pattern (k - [ 0.69913901 -0.23304634 -0.69913901])*a= 2n pi
    make_kpt for uniq_kptji_ids [75 98]
kpt = [ 0.69913901 -0.23304634 -0.69913901]
adapted_ji_idx = [ 529  563  598  671  709  748  829  871  914 1003 1049 1096 1193 1243
 1294 1399 1453 1508 1621 1679 1738 1859 1921 1984]
memory = 0
int3c2e [1/1], AO [0:10], ncol = 676
kpt = [-0.23304634 -1.16523169  0.23304634]
adapted_ji_idx = [ 630  784  954 1140 1342 1560 1794 2044]
memory = 0
int3c2e [1/1], AO [0:10], ncol = 676
Symmetry pattern (k + [ 0.69913901 -0.23304634 -0.69913901])*a= 2n pi
    make_kpt for [77 90]
kpt = [ 1.16523169  0.23304634 -1.16523169]
adapted_ji_idx = [ 531  673  831 1005 1195 1401 1623 1861]
memory = 0
int3c2e [1/1], AO [0:10], ncol = 676
kpt = [ 0.23304634 -0.69913901 -0.23304634]
adapted_ji_idx = [ 561  596  632  707  746  786  869  912  956 1047 1094 1142 1241 1292
 1344 1451 1506 1562 1677 1736 1796 1919 1982 2046]
memory = 0
int3c2e [1/1], AO [0:10], ncol = 676
Cholesky decomposition for j2c at kpt 76
Symmetry pattern (k - [ 0.93218535  0.         -0.93218535])*a= 2n pi
    make_kpt for uniq_kptji_ids [76 94]
kpt = [ 0.93218535  0.         -0.93218535]
adapted_ji_idx = [ 530  564  672  710  830  872 1004 1050 1194 1244 1400 1454 1622 1680
 1860 1922]
memory = 0
int3c2e [1/1], AO [0:10], ncol = 676
kpt = [ 0.         -0.93218535  0.        ]
adapted_ji_idx = [ 595  631  745  785  911  955 1093 1141 1291 1343 1505 1561 1735 1795
 1981 2045]
memory = 0
int3c2e [1/1], AO [0:10], ncol = 676
Symmetry pattern (k + [ 0.93218535  0.         -0.93218535])*a= 2n pi
    make_kpt for [76 94]
Cholesky decomposition for j2c at kpt 78
Symmetry pattern (k - [ 0.69913901 -0.69913901 -0.23304634])*a= 2n pi
    make_kpt for uniq_kptji_ids [ 78 116]
kpt = [ 0.69913901 -0.69913901 -0.23304634]
adapted_ji_idx = [ 532  566  601  637  674  712  751  791  832  874  917  961 1196 1246
 1297 1349 1402 1456 1511 1567 1624 1682 1741 1801]
memory = 0
int3c2e [1/1], AO [0:10], ncol = 676
kpt = [-0.23304634  0.23304634 -1.16523169]
adapted_ji_idx = [ 990 1036 1083 1131 1846 1908 1971 2035]
memory = 0
int3c2e [1/1], AO [0:10], ncol = 676
Symmetry pattern (k + [ 0.69913901 -0.69913901 -0.23304634])*a= 2n pi
    make_kpt for [ 86 102]
kpt = [ 1.16523169 -1.16523169  0.23304634]
adapted_ji_idx = [ 540  574  609  645 1204 1254 1305 1357]
memory = 0
int3c2e [1/1], AO [0:10], ncol = 676
kpt = [ 0.23304634 -0.23304634 -0.69913901]
adapted_ji_idx = [ 666  704  743  783  824  866  909  953  998 1044 1091 1139 1394 1448
 1503 1559 1616 1674 1733 1793 1854 1916 1979 2043]
memory = 0
int3c2e [1/1], AO [0:10], ncol = 676
Cholesky decomposition for j2c at kpt 79
Symmetry pattern (k - [ 0.93218535 -0.46609268 -0.46609268])*a= 2n pi
    make_kpt for uniq_kptji_ids [ 79  99 117 122]
kpt = [ 0.93218535 -0.46609268 -0.46609268]
adapted_ji_idx = [ 533  567  602  675  713  752  833  875  918 1197 1247 1298 1403 1457
 1512 1625 1683 1742]
memory = 0
int3c2e [1/1], AO [0:10], ncol = 676
kpt = [ 0.         -1.39827803  0.46609268]
adapted_ji_idx = [ 634  788  958 1346 1564 1798]
memory = 0
int3c2e [1/1], AO [0:10], ncol = 676
kpt = [ 0.          0.46609268 -1.39827803]
adapted_ji_idx = [ 991 1037 1084 1847 1909 1972]
memory = 0
int3c2e [1/1], AO [0:10], ncol = 676
kpt = [-0.93218535 -0.46609268 -0.46609268]
adapted_ji_idx = [1128 2032]
memory = 0
int3c2e [1/1], AO [0:10], ncol = 676
Symmetry pattern (k + [ 0.93218535 -0.46609268 -0.46609268])*a= 2n pi
    make_kpt for [ 89  93 105 106]
kpt = [ 1.8643707  -0.46609268 -0.46609268]
adapted_ji_idx = [ 543 1207]
memory = 0
int3c2e [1/1], AO [0:10], ncol = 676
kpt = [ 0.93218535 -1.39827803  0.46609268]
adapted_ji_idx = [ 573  608  644 1253 1304 1356]
memory = 0
int3c2e [1/1], AO [0:10], ncol = 676
kpt = [ 0.93218535  0.46609268 -1.39827803]
adapted_ji_idx = [ 669  827 1001 1397 1619 1857]
memory = 0
int3c2e [1/1], AO [0:10], ncol = 676
kpt = [ 0.         -0.46609268 -0.46609268]
adapted_ji_idx = [ 703  742  782  865  908  952 1043 1090 1138 1447 1502 1558 1673 1732
 1792 1915 1978 2042]
memory = 0
int3c2e [1/1], AO [0:10], ncol = 676
Cholesky decomposition for j2c at kpt 80
Symmetry pattern (k - [ 1.16523169 -0.23304634 -0.69913901])*a= 2n pi
    make_kpt for uniq_kptji_ids [ 80  95 118 121]
kpt = [ 1.16523169 -0.23304634 -0.69913901]
adapted_ji_idx = [ 534  568  676  714  834  876 1198 1248 1404 1458 1626 1684]
memory = 0
int3c2e [1/1], AO [0:10], ncol = 676
kpt = [ 0.23304634 -1.16523169  0.23304634]
adapted_ji_idx = [ 599  635  749  789  915  959 1295 1347 1509 1565 1739 1799]
memory = 0
int3c2e [1/1], AO [0:10], ncol = 676
kpt = [ 0.23304634  0.69913901 -1.63132437]
adapted_ji_idx = [ 992 1038 1848 1910]
memory = 0
int3c2e [1/1], AO [0:10], ncol = 676
kpt = [-0.69913901 -0.23304634 -0.69913901]
adapted_ji_idx = [1081 1129 1969 2033]
memory = 0
int3c2e [1/1], AO [0:10], ncol = 676
Symmetry pattern (k + [ 1.16523169 -0.23304634 -0.69913901])*a= 2n pi
    make_kpt for [ 88  97 104 107]
kpt = [ 1.63132437 -0.69913901 -0.23304634]
adapted_ji_idx = [ 542  576 1206 1256]
memory = 0
int3c2e [1/1], AO [0:10], ncol = 676
kpt = [ 0.69913901 -1.63132437  0.69913901]
adapted_ji_idx = [ 607  643 1303 1355]
memory = 0
int3c2e [1/1], AO [0:10], ncol = 676
kpt = [ 0.69913901  0.23304634 -1.16523169]
adapted_ji_idx = [ 668  706  826  868 1000 1046 1396 1450 1618 1676 1856 1918]
memory = 0
int3c2e [1/1], AO [0:10], ncol = 676
kpt = [-0.23304634 -0.69913901 -0.23304634]
adapted_ji_idx = [ 741  781  907  951 1089 1137 1501 1557 1731 1791 1977 2041]
memory = 0
int3c2e [1/1], AO [0:10], ncol = 676
Cholesky decomposition for j2c at kpt 81
Symmetry pattern (k - [ 1.39827803  0.         -0.93218535])*a= 2n pi
    make_kpt for uniq_kptji_ids [ 81  91 119 120]
kpt = [ 1.39827803  0.         -0.93218535]
adapted_ji_idx = [ 535  677  835 1199 1405 1627]
memory = 0
int3c2e [1/1], AO [0:10], ncol = 676
kpt = [ 0.46609268 -0.93218535  0.        ]
adapted_ji_idx = [ 565  600  636  711  750  790  873  916  960 1245 1296 1348 1455 1510
 1566 1681 1740 1800]
memory = 0
int3c2e [1/1], AO [0:10], ncol = 676
kpt = [ 0.46609268  0.93218535 -1.8643707 ]
adapted_ji_idx = [ 993 1849]
memory = 0
int3c2e [1/1], AO [0:10], ncol = 676
kpt = [-0.46609268  0.         -0.93218535]
adapted_ji_idx = [1035 1082 1130 1907 1970 2034]
memory = 0
int3c2e [1/1], AO [0:10], ncol = 676
Symmetry pattern (k + [ 1.39827803  0.         -0.93218535])*a= 2n pi
    make_kpt for [ 87 101 103 108]
kpt = [ 1.39827803e+00 -9.32185352e-01  5.55111512e-17]
adapted_ji_idx = [ 541  575  610 1205 1255 1306]
memory = 0
int3c2e [1/1], AO [0:10], ncol = 676
kpt = [ 0.46609268 -1.8643707   0.93218535]
adapted_ji_idx = [ 642 1354]
memory = 0
int3c2e [1/1], AO [0:10], ncol = 676
kpt = [ 0.46609268  0.         -0.93218535]
adapted_ji_idx = [ 667  705  744  825  867  910  999 1045 1092 1395 1449 1504 1617 1675
 1734 1855 1917 1980]
memory = 0
int3c2e [1/1], AO [0:10], ncol = 676
kpt = [-4.66092676e-01 -9.32185352e-01 -2.77555756e-17]
adapted_ji_idx = [ 780  950 1136 1556 1790 2040]
memory = 0
int3c2e [1/1], AO [0:10], ncol = 676
Cholesky decomposition for j2c at kpt 82
Symmetry pattern (k - [ 0.93218535 -0.93218535  0.        ])*a= 2n pi
    make_kpt for uniq_kptji_ids [ 82 109]
kpt = [ 0.93218535 -0.93218535  0.        ]
adapted_ji_idx = [ 536  570  605  641  678  716  755  795 1200 1250 1301 1353 1406 1460
 1515 1571]
memory = 0
int3c2e [1/1], AO [0:10], ncol = 676
kpt = [ 0.          0.         -0.93218535]
adapted_ji_idx = [ 820  862  905  949  994 1040 1087 1135 1612 1670 1729 1789 1850 1912
 1975 2039]
memory = 0
int3c2e [1/1], AO [0:10], ncol = 676
Symmetry pattern (k + [ 0.93218535 -0.93218535  0.        ])*a= 2n pi
    make_kpt for [ 82 109]
Cholesky decomposition for j2c at kpt 83
Symmetry pattern (k - [ 1.16523169 -0.69913901 -0.23304634])*a= 2n pi
    make_kpt for uniq_kptji_ids [ 83 100 110 115]
kpt = [ 1.16523169 -0.69913901 -0.23304634]
adapted_ji_idx = [ 537  571  606  679  717  756 1201 1251 1302 1407 1461 1516]
memory = 0
int3c2e [1/1], AO [0:10], ncol = 676
kpt = [ 0.23304634 -1.63132437  0.69913901]
adapted_ji_idx = [ 638  792 1350 1568]
memory = 0
int3c2e [1/1], AO [0:10], ncol = 676
kpt = [ 0.23304634  0.23304634 -1.16523169]
adapted_ji_idx = [ 821  863  906  995 1041 1088 1613 1671 1730 1851 1913 1976]
memory = 0
int3c2e [1/1], AO [0:10], ncol = 676
kpt = [-0.69913901 -0.69913901 -0.23304634]
adapted_ji_idx = [ 946 1132 1786 2036]
memory = 0
int3c2e [1/1], AO [0:10], ncol = 676
Symmetry pattern (k + [ 1.16523169 -0.69913901 -0.23304634])*a= 2n pi
    make_kpt for [ 85  92 112 113]
kpt = [ 1.63132437 -0.23304634 -0.69913901]
adapted_ji_idx = [ 539  681 1203 1409]
memory = 0
int3c2e [1/1], AO [0:10], ncol = 676
kpt = [ 0.69913901 -1.16523169  0.23304634]
adapted_ji_idx = [ 569  604  640  715  754  794 1249 1300 1352 1459 1514 1570]
memory = 0
int3c2e [1/1], AO [0:10], ncol = 676
kpt = [ 0.69913901  0.69913901 -1.63132437]
adapted_ji_idx = [ 823  997 1615 1853]
memory = 0
int3c2e [1/1], AO [0:10], ncol = 676
kpt = [-0.23304634 -0.23304634 -0.69913901]
adapted_ji_idx = [ 861  904  948 1039 1086 1134 1669 1728 1788 1911 1974 2038]
memory = 0
int3c2e [1/1], AO [0:10], ncol = 676
Cholesky decomposition for j2c at kpt 84
Symmetry pattern (k - [ 1.39827803 -0.46609268 -0.46609268])*a= 2n pi
    make_kpt for uniq_kptji_ids [ 84  96 111 114]
kpt = [ 1.39827803 -0.46609268 -0.46609268]
adapted_ji_idx = [ 538  572  680  718 1202 1252 1408 1462]
memory = 0
int3c2e [1/1], AO [0:10], ncol = 676
kpt = [ 0.46609268 -1.39827803  0.46609268]
adapted_ji_idx = [ 603  639  753  793 1299 1351 1513 1569]
memory = 0
int3c2e [1/1], AO [0:10], ncol = 676
kpt = [ 0.46609268  0.46609268 -1.39827803]
adapted_ji_idx = [ 822  864  996 1042 1614 1672 1852 1914]
memory = 0
int3c2e [1/1], AO [0:10], ncol = 676
kpt = [-0.46609268 -0.46609268 -0.46609268]
adapted_ji_idx = [ 903  947 1085 1133 1727 1787 1973 2037]
memory = 0
int3c2e [1/1], AO [0:10], ncol = 676
Symmetry pattern (k + [ 1.39827803 -0.46609268 -0.46609268])*a= 2n pi
    make_kpt for [ 84  96 111 114]
    CPU time for j3c   2840.73 sec, wall time    382.69 sec
    CPU time for transforming DF-MP2 integrals      9.53 sec, wall time      4.73 sec
    CPU time for KMP2   3086.63 sec, wall time    521.16 sec
KMP2 energy = -0.440657016575732
