#INFO: **** input file is /burg/berkelbach/users/eav2136/projects/interpolation/01_get_bands/c_df_dft_mp2.py ****
#!/usr/bin/env python
import numpy as np
from pyscf.pbc import gto, dft
from pyscf.pbc.tools import pyscf_ase, lattice, get_coulG
from pyscf.gto.basis import parse_nwchem
from pyscf import lib
from pyscf.pbc.lib.kpts_helper import get_kconserv, loop_kkk
from pyscf.pbc.df import df
from pyscf.ao2mo import _ao2mo
import h5py
import sys
from fileutils import load, dump

##############################
# Create a "Cell"
##############################

cell = gto.Cell()
# Candidate formula of solid: c, si, sic, bn, bp, aln, alp, mgo, mgs, lih, lif, licl
formula = "c"
ase_atom = lattice.get_ase_atom(formula)
cell.atom = pyscf_ase.ase_atoms_to_pyscf(ase_atom)
cell.a = ase_atom.cell[:]
cell.unit = 'B'
cell.basis = {'C': parse_nwchem.load("/burg/berkelbach/users/eav2136/builds/ccgto/basis/gth-hf-rev/cc-pvdz-lc.dat", 'C')}
cell.pseudo = "gth-hf-rev"
cell.verbose = 7
cell.build()

##############################
#  K-point SCF 
##############################
scf_mesh = int(sys.argv[1])
kmesh = [scf_mesh, scf_mesh, scf_mesh]
scaled_center=[0.0, 0.0, 0.0]
kpts = cell.make_kpts(kmesh, scaled_center=scaled_center)
mymf = dft.KRKS(cell, kpts=kpts)
mymf.xc = 'pbe'
mydf = df.GDF(cell, kpts=kpts)
mymf.with_df = mydf
ekrhf = mymf.kernel()

mp2_mesh = int(sys.argv[2])
kmesh = [mp2_mesh, mp2_mesh, mp2_mesh]
kpts = cell.make_kpts(kmesh, scaled_center=scaled_center)
mo_energy, mo_coeff = mymf.get_bands(kpts)
mo_energy = np.asarray(mo_energy)
mo_coeff = np.asarray(mo_coeff)

mydf = df.GDF(cell, kpts=kpts)
mydf.build()
nao = cell.nao_nr()
nocc = cell.nelectron // 2
nmo = mo_energy.shape[1]
nvir = nmo - nocc
nkpts = len(kpts)
kconserv = get_kconserv(cell, kpts)

mo_e_o = [mo_energy[k][:nocc] for k in range(nkpts)]
mo_e_v = [mo_energy[k][nocc:] for k in range(nkpts)]
emp2 = 0.0

Lov = np.empty((nkpts, nkpts), dtype=object)
bra_start = 0
bra_end = nocc
ket_start = nmo + nocc
ket_end = ket_start + nvir
with h5py.File(mydf._cderi, 'r') as f:
    kptij_lst = f['j3c-kptij'][:]
    tao = []
    ao_loc = None
    for ki, kpti in enumerate(kpts):
        for kj, kptj in enumerate(kpts):
            kpti_kptj = np.array((kpti, kptj))
            Lpq = np.asarray(df._getitem(f, 'j3c', kpti_kptj, kptij_lst))
            mo = np.hstack((mo_coeff[ki], mo_coeff[kj]))
            mo = np.asarray(mo, dtype=np.complex128, order='F')
            if Lpq[0].size != nao**2:
                Lpq = lib.unpack_tril(Lpq).astype(np.complex128)
            out = _ao2mo.r_e2(Lpq, mo, (bra_start, bra_end, ket_start, ket_end), tao, ao_loc)
            Lov[ki, kj] = out.reshape(-1, nocc, nvir)

for ki, kj, ka in loop_kkk(nkpts):
    kb = kconserv[ki, ka, kj]
    eia = mo_e_o[ki][:, None] - mo_e_v[ka]
    ejb = mo_e_o[kj][:, None] - mo_e_v[kb]
    eiajb = lib.direct_sum('ia,jb->iajb', eia, ejb)
    iajb = lib.einsum('Lia,Ljb->iajb', Lov[ki, ka], Lov[kj, kb]) / nkpts
    t2 = np.conj(iajb / eiajb)
    ibja = lib.einsum('Lib,Lja->ibja', Lov[ki, kb], Lov[kj, ka]) / nkpts
    emp2 += 2*lib.einsum('iajb,iajb', t2, iajb).real
    emp2 -=   lib.einsum('iajb,ibja', t2, ibja).real

emp2 /= nkpts
print("MP2 Correlation Energy: ", emp2)
total_energy = ekrhf + emp2

datafile = sys.argv[3]
datadict = {}
datadict['ekrhf'] = ekrhf
datadict['ekmp2'] = emp2
datadict['total_energy'] = total_energy
dump(datadict, f'data/{datafile}')
#INFO: ******************** input file end ********************


System: uname_result(system='Linux', node='g068', release='4.18.0-193.el8.x86_64', version='#1 SMP Fri Mar 27 14:35:58 UTC 2020', machine='x86_64')  Threads 32
Python 3.10.12 (main, Jul 29 2023, 11:27:27) [GCC 13.2.0]
numpy 1.25.1  scipy 1.10.1
Date: Mon Nov 20 20:19:31 2023
PySCF version 2.0.1
PySCF path  /burg/berkelbach/users/eav2136/builds/pyscf/projected-cvs/pyscf
GIT HEAD (branch projected-cvs) 0bfbc692adf3ea63b8a509210433219cd1c472a2

[ENV] PYSCF_TMPDIR /burg/berkelbach/users/eav2136/projects/interpolation/01_get_bands/tmp
[ENV] PYSCF_MAX_MEMORY 187000
[CONFIG] DEBUG = False
[CONFIG] MAX_MEMORY = 187000
[CONFIG] TMPDIR = /burg/berkelbach/users/eav2136/projects/interpolation/01_get_bands/tmp
[CONFIG] UNIT = angstrom
[CONFIG] VERBOSE = 3
[CONFIG] conf_file = None
[INPUT] verbose = 7
[INPUT] max_memory = 187000 
[INPUT] num. atoms = 2
[INPUT] num. electrons = 8
[INPUT] charge = 0
[INPUT] spin (= nelec alpha-beta = 2S) = 0
[INPUT] symmetry False subgroup None
[INPUT] Mole.unit = B
[INPUT]  1 C      0.000000000000   0.000000000000   0.000000000000 AA    0.000000000000   0.000000000000   0.000000000000 Bohr
[INPUT]  2 C      0.891699936031   0.891699936031   0.891699936031 AA    1.685068664391   1.685068664391   1.685068664391 Bohr
[INPUT] ---------------- BASIS SET ---------------- 
[INPUT] l, kappa, [nprim/nctr], expnt,             c_1 c_2 ...
[INPUT] C
[INPUT] 0    0    [3    /1   ]  9.031436          -0.01960629
                                3.821255          -0.1291762
                                0.473725          0.5822572
[INPUT] 0    0    [1    /1   ]  0.149679             1
[INPUT] 1    0    [3    /1   ]  4.353457          0.08730943
                                1.266307          0.2797034
                                0.398715          0.5024424
[INPUT] 1    0    [1    /1   ]  0.124238             1
[INPUT] 2    0    [1    /1   ]  0.556013             1

Ewald components = 8.67997097708575e-26, -47.3756282134421, 34.5884981493536
nuclear repulsion = -12.7871300640885
number of shells = 10
number of NR pGTOs = 42
number of NR cGTOs = 26
basis = {'C': [[0, [9.031436, -0.01960629], [3.821255, -0.1291762], [0.473725, 0.5822572]], [0, [0.149679, 1.0]], [1, [4.353457, 0.08730943], [1.266307, 0.2797034], [0.398715, 0.5024424]], [1, [0.124238, 1.0]], [2, [0.556013, 1.0]]]}
ecp = {}
bas 0, expnt(s) = [9.031436 3.821255 0.473725]
bas 1, expnt(s) = [0.149679]
bas 2, expnt(s) = [4.353457 1.266307 0.398715]
bas 3, expnt(s) = [0.124238]
bas 4, expnt(s) = [0.556013]
bas 5, expnt(s) = [9.031436 3.821255 0.473725]
bas 6, expnt(s) = [0.149679]
bas 7, expnt(s) = [4.353457 1.266307 0.398715]
bas 8, expnt(s) = [0.124238]
bas 9, expnt(s) = [0.556013]
CPU time:         1.07
lattice vectors  a1 [0.000000000, 3.370137329, 3.370137329]
                 a2 [3.370137329, 0.000000000, 3.370137329]
                 a3 [3.370137329, 3.370137329, 0.000000000]
dimension = 3
low_dim_ft_type = None
Cell volume = 76.5549
rcut = 21.970857926874924 (nimgs = [6 6 6])
lattice sum = 1313 cells
precision = 1e-08
pseudo = gth-hf-rev
ke_cutoff = 382.86670519327265
    = [35 35 35] mesh (42875 PWs)


******** <class 'pyscf.pbc.dft.krks.KRKS'> ********
method = KRKS-KohnShamDFT
initial guess = minao
damping factor = 0
level_shift factor = 0
DIIS = <class 'pyscf.scf.diis.CDIIS'>
diis_start_cycle = 1
diis_space = 8
SCF conv_tol = 1e-07
SCF conv_tol_grad = None
SCF max_cycles = 50
direct_scf = True
direct_scf_tol = 1e-13
chkfile to save SCF result = /burg/berkelbach/users/eav2136/projects/interpolation/01_get_bands/tmp/tmpk4kvu0dy
max_memory 187000 MB (current use 110 MB)


******** PBC SCF flags ********
N kpts = 8
kpts = [[ 0.          0.          0.        ]
 [ 0.46609268  0.46609268 -0.46609268]
 [ 0.46609268 -0.46609268  0.46609268]
 [ 0.93218535  0.          0.        ]
 [-0.46609268  0.46609268  0.46609268]
 [ 0.          0.93218535  0.        ]
 [ 0.          0.          0.93218535]
 [ 0.46609268  0.46609268  0.46609268]]
Exchange divergence treatment (exxdiv) = ewald
Monkhorst pack size [2 2 2] ew_eta 2.6874905281342873 ew_cut 2.619133378309657
Ewald components = 3.36744643244103e-288, -1.51660927211251, 1.34655455211594
    madelung (= occupied orbital energy shift) = 0.34010943999313437
    Total energy shift due to Ewald probe charge = -1/2 * Nelec*madelung = -1.36043775997
DF object = <pyscf.pbc.df.df.GDF object at 0x155535f68ca0>
XC functionals = pbe
small_rho_cutoff = 1e-07
Uniform grid, mesh = [35 35 35]
Set gradient conv threshold to 0.000316228
Big error detected in the electron number of initial guess density matrix (Ne/cell = 8)!
  This can cause huge error in Fock matrix and lead to instability in SCF for low-dimensional systems.
  DM is normalized wrt the number of electrons 8.0
    CPU time for vnuc pass1: analytic int     70.82 sec, wall time      2.66 sec
    CPU time for contracting Vnuc [0:216]      3.12 sec, wall time      0.11 sec
    CPU time for contracting Vnuc      3.13 sec, wall time      0.11 sec
    CPU time for get_pp_loc_part1     73.97 sec, wall time      2.77 sec
    CPU time for get_pp_loc_part2    108.33 sec, wall time      4.01 sec
    CPU time for get_pp_nl      0.26 sec, wall time      0.01 sec
    CPU time for get_pp    182.56 sec, wall time      6.79 sec
    CPU time for setting up grids      5.50 sec, wall time      0.19 sec
nelec by numeric integration = 7.999999999999998
    CPU time for vxc      8.87 sec, wall time      0.30 sec


******** <class 'pyscf.pbc.df.df.GDF'> ********
mesh = [7, 7, 7] (343 PWs)
auxbasis = None
eta = 0.2
exp_to_discard = None
_cderi_to_save = /burg/berkelbach/users/eav2136/projects/interpolation/01_get_bands/tmp/tmpk6tun16o
len(kpts) = 8
    kpts = [[ 0.          0.          0.        ]
 [ 0.46609268  0.46609268 -0.46609268]
 [ 0.46609268 -0.46609268  0.46609268]
 [ 0.93218535  0.          0.        ]
 [-0.46609268  0.46609268  0.46609268]
 [ 0.          0.93218535  0.        ]
 [ 0.          0.          0.93218535]
 [ 0.46609268  0.46609268  0.46609268]]
Even tempered Gaussians are generated as DF auxbasis for  C
  ETB auxbasis for C  [[0, [9.579456, 1]], [0, [4.789728, 1]], [0, [2.394864, 1]], [0, [1.197432, 1]], [0, [0.598716, 1]], [0, [0.299358, 1]], [1, [8.727455361661383, 1]], [1, [4.363727680830691, 1]], [1, [2.1818638404153456, 1]], [1, [1.0909319202076728, 1]], [1, [0.5454659601038364, 1]], [1, [0.2727329800519182, 1]], [2, [7.951232, 1]], [2, [3.975616, 1]], [2, [1.987808, 1]], [2, [0.993904, 1]], [2, [0.496952, 1]], [2, [0.248476, 1]], [3, [2.1026146480075707, 1]], [3, [1.0513073240037853, 1]], [3, [0.5256536620018927, 1]], [4, [1.112026, 1]]]
num shells = 44, num cGTOs = 168
Drop 0 primitive fitting functions
make aux basis, num shells = 44, num cGTOs = 168
auxcell.rcut 12.846608924246357
make compensating basis, num shells = 10, num cGTOs = 50
chgcell.rcut 11.482117703874595
    CPU time for 3c2e   1573.33 sec, wall time     69.53 sec
Num uniq kpts 14
uniq_kpts [[ 0.          0.          0.        ]
 [-0.46609268 -0.46609268  0.46609268]
 [-0.46609268  0.46609268 -0.46609268]
 [ 0.          0.93218535 -0.93218535]
 [-0.93218535  0.          0.        ]
 [ 0.46609268 -0.46609268 -0.46609268]
 [ 0.93218535  0.         -0.93218535]
 [ 0.93218535 -0.93218535  0.        ]
 [ 1.39827803 -0.46609268 -0.46609268]
 [ 0.         -0.93218535  0.        ]
 [ 0.46609268 -1.39827803  0.46609268]
 [ 0.          0.         -0.93218535]
 [ 0.46609268  0.46609268 -1.39827803]
 [-0.46609268 -0.46609268 -0.46609268]]
max_memory 185936.068096 (MB)  blocksize 21322943
Cholesky decomposition for j2c at kpt 0
Symmetry pattern (k - [0. 0. 0.])*a= 2n pi
    make_kpt for uniq_kptji_ids [0]
kpt = [0. 0. 0.]
adapted_ji_idx = [ 0  2  5  9 14 20 27 35]
memory = 1066.614784
int3c2e [1/1], AO [0:10], ncol = 351
Symmetry pattern (k + [0. 0. 0.])*a= 2n pi
    make_kpt for [0]
Cholesky decomposition for j2c at kpt 1
Symmetry pattern (k - [-0.46609268 -0.46609268  0.46609268])*a= 2n pi
    make_kpt for uniq_kptji_ids [1]
kpt = [-0.46609268 -0.46609268  0.46609268]
adapted_ji_idx = [ 1  8 19 34]
memory = 1201.590272
int3c2e [1/1], AO [0:10], ncol = 676
Symmetry pattern (k + [-0.46609268 -0.46609268  0.46609268])*a= 2n pi
    make_kpt for [1]
Cholesky decomposition for j2c at kpt 2
Symmetry pattern (k - [-0.46609268  0.46609268 -0.46609268])*a= 2n pi
    make_kpt for uniq_kptji_ids [2]
kpt = [-0.46609268  0.46609268 -0.46609268]
adapted_ji_idx = [ 3  7 25 33]
memory = 1314.246656
int3c2e [1/1], AO [0:10], ncol = 676
Symmetry pattern (k + [-0.46609268  0.46609268 -0.46609268])*a= 2n pi
    make_kpt for [2]
Cholesky decomposition for j2c at kpt 3
Symmetry pattern (k - [ 0.          0.93218535 -0.93218535])*a= 2n pi
    make_kpt for uniq_kptji_ids [3 4]
kpt = [ 0.          0.93218535 -0.93218535]
adapted_ji_idx = [ 4 26]
memory = 1332.580352
int3c2e [1/1], AO [0:10], ncol = 676
kpt = [-0.93218535  0.          0.        ]
adapted_ji_idx = [ 6 32]
memory = 1369.370624
int3c2e [1/1], AO [0:10], ncol = 676
Symmetry pattern (k + [ 0.          0.93218535 -0.93218535])*a= 2n pi
    make_kpt for [3 4]
Cholesky decomposition for j2c at kpt 5
Symmetry pattern (k - [ 0.46609268 -0.46609268 -0.46609268])*a= 2n pi
    make_kpt for uniq_kptji_ids [5]
kpt = [ 0.46609268 -0.46609268 -0.46609268]
adapted_ji_idx = [10 16 23 31]
memory = 1384.587264
int3c2e [1/1], AO [0:10], ncol = 676
Symmetry pattern (k + [ 0.46609268 -0.46609268 -0.46609268])*a= 2n pi
    make_kpt for [5]
Cholesky decomposition for j2c at kpt 6
Symmetry pattern (k - [ 0.93218535  0.         -0.93218535])*a= 2n pi
    make_kpt for uniq_kptji_ids [6 9]
kpt = [ 0.93218535  0.         -0.93218535]
adapted_ji_idx = [11 24]
memory = 1399.808
int3c2e [1/1], AO [0:10], ncol = 676
kpt = [ 0.         -0.93218535  0.        ]
adapted_ji_idx = [15 30]
memory = 1408.663552
int3c2e [1/1], AO [0:10], ncol = 676
Symmetry pattern (k + [ 0.93218535  0.         -0.93218535])*a= 2n pi
    make_kpt for [6 9]
Cholesky decomposition for j2c at kpt 7
Symmetry pattern (k - [ 0.93218535 -0.93218535  0.        ])*a= 2n pi
    make_kpt for uniq_kptji_ids [ 7 11]
kpt = [ 0.93218535 -0.93218535  0.        ]
adapted_ji_idx = [12 18]
memory = 1418.190848
int3c2e [1/1], AO [0:10], ncol = 676
kpt = [ 0.          0.         -0.93218535]
adapted_ji_idx = [21 29]
memory = 1419.411456
int3c2e [1/1], AO [0:10], ncol = 676
Symmetry pattern (k + [ 0.93218535 -0.93218535  0.        ])*a= 2n pi
    make_kpt for [ 7 11]
Cholesky decomposition for j2c at kpt 8
Symmetry pattern (k - [ 1.39827803 -0.46609268 -0.46609268])*a= 2n pi
    make_kpt for uniq_kptji_ids [ 8 10 12 13]
kpt = [ 1.39827803 -0.46609268 -0.46609268]
adapted_ji_idx = [13]
memory = 1428.750336
int3c2e [1/1], AO [0:10], ncol = 676
kpt = [ 0.46609268 -1.39827803  0.46609268]
adapted_ji_idx = [17]
memory = 1443.028992
int3c2e [1/1], AO [0:10], ncol = 676
kpt = [ 0.46609268  0.46609268 -1.39827803]
adapted_ji_idx = [22]
memory = 1445.7856
int3c2e [1/1], AO [0:10], ncol = 676
kpt = [-0.46609268 -0.46609268 -0.46609268]
adapted_ji_idx = [28]
memory = 1450.668032
int3c2e [1/1], AO [0:10], ncol = 676
Symmetry pattern (k + [ 1.39827803 -0.46609268 -0.46609268])*a= 2n pi
    make_kpt for [ 8 10 12 13]
    CPU time for j3c   1693.76 sec, wall time     73.33 sec
    CPU time for Init get_j_kpts   1693.94 sec, wall time     73.34 sec
    CPU time for get_j pass 1      2.88 sec, wall time      0.09 sec
    CPU time for get_j pass 2      1.16 sec, wall time      0.04 sec
    CPU time for vj and vk   1698.08 sec, wall time     73.47 sec
Ewald components = 8.67997097708575e-26, -47.3756282134421, 34.5884981493536
E1 = (4.897390316093047+1.4456034617038953e-19j)  Ecoul = 1.5381188690084833  Exc = -3.799700205540415
init E= -10.1513210845274
cond(S) = [  26137.11707762  414733.50777788  414733.50778588 5364088.04624522
  414733.50780353 5364088.04619196 5364088.04627392  414733.50778571]
    CPU time for initialize scf   1902.37 sec, wall time     81.10 sec
HOMO = 0.572136105973  LUMO = 0.708460738581
     k-point                  mo_energy
   0 ( 0.000  0.000  0.000)   [-0.24766313  0.57213611  0.57213611  0.57213611] [0.75904001 0.75904001 0.75904001 1.04723499 1.52268311 1.52268311
 1.80183695 1.80183695 1.80183695 1.82499251 2.3450218  2.3450218
 2.3450218  3.20652129 3.20652129 3.20652129 3.29662583 3.29662583
 4.35521463 4.35521463 4.35521463 4.95478688]
   1 ( 0.000  0.000  0.500)   [-0.02955728  0.04939755  0.46217822  0.46217822] [0.86181613 0.86181613 0.87637666 1.21755399 1.38923489 1.55354142
 1.55354142 1.82014535 1.82014535 2.18603742 2.2645357  2.6441911
 2.74727859 2.74727859 2.76273118 2.76273118 3.3406931  3.3406931
 3.40512312 3.40512312 4.89726917 9.61040943]
   2 (-0.000  0.500  0.000)   [-0.02955728  0.04939755  0.46217822  0.46217822] [0.86181613 0.86181613 0.87637666 1.21755399 1.38923489 1.55354142
 1.55354142 1.82014535 1.82014535 2.18603742 2.26453572 2.6441911
 2.74727859 2.74727859 2.76273118 2.76273118 3.3406931  3.34069311
 3.40512312 3.40512312 4.8972692  9.61040943]
   3 ( 0.000  0.500  0.500)   [0.07891484 0.07891507 0.32469324 0.32469324] [0.70846074 0.70846089 1.20080573 1.20080573 1.44587551 1.44587881
 1.7832242  1.7832242  2.00217006 2.00217006 2.47905004 2.47905004
 2.55478265 2.55478277 2.61830279 2.61830279 3.31419352 3.31419408
 4.68640735 4.68640752 6.72571084 6.72585181]
   4 ( 0.500 -0.000 -0.000)   [-0.02955728  0.04939755  0.46217822  0.46217822] [0.86181613 0.86181613 0.87637666 1.21755399 1.38923489 1.55354142
 1.55354142 1.82014535 1.82014535 2.18603742 2.26453571 2.6441911
 2.74727859 2.74727859 2.76273118 2.76273118 3.3406931  3.34069311
 3.40512312 3.40512312 4.89726918 9.61040943]
   5 ( 0.500  0.000  0.500)   [0.07891484 0.07891507 0.32469324 0.32469324] [0.70846074 0.70846089 1.20080573 1.20080573 1.44587551 1.44587881
 1.7832242  1.7832242  2.00217006 2.00217006 2.47905004 2.47905004
 2.55478265 2.55478277 2.61830279 2.61830279 3.31419352 3.31419408
 4.68640733 4.68640749 6.72571084 6.72585181]
   6 ( 0.500  0.500  0.000)   [0.07891484 0.07891507 0.32469324 0.32469324] [0.70846074 0.70846089 1.20080573 1.20080573 1.44587551 1.44587881
 1.7832242  1.7832242  2.00217006 2.00217006 2.47905004 2.47905004
 2.55478265 2.55478277 2.61830279 2.61830279 3.31419352 3.31419408
 4.68640712 4.68640722 6.72571084 6.72585181]
   7 ( 0.500  0.500  0.500)   [-0.02955728  0.04939755  0.46217822  0.46217822] [0.86181613 0.86181613 0.87637666 1.21755399 1.38923489 1.55354142
 1.55354142 1.82014535 1.82014535 2.18603742 2.26453572 2.6441911
 2.74727859 2.74727859 2.76273118 2.76273118 3.3406931  3.3406931
 3.40512312 3.40512312 4.8972692  9.61040943]
nelec by numeric integration = 8.000000000000023
    CPU time for vxc      8.81 sec, wall time      0.28 sec
    CPU time for get_j pass 1      3.48 sec, wall time      0.11 sec
    CPU time for get_j pass 2      1.51 sec, wall time      0.05 sec
    CPU time for vj and vk      5.16 sec, wall time      0.17 sec
Ewald components = 8.67997097708575e-26, -47.3756282134421, 34.5884981493536
E1 = (4.116791534245632+6.319062190415722e-19j)  Ecoul = 0.992302630981779  Exc = -3.5681714596468823
cycle= 1 E= -11.246207358508  delta_E= -1.09  |g|= 0.407  |ddm|= 90.7
    CPU time for cycle= 1     18.87 sec, wall time      0.65 sec
diis-norm(errvec)=0.58653
diis-c [-0.34401711+0.j  1.        +0.j]
HOMO = 0.498071131445  LUMO = 0.670950451402
     k-point                  mo_energy
   0 ( 0.000  0.000  0.000)   [-0.29466243  0.49807113  0.49807113  0.49807113] [0.70319001 0.70319001 0.70319001 0.97882652 1.4899261  1.4899261
 1.75572104 1.75572104 1.75572104 1.78137435 2.26658913 2.26658913
 2.26658913 3.16775603 3.16775603 3.16775603 3.25778818 3.25778818
 4.31037174 4.31037174 4.31037174 4.85305353]
   1 ( 0.000  0.000  0.500)   [-0.08352074  0.00321963  0.39415161  0.39415161] [0.80920433 0.80920433 0.81900454 1.13705013 1.32023308 1.49706546
 1.49706546 1.78472804 1.78472804 2.1412429  2.22703658 2.5882572
 2.67133487 2.67133487 2.71955476 2.71955476 3.29455182 3.29455182
 3.36139354 3.36139354 4.78951517 9.36243312]
   2 (-0.000  0.500  0.000)   [-0.08352074  0.00321963  0.39415161  0.39415161] [0.80920433 0.80920433 0.81900454 1.13705013 1.32023308 1.49706546
 1.49706546 1.78472804 1.78472804 2.1412429  2.22703659 2.5882572
 2.67133487 2.67133487 2.71955476 2.71955476 3.29455182 3.29455182
 3.36139354 3.36139354 4.78951519 9.36243312]
   3 ( 0.000  0.500  0.500)   [0.02466768 0.02466862 0.26540382 0.26540382] [0.67095045 0.67095088 1.11806372 1.11806372 1.36575377 1.36575439
 1.73627108 1.73627108 1.96763754 1.96763869 2.41534087 2.41534087
 2.51591895 2.51592013 2.57420334 2.57420334 3.26565076 3.26565304
 4.6359023  4.63590246 6.58069686 6.58212559]
   4 ( 0.500 -0.000 -0.000)   [-0.08352074  0.00321963  0.39415161  0.39415161] [0.80920433 0.80920433 0.81900454 1.13705013 1.32023308 1.49706546
 1.49706546 1.78472804 1.78472804 2.1412429  2.22703658 2.5882572
 2.67133487 2.67133487 2.71955476 2.71955476 3.29455182 3.29455182
 3.36139354 3.36139354 4.78951518 9.36243312]
   5 ( 0.500  0.000  0.500)   [0.02466768 0.02466862 0.26540382 0.26540382] [0.67095045 0.67095088 1.11806372 1.11806372 1.36575377 1.36575439
 1.73627108 1.73627108 1.96763754 1.96763869 2.41534087 2.41534087
 2.51591895 2.51592013 2.57420334 2.57420334 3.26565076 3.26565304
 4.63590229 4.63590243 6.58069686 6.58212559]
   6 ( 0.500  0.500  0.000)   [0.02466768 0.02466862 0.26540382 0.26540382] [0.67095045 0.67095088 1.11806372 1.11806372 1.36575377 1.36575439
 1.73627108 1.73627108 1.96763754 1.96763869 2.41534087 2.41534087
 2.51591895 2.51592013 2.57420334 2.57420334 3.26565076 3.26565304
 4.63590207 4.63590216 6.58069686 6.58212559]
   7 ( 0.500  0.500  0.500)   [-0.08352074  0.00321963  0.39415161  0.39415161] [0.80920433 0.80920433 0.81900454 1.13705013 1.32023308 1.49706546
 1.49706546 1.78472804 1.78472804 2.1412429  2.22703659 2.5882572
 2.67133487 2.67133487 2.71955476 2.71955476 3.29455182 3.29455182
 3.36139354 3.36139354 4.78951519 9.36243312]
nelec by numeric integration = 8.000000000000167
    CPU time for vxc      9.04 sec, wall time      0.28 sec
    CPU time for get_j pass 1      3.25 sec, wall time      0.10 sec
    CPU time for get_j pass 2      1.59 sec, wall time      0.05 sec
    CPU time for vj and vk      5.01 sec, wall time      0.16 sec
Ewald components = 8.67997097708575e-26, -47.3756282134421, 34.5884981493536
E1 = (4.052893589225681+2.940079387529172e-19j)  Ecoul = 1.0863590937552965  Exc = -3.6030900777256414
cycle= 2 E= -11.2509674588332  delta_E= -0.00476  |g|= 0.0827  |ddm|= 59.7
    CPU time for cycle= 2     17.56 sec, wall time      0.55 sec
diis-norm(errvec)=0.125673
diis-c [-1.22726777e-04+0.00000000e+00j  1.75916601e-01+3.98802291e-28j
  8.24083399e-01-3.98802291e-28j]
HOMO = 0.509278998101  LUMO = 0.676034352078
     k-point                  mo_energy
   0 ( 0.000  0.000  0.000)   [-0.28777727  0.509279    0.509279    0.509279  ] [0.71163437 0.71163437 0.71163437 0.99005579 1.49383634 1.49383634
 1.76089155 1.76089155 1.76089155 1.78606609 2.2766369  2.2766369
 2.2766369  3.17336373 3.17336373 3.17336373 3.26396004 3.26396004
 4.31731006 4.31731006 4.31731006 4.86206954]
   1 ( 0.000  0.000  0.500)   [-0.07528177  0.0098136   0.40443753  0.40443753] [0.81700275 0.81700275 0.82798491 1.14930541 1.32929216 1.50394107
 1.50394107 1.78950349 1.78950349 2.14726468 2.23130209 2.59636508
 2.68116108 2.68116108 2.72557877 2.72557877 3.30051032 3.30051032
 3.36794076 3.36794076 4.79989383 9.38522049]
   2 (-0.000  0.500  0.000)   [-0.07528177  0.0098136   0.40443753  0.40443753] [0.81700275 0.81700275 0.82798491 1.14930541 1.32929216 1.50394107
 1.50394107 1.78950349 1.78950349 2.14726468 2.2313021  2.59636508
 2.68116108 2.68116108 2.72557877 2.72557877 3.30051032 3.30051032
 3.36794076 3.36794076 4.79989386 9.3852205 ]
   3 ( 0.000  0.500  0.500)   [0.03285475 0.03285506 0.27422953 0.27422953] [0.67603435 0.67603437 1.13077967 1.13077967 1.37678092 1.37678508
 1.74207664 1.74207664 1.97206804 1.97206899 2.42356707 2.42356707
 2.52108594 2.5210864  2.5802834  2.5802834  3.27372116 3.2737249
 4.64298689 4.64298705 6.59406124 6.59556925]
   4 ( 0.500 -0.000 -0.000)   [-0.07528177  0.0098136   0.40443753  0.40443753] [0.81700275 0.81700275 0.82798491 1.14930541 1.32929216 1.50394107
 1.50394107 1.78950349 1.78950349 2.14726468 2.23130209 2.59636508
 2.68116108 2.68116108 2.72557877 2.72557877 3.30051032 3.30051032
 3.36794075 3.36794076 4.79989384 9.3852205 ]
   5 ( 0.500  0.000  0.500)   [0.03285475 0.03285506 0.27422953 0.27422953] [0.67603435 0.67603437 1.13077967 1.13077967 1.37678092 1.37678508
 1.74207664 1.74207664 1.97206804 1.97206899 2.42356707 2.42356707
 2.52108594 2.5210864  2.5802834  2.5802834  3.27372116 3.2737249
 4.64298688 4.64298702 6.59406124 6.59556925]
   6 ( 0.500  0.500  0.000)   [0.03285475 0.03285506 0.27422953 0.27422953] [0.67603435 0.67603437 1.13077967 1.13077967 1.37678092 1.37678508
 1.74207664 1.74207664 1.97206804 1.97206899 2.42356707 2.42356707
 2.52108594 2.5210864  2.5802834  2.5802834  3.27372116 3.2737249
 4.64298666 4.64298676 6.59406124 6.59556925]
   7 ( 0.500  0.500  0.500)   [-0.07528177  0.0098136   0.40443753  0.40443753] [0.81700275 0.81700275 0.82798491 1.14930541 1.32929216 1.50394107
 1.50394107 1.78950349 1.78950349 2.14726468 2.2313021  2.59636508
 2.68116108 2.68116108 2.72557877 2.72557877 3.30051032 3.30051032
 3.36794075 3.36794076 4.79989385 9.3852205 ]
nelec by numeric integration = 8.000000000000142
    CPU time for vxc      8.49 sec, wall time      0.27 sec
    CPU time for get_j pass 1      3.29 sec, wall time      0.10 sec
    CPU time for get_j pass 2      1.54 sec, wall time      0.05 sec
    CPU time for vj and vk      4.84 sec, wall time      0.15 sec
Ewald components = 8.67997097708575e-26, -47.3756282134421, 34.5884981493536
E1 = (4.062899966320602+3.406303517280378e-19j)  Ecoul = 1.0700100342416596  Exc = -3.596955589926776
cycle= 3 E= -11.251175653453  delta_E= -0.000208  |g|= 0.000784  |ddm|= 7.91
    CPU time for cycle= 3     16.92 sec, wall time      0.54 sec
diis-norm(errvec)=0.00146725
diis-c [-3.70272498e-08+2.24207754e-44j -3.33185619e-03+3.49940996e-28j
 -2.72730995e-02+1.70773178e-27j  1.03060496e+00-2.05767277e-27j]
HOMO = 0.509320108646  LUMO = 0.675999378023
     k-point                  mo_energy
   0 ( 0.000  0.000  0.000)   [-0.28777186  0.50932011  0.50932011  0.50932011] [0.71166058 0.71166058 0.71166058 0.99009801 1.49383422 1.49383422
 1.76085316 1.76085316 1.76085316 1.78595612 2.27663984 2.27663984
 2.27663984 3.17334474 3.17334474 3.17334474 3.26398293 3.26398293
 4.31731023 4.31731023 4.31731023 4.86195283]
   1 ( 0.000  0.000  0.500)   [-0.07525628  0.00980909  0.4044741   0.4044741 ] [0.81701764 0.81701764 0.82800222 1.14934151 1.32924331 1.50392
 1.50392    1.78950508 1.78950508 2.14724688 2.23123979 2.59636842
 2.68117873 2.68117873 2.725572   2.725572   3.3004538  3.3004538
 3.36795275 3.36795275 4.79979885 9.38521684]
   2 (-0.000  0.500  0.000)   [-0.07525628  0.00980909  0.4044741   0.4044741 ] [0.81701764 0.81701764 0.82800222 1.14934151 1.32924331 1.50392
 1.50392    1.78950508 1.78950508 2.14724688 2.23123981 2.59636842
 2.68117873 2.68117873 2.725572   2.725572   3.3004538  3.3004538
 3.36795275 3.36795275 4.79979887 9.38521684]
   3 ( 0.000  0.500  0.500)   [0.03287432 0.03287599 0.27425411 0.27425411] [0.67599938 0.67600008 1.13082972 1.13082972 1.37676995 1.37677366
 1.74204708 1.74204708 1.97207134 1.97207378 2.42356571 2.42356571
 2.52102613 2.52102838 2.58028807 2.58028807 3.27375634 3.27375798
 4.64296438 4.64296454 6.59402806 6.59554672]
   4 ( 0.500 -0.000 -0.000)   [-0.07525628  0.00980909  0.4044741   0.4044741 ] [0.81701764 0.81701764 0.82800222 1.14934151 1.32924331 1.50392
 1.50392    1.78950508 1.78950508 2.14724688 2.2312398  2.59636842
 2.68117873 2.68117873 2.725572   2.725572   3.3004538  3.3004538
 3.36795275 3.36795275 4.79979886 9.38521684]
   5 ( 0.500  0.000  0.500)   [0.03287432 0.03287599 0.27425411 0.27425411] [0.67599938 0.67600008 1.13082972 1.13082972 1.37676995 1.37677366
 1.74204708 1.74204708 1.97207134 1.97207378 2.42356571 2.42356571
 2.52102613 2.52102838 2.58028807 2.58028807 3.27375634 3.27375798
 4.64296436 4.64296451 6.59402806 6.59554672]
   6 ( 0.500  0.500  0.000)   [0.03287432 0.03287599 0.27425411 0.27425411] [0.67599938 0.67600008 1.13082972 1.13082972 1.37676995 1.37677366
 1.74204708 1.74204708 1.97207134 1.97207378 2.42356571 2.42356571
 2.52102613 2.52102838 2.58028807 2.58028807 3.27375634 3.27375798
 4.64296415 4.64296424 6.59402806 6.59554672]
   7 ( 0.500  0.500  0.500)   [-0.07525628  0.00980909  0.4044741   0.4044741 ] [0.81701764 0.81701764 0.82800222 1.14934151 1.32924331 1.50392
 1.50392    1.78950508 1.78950508 2.14724688 2.23123981 2.59636842
 2.68117873 2.68117873 2.725572   2.725572   3.30045379 3.3004538
 3.36795275 3.36795275 4.79979887 9.38521684]
nelec by numeric integration = 8.00000000000014
    CPU time for vxc      8.44 sec, wall time      0.27 sec
    CPU time for get_j pass 1      1.90 sec, wall time      0.06 sec
    CPU time for get_j pass 2      1.74 sec, wall time      0.05 sec
    CPU time for vj and vk      3.90 sec, wall time      0.12 sec
Ewald components = 8.67997097708575e-26, -47.3756282134421, 34.5884981493536
E1 = (4.0629987032117345+3.3569159929982702e-19j)  Ecoul = 1.0698495667924353  Exc = -3.5968938803073063
cycle= 4 E= -11.2511756743916  delta_E= -2.09e-08  |g|= 9.7e-05  |ddm|= 0.0545
    CPU time for cycle= 4     12.92 sec, wall time      0.41 sec
HOMO = 0.50932322905  LUMO = 0.676000605086
     k-point                  mo_energy
   0 ( 0.000  0.000  0.000)   [-0.28776994  0.50932323  0.50932323  0.50932323] [0.71166325 0.71166325 0.71166325 0.99010105 1.49383575 1.49383575
 1.76085488 1.76085488 1.76085488 1.78595603 2.27664312 2.27664312
 2.27664312 3.17334633 3.17334633 3.17334633 3.26398493 3.26398493
 4.31731199 4.31731199 4.31731199 4.86195385]
   1 ( 0.000  0.000  0.500)   [-0.07525392  0.0098109   0.40447704  0.40447704] [0.81702011 0.81702011 0.82800461 1.149345   1.32924502 1.5039222
 1.5039222  1.78950668 1.78950668 2.14724872 2.2312407  2.59637024
 2.68118196 2.68118196 2.72557373 2.72557373 3.30045491 3.30045491
 3.36795484 3.36795484 4.79980043 9.3852246 ]
   2 (-0.000  0.500  0.000)   [-0.07525392  0.0098109   0.40447704  0.40447704] [0.81702011 0.81702011 0.82800461 1.149345   1.32924502 1.5039222
 1.5039222  1.78950668 1.78950668 2.14724872 2.23124072 2.59637024
 2.68118196 2.68118196 2.72557373 2.72557373 3.30045491 3.30045491
 3.36795484 3.36795484 4.79980045 9.3852246 ]
   3 ( 0.000  0.500  0.500)   [0.0328765  0.03287844 0.2742567  0.2742567 ] [0.67600061 0.67600115 1.13083351 1.13083351 1.37676922 1.37677985
 1.74204879 1.74204879 1.97207231 1.97207606 2.42356813 2.42356813
 2.52102602 2.52102872 2.58029022 2.58029023 3.2737567  3.27376219
 4.64296594 4.6429661  6.59404167 6.59554188]
   4 ( 0.500 -0.000 -0.000)   [-0.07525392  0.0098109   0.40447704  0.40447704] [0.81702011 0.81702011 0.82800461 1.149345   1.32924502 1.5039222
 1.5039222  1.78950668 1.78950668 2.14724872 2.23124071 2.59637024
 2.68118196 2.68118196 2.72557373 2.72557373 3.30045491 3.30045491
 3.36795484 3.36795484 4.79980044 9.3852246 ]
   5 ( 0.500  0.000  0.500)   [0.0328765  0.03287844 0.2742567  0.2742567 ] [0.67600061 0.67600115 1.13083351 1.13083351 1.37676922 1.37677985
 1.74204879 1.74204879 1.97207231 1.97207606 2.42356813 2.42356813
 2.52102602 2.52102872 2.58029022 2.58029022 3.2737567  3.27376219
 4.64296592 4.64296607 6.59404167 6.59554188]
   6 ( 0.500  0.500  0.000)   [0.0328765  0.03287844 0.2742567  0.2742567 ] [0.67600061 0.67600115 1.13083351 1.13083351 1.37676922 1.37677985
 1.74204879 1.74204879 1.97207231 1.97207606 2.42356813 2.42356813
 2.52102602 2.52102872 2.58029022 2.58029022 3.2737567  3.27376219
 4.6429657  4.6429658  6.59404167 6.59554188]
   7 ( 0.500  0.500  0.500)   [-0.07525392  0.0098109   0.40447704  0.40447704] [0.81702011 0.81702011 0.82800461 1.149345   1.32924502 1.5039222
 1.5039222  1.78950668 1.78950668 2.14724872 2.23124072 2.59637024
 2.68118196 2.68118196 2.72557373 2.72557373 3.3004549  3.30045491
 3.36795484 3.36795484 4.79980045 9.3852246 ]
nelec by numeric integration = 8.000000000000139
    CPU time for vxc      8.36 sec, wall time      0.26 sec
    CPU time for get_j pass 1      1.45 sec, wall time      0.05 sec
    CPU time for get_j pass 2      1.22 sec, wall time      0.04 sec
    CPU time for vj and vk      3.16 sec, wall time      0.10 sec
Ewald components = 8.67997097708575e-26, -47.3756282134421, 34.5884981493536
E1 = (4.063001577602356+3.45269761002913e-19j)  Ecoul = 1.069844961308477  Exc = -3.596892148601444
Extra cycle  E= -11.2511756737791  delta_E= 6.13e-10  |g|= 0.000171  |ddm|= 0.00223
    CPU time for scf_cycle   1981.21 sec, wall time     83.65 sec
    CPU time for SCF   1981.23 sec, wall time     83.67 sec
converged SCF energy = -11.2511756737791
    CPU time for vnuc pass1: analytic int   1408.85 sec, wall time     56.36 sec
    CPU time for contracting Vnuc [0:216]     25.66 sec, wall time      1.18 sec
    CPU time for contracting Vnuc     25.66 sec, wall time      1.18 sec
    CPU time for get_pp_loc_part1   1435.45 sec, wall time     57.56 sec
    CPU time for get_pp_loc_part2   2809.09 sec, wall time    113.15 sec
    CPU time for get_pp_nl      5.89 sec, wall time      0.24 sec
    CPU time for get_pp   4250.43 sec, wall time    170.96 sec
nelec by numeric integration = 8.000000000000137
    CPU time for vxc    617.22 sec, wall time     19.49 sec

WARN: DF integrals for band k-points were not found /burg/berkelbach/users/eav2136/projects/interpolation/01_get_bands/tmp/tmpk6tun16o. DF integrals will be rebuilt to include band k-points.



******** <class 'pyscf.pbc.df.df.GDF'> ********
mesh = [7, 7, 7] (343 PWs)
auxbasis = {'C': [[0, [9.579456, 1]], [0, [4.789728, 1]], [0, [2.394864, 1]], [0, [1.197432, 1]], [0, [0.598716, 1]], [0, [0.299358, 1]], [1, [8.727455361661383, 1]], [1, [4.363727680830691, 1]], [1, [2.1818638404153456, 1]], [1, [1.0909319202076728, 1]], [1, [0.5454659601038364, 1]], [1, [0.2727329800519182, 1]], [2, [7.951232, 1]], [2, [3.975616, 1]], [2, [1.987808, 1]], [2, [0.993904, 1]], [2, [0.496952, 1]], [2, [0.248476, 1]], [3, [2.1026146480075707, 1]], [3, [1.0513073240037853, 1]], [3, [0.5256536620018927, 1]], [4, [1.112026, 1]]]}
eta = 0.2
exp_to_discard = None
_cderi = /burg/berkelbach/users/eav2136/projects/interpolation/01_get_bands/tmp/tmpk6tun16o  where DF integrals are loaded (readonly).
len(kpts) = 8
    kpts = [[ 0.          0.          0.        ]
 [ 0.46609268  0.46609268 -0.46609268]
 [ 0.46609268 -0.46609268  0.46609268]
 [ 0.93218535  0.          0.        ]
 [-0.46609268  0.46609268  0.46609268]
 [ 0.          0.93218535  0.        ]
 [ 0.          0.          0.93218535]
 [ 0.46609268  0.46609268  0.46609268]]
len(kpts_band) = 729
    kpts_band = [[ 0.          0.          0.        ]
 [ 0.10357615  0.10357615 -0.10357615]
 [ 0.2071523   0.2071523  -0.2071523 ]
 ...
 [ 0.6214569   0.6214569   1.0357615 ]
 [ 0.72503305  0.72503305  0.93218535]
 [ 0.8286092   0.8286092   0.8286092 ]]
Even tempered Gaussians are generated as DF auxbasis for  C
  ETB auxbasis for C  [[0, [9.579456, 1]], [0, [4.789728, 1]], [0, [2.394864, 1]], [0, [1.197432, 1]], [0, [0.598716, 1]], [0, [0.299358, 1]], [1, [8.727455361661383, 1]], [1, [4.363727680830691, 1]], [1, [2.1818638404153456, 1]], [1, [1.0909319202076728, 1]], [1, [0.5454659601038364, 1]], [1, [0.2727329800519182, 1]], [2, [7.951232, 1]], [2, [3.975616, 1]], [2, [1.987808, 1]], [2, [0.993904, 1]], [2, [0.496952, 1]], [2, [0.248476, 1]], [3, [2.1026146480075707, 1]], [3, [1.0513073240037853, 1]], [3, [0.5256536620018927, 1]], [4, [1.112026, 1]]]
num shells = 44, num cGTOs = 168
Drop 0 primitive fitting functions
make aux basis, num shells = 44, num cGTOs = 168
auxcell.rcut 12.846608924246357

WARN: DF integrals in /burg/berkelbach/users/eav2136/projects/interpolation/01_get_bands/tmp/tmpk6tun16o (specified by ._cderi) is overwritten by GDF initialization. 

make compensating basis, num shells = 10, num cGTOs = 50
chgcell.rcut 11.482117703874595
