#INFO: **** input file is /Users/ethanvo/projects/interpolation/01_get_bands/native_dft_mp2.py ****
#!/usr/bin/env python
import numpy as np
from pyscf.pbc import gto, dft, df
from pyscf.pbc.tools import pyscf_ase, lattice, get_coulG
from pyscf.gto.basis import parse_nwchem
from pyscf import lib
from pyscf.pbc.lib.kpts_helper import get_kconserv, KptsHelper
from pyscf.pbc.mp.kmp2 import KRMP2
import h5py
from fileutils import load, dump 
import sys

##############################
# Create a "Cell"
##############################

cell = gto.Cell()
# Candidate formula of solid: c, si, sic, bn, bp, aln, alp, mgo, mgs, lih, lif, licl
formula = "c"
ase_atom = lattice.get_ase_atom(formula)
cell.atom = pyscf_ase.ase_atoms_to_pyscf(ase_atom)
cell.a = ase_atom.cell[:]
cell.unit = 'B'
cell.basis = {'C': parse_nwchem.load("/Users/ethanvo/builds/ccgto/basis/gth-hf-rev/cc-pvdz-lc.dat", 'C')}
cell.pseudo = "gth-hf-rev"
cell.verbose = 7
cell.build()

##############################
#  K-point SCF 
##############################
scf_mesh = int(sys.argv[1])
kmesh = [scf_mesh, scf_mesh, scf_mesh]
scaled_center=[0.0, 0.0, 0.0]
kpts = cell.make_kpts(kmesh, scaled_center=scaled_center)
mymf = dft.KRKS(cell, kpts=kpts)
mymf.xc = 'pbe'
ekrhf = mymf.kernel()

mp2_mesh = int(sys.argv[2])
kmesh = [mp2_mesh, mp2_mesh, mp2_mesh]
kpts_interp = cell.make_kpts(kmesh, scaled_center=scaled_center)
mo_energy, mo_coeff = mymf.get_bands(kpts_interp)
mo_energy = np.asarray(mo_energy)
mo_coeff = np.asarray(mo_coeff)
mo_occ_dtype = mymf.mo_occ[0].dtype
mo_occ = np.zeros_like(mo_energy, dtype=mo_occ_dtype)
nocc = cell.nelectron // 2
mo_occ[:, :nocc] = 2.0

mydf = df.GDF(cell, kpts=kpts_interp)

##############################
#  MP2
##############################
mymp = KRMP2(mymf, frozen=None, mo_coeff=mo_coeff, mo_occ=mo_occ)
mymp.with_df_ints = True
mymp._scf.with_df = mydf
mymp.kpts = kpts_interp
mymp.mo_energy = mo_energy
mymp.nkpts = len(kpts_interp)
mymp.khelper = KptsHelper(cell, kpts_interp)
ekmp2, t2 = mymp.kernel()
total_energy = ekrhf + ekmp2

datafile = sys.argv[3]
datadict = {}
datadict['ekrhf'] = ekrhf
datadict['ekmp2'] = ekmp2
datadict['total_energy'] = total_energy
dump(datadict, f'data/{datafile}')
#INFO: ******************** input file end ********************


System: uname_result(system='Darwin', node='Concord-Dawn.local', release='23.1.0', version='Darwin Kernel Version 23.1.0: Mon Oct  9 21:27:24 PDT 2023; root:xnu-10002.41.9~6/RELEASE_ARM64_T6000', machine='arm64')  Threads 10
Python 3.11.5 (main, Aug 24 2023, 15:09:45) [Clang 14.0.3 (clang-1403.0.22.14.1)]
numpy 1.26.0  scipy 1.10.1
Date: Tue Nov  7 12:38:47 2023
PySCF version 2.0.1
PySCF path  /Users/ethanvo/builds/pyscf/projected_cvs/pyscf
GIT ORIG_HEAD 39249f5012c1a95ee10ab9573a362ed9ef07a422
GIT HEAD (branch projected-cvs) 12799a671021ff0b92a23c4db7c36e2a9239ed2d

[ENV] PYSCF_MAX_MEMORY 64000
[ENV] PYSCF_TMPDIR /Users/ethanvo/projects/interpolation/01_get_bands/tmp
[CONFIG] DEBUG = False
[CONFIG] MAX_MEMORY = 64000
[CONFIG] TMPDIR = /Users/ethanvo/projects/interpolation/01_get_bands/tmp
[CONFIG] UNIT = angstrom
[CONFIG] VERBOSE = 3
[CONFIG] conf_file = None
[INPUT] verbose = 7
[INPUT] max_memory = 64000 
[INPUT] num. atoms = 2
[INPUT] num. electrons = 8
[INPUT] charge = 0
[INPUT] spin (= nelec alpha-beta = 2S) = 0
[INPUT] symmetry False subgroup None
[INPUT] Mole.unit = B
[INPUT]  1 C      0.000000000000   0.000000000000   0.000000000000 AA    0.000000000000   0.000000000000   0.000000000000 Bohr
[INPUT]  2 C      0.891699936031   0.891699936031   0.891699936031 AA    1.685068664391   1.685068664391   1.685068664391 Bohr
[INPUT] ---------------- BASIS SET ---------------- 
[INPUT] l, kappa, [nprim/nctr], expnt,             c_1 c_2 ...
[INPUT] C
[INPUT] 0    0    [3    /1   ]  9.031436          -0.01960629
                                3.821255          -0.1291762
                                0.473725          0.5822572
[INPUT] 0    0    [1    /1   ]  0.149679             1
[INPUT] 1    0    [3    /1   ]  4.353457          0.08730943
                                1.266307          0.2797034
                                0.398715          0.5024424
[INPUT] 1    0    [1    /1   ]  0.124238             1
[INPUT] 2    0    [1    /1   ]  0.556013             1

Ewald components = 8.67997097708575e-26, -47.3756282134421, 34.5884981493536
nuclear repulsion = -12.7871300640885
number of shells = 10
number of NR pGTOs = 42
number of NR cGTOs = 26
basis = {'C': [[0, [9.031436, -0.01960629], [3.821255, -0.1291762], [0.473725, 0.5822572]], [0, [0.149679, 1.0]], [1, [4.353457, 0.08730943], [1.266307, 0.2797034], [0.398715, 0.5024424]], [1, [0.124238, 1.0]], [2, [0.556013, 1.0]]]}
ecp = {}
bas 0, expnt(s) = [9.031436 3.821255 0.473725]
bas 1, expnt(s) = [0.149679]
bas 2, expnt(s) = [4.353457 1.266307 0.398715]
bas 3, expnt(s) = [0.124238]
bas 4, expnt(s) = [0.556013]
bas 5, expnt(s) = [9.031436 3.821255 0.473725]
bas 6, expnt(s) = [0.149679]
bas 7, expnt(s) = [4.353457 1.266307 0.398715]
bas 8, expnt(s) = [0.124238]
bas 9, expnt(s) = [0.556013]
CPU time:         0.26
lattice vectors  a1 [0.000000000, 3.370137329, 3.370137329]
                 a2 [3.370137329, 0.000000000, 3.370137329]
                 a3 [3.370137329, 3.370137329, 0.000000000]
dimension = 3
low_dim_ft_type = None
Cell volume = 76.5549
rcut = 21.970857926874924 (nimgs = [6 6 6])
lattice sum = 1313 cells
precision = 1e-08
pseudo = gth-hf-rev
ke_cutoff = 382.8667051932727
    = [35 35 35] mesh (42875 PWs)


******** <class 'pyscf.pbc.dft.krks.KRKS'> ********
method = KRKS-KohnShamDFT
initial guess = minao
damping factor = 0
level_shift factor = 0
DIIS = <class 'pyscf.scf.diis.CDIIS'>
diis_start_cycle = 1
diis_space = 8
SCF conv_tol = 1e-07
SCF conv_tol_grad = None
SCF max_cycles = 50
direct_scf = True
direct_scf_tol = 1e-13
chkfile to save SCF result = /Users/ethanvo/projects/interpolation/01_get_bands/tmp/tmps5s0vufq
max_memory 64000 MB (current use 0 MB)


******** PBC SCF flags ********
N kpts = 27
kpts = [[ 0.00000000e+00  0.00000000e+00  0.00000000e+00]
 [ 3.10728451e-01  3.10728451e-01 -3.10728451e-01]
 [ 6.21456902e-01  6.21456902e-01 -6.21456902e-01]
 [ 3.10728451e-01 -3.10728451e-01  3.10728451e-01]
 [ 6.21456902e-01  1.97585401e-17 -1.97585401e-17]
 [ 9.32185352e-01  3.10728451e-01 -3.10728451e-01]
 [ 6.21456902e-01 -6.21456902e-01  6.21456902e-01]
 [ 9.32185352e-01 -3.10728451e-01  3.10728451e-01]
 [ 1.24291380e+00  3.95170803e-17 -3.95170803e-17]
 [-3.10728451e-01  3.10728451e-01  3.10728451e-01]
 [ 1.97585401e-17  6.21456902e-01 -1.97585401e-17]
 [ 3.10728451e-01  9.32185352e-01 -3.10728451e-01]
 [ 1.97585401e-17 -1.97585401e-17  6.21456902e-01]
 [ 3.10728451e-01  3.10728451e-01  3.10728451e-01]
 [ 6.21456902e-01  6.21456902e-01 -3.95170803e-17]
 [ 3.10728451e-01 -3.10728451e-01  9.32185352e-01]
 [ 6.21456902e-01 -3.57526111e-17  6.21456902e-01]
 [ 9.32185352e-01  3.10728451e-01  3.10728451e-01]
 [-6.21456902e-01  6.21456902e-01  6.21456902e-01]
 [-3.10728451e-01  9.32185352e-01  3.10728451e-01]
 [ 3.95170803e-17  1.24291380e+00 -3.95170803e-17]
 [-3.10728451e-01  3.10728451e-01  9.32185352e-01]
 [ 1.97585401e-17  6.21456902e-01  6.21456902e-01]
 [ 3.10728451e-01  9.32185352e-01  3.10728451e-01]
 [ 3.95170803e-17 -3.95170803e-17  1.24291380e+00]
 [ 3.10728451e-01  3.10728451e-01  9.32185352e-01]
 [ 6.21456902e-01  6.21456902e-01  6.21456902e-01]]
Exchange divergence treatment (exxdiv) = ewald
Monkhorst pack size [3 3 3] ew_eta 2.0680636387390705 ew_cut 3.402350398388742
Ewald components = 0, -1.16695765003732, 1.05358783663642
    madelung (= occupied orbital energy shift) = 0.22673962680178716
    Total energy shift due to Ewald probe charge = -1/2 * Nelec*madelung = -0.906958507207
DF object = <pyscf.pbc.df.fft.FFTDF object at 0x11ca97490>


******** <class 'pyscf.pbc.df.fft.FFTDF'> ********
mesh = [35 35 35] (42875 PWs)
len(kpts) = 27
    kpts = [[ 0.00000000e+00  0.00000000e+00  0.00000000e+00]
 [ 3.10728451e-01  3.10728451e-01 -3.10728451e-01]
 [ 6.21456902e-01  6.21456902e-01 -6.21456902e-01]
 [ 3.10728451e-01 -3.10728451e-01  3.10728451e-01]
 [ 6.21456902e-01  1.97585401e-17 -1.97585401e-17]
 [ 9.32185352e-01  3.10728451e-01 -3.10728451e-01]
 [ 6.21456902e-01 -6.21456902e-01  6.21456902e-01]
 [ 9.32185352e-01 -3.10728451e-01  3.10728451e-01]
 [ 1.24291380e+00  3.95170803e-17 -3.95170803e-17]
 [-3.10728451e-01  3.10728451e-01  3.10728451e-01]
 [ 1.97585401e-17  6.21456902e-01 -1.97585401e-17]
 [ 3.10728451e-01  9.32185352e-01 -3.10728451e-01]
 [ 1.97585401e-17 -1.97585401e-17  6.21456902e-01]
 [ 3.10728451e-01  3.10728451e-01  3.10728451e-01]
 [ 6.21456902e-01  6.21456902e-01 -3.95170803e-17]
 [ 3.10728451e-01 -3.10728451e-01  9.32185352e-01]
 [ 6.21456902e-01 -3.57526111e-17  6.21456902e-01]
 [ 9.32185352e-01  3.10728451e-01  3.10728451e-01]
 [-6.21456902e-01  6.21456902e-01  6.21456902e-01]
 [-3.10728451e-01  9.32185352e-01  3.10728451e-01]
 [ 3.95170803e-17  1.24291380e+00 -3.95170803e-17]
 [-3.10728451e-01  3.10728451e-01  9.32185352e-01]
 [ 1.97585401e-17  6.21456902e-01  6.21456902e-01]
 [ 3.10728451e-01  9.32185352e-01  3.10728451e-01]
 [ 3.95170803e-17 -3.95170803e-17  1.24291380e+00]
 [ 3.10728451e-01  3.10728451e-01  9.32185352e-01]
 [ 6.21456902e-01  6.21456902e-01  6.21456902e-01]]
XC functionals = pbe
small_rho_cutoff = 1e-07
Uniform grid, mesh = [35 35 35]
Set gradient conv threshold to 0.000316228
    CPU time for setting up grids      0.55 sec, wall time      0.12 sec
nelec by numeric integration = 8.0
    CPU time for vxc      4.10 sec, wall time      0.65 sec
    CPU time for vj and vk      2.64 sec, wall time      0.43 sec
Ewald components = 8.67997097708575e-26, -47.3756282134421, 34.5884981493536
E1 = (4.897378551259306+4.94473241401564e-19j)  Ecoul = 1.5381193517131253  Exc = -3.7997002129893813
init E= -10.1513323741055
cond(S) = [  26137.1170775   186522.01182067  186522.01182016  186522.0118195
 2187988.38292021  270694.07515281  186522.01181994  270694.07515586
 2187988.38301842  186522.01181523 2187988.38294845  270694.07515134
 2187988.38296524  186522.01181855  270694.07515536  270694.07517123
  270694.07515329  270694.07515483  186522.01181313  270694.07514864
 2187988.38281535  270694.07517456  270694.07514763  270694.07515875
 2187988.38310807  270694.07515208  186522.01181748]
    CPU time for initialize scf      9.99 sec, wall time      1.80 sec
HOMO = 0.572136267743  LUMO = 0.691989275133
     k-point                  mo_energy
   0 ( 0.000  0.000  0.000)   [-0.24766312  0.57213627  0.57213627  0.57213627] [0.75903984 0.75903984 0.75903984 1.04723492 1.52268223 1.52268223
 1.80183809 1.80183809 1.80183809 1.82499331 2.34502026 2.34502026
 2.34502026 3.20652511 3.20652511 3.20652511 3.29662862 3.29662862
 4.35521322 4.35521322 4.35521322 4.95478385]
   1 (-0.000 -0.000  0.333)   [-0.13689819  0.2048376   0.48037126  0.48037126] [0.85923416 0.85923416 0.86811246 1.16071475 1.38453225 1.456001
 1.456001   2.02395055 2.02395055 2.05800995 2.24811808 2.37958769
 2.37958769 2.93675775 3.04111405 3.04111405 3.39469246 3.39469246
 3.51008161 3.51008161 5.06218202 9.38137623]
   2 (-0.000 -0.000  0.667)   [-0.13689819  0.2048376   0.48037126  0.48037126] [0.85923416 0.85923416 0.86811246 1.16071475 1.38453225 1.456001
 1.456001   2.02395055 2.02395055 2.05800995 2.24811808 2.37958769
 2.37958769 2.93675775 3.04111405 3.04111405 3.39469246 3.39469246
 3.51008161 3.51008161 5.06218202 9.38137623]
   3 ( 0.000  0.333 -0.000)   [-0.13689819  0.2048376   0.48037126  0.48037126] [0.85923416 0.85923416 0.86811246 1.16071475 1.38453225 1.456001
 1.456001   2.02395055 2.02395055 2.05800995 2.24811808 2.37958769
 2.37958769 2.93675775 3.04111405 3.04111405 3.39469246 3.39469246
 3.51008161 3.51008161 5.06218202 9.38137623]
   4 (-0.000  0.333  0.333)   [-0.09890763  0.29322931  0.36231396  0.36231396] [0.69198928 0.81729168 1.09164539 1.09164539 1.38065935 1.43976732
 1.73288453 1.9089668  1.9089668  2.1744305  2.1744305  2.29741117
 2.40103208 2.56247615 2.97076933 2.97076933 2.99006024 3.59618961
 4.14767589 4.14767589 6.72028819 7.39867576]
   5 (-0.000  0.333  0.667)   [0.03122995 0.14801011 0.19989916 0.3873265 ] [0.77049115 1.04298798 1.06501369 1.11931463 1.19027004 1.47041865
 1.50418424 1.8684871  2.06936762 2.13123147 2.33755675 2.44175304
 2.46866204 2.53223441 2.68648861 2.83053918 2.96171187 3.04857659
 3.58206344 4.08782355 8.43651139 9.283551  ]
   6 ( 0.000  0.667 -0.000)   [-0.13689819  0.2048376   0.48037126  0.48037126] [0.85923416 0.85923416 0.86811246 1.16071475 1.38453225 1.456001
 1.456001   2.02395055 2.02395055 2.05800995 2.24811808 2.37958769
 2.37958769 2.93675775 3.04111405 3.04111405 3.39469246 3.39469246
 3.51008161 3.51008161 5.06218202 9.38137623]
   7 ( 0.000  0.667  0.333)   [0.03122995 0.14801011 0.19989916 0.3873265 ] [0.77049115 1.04298798 1.06501369 1.11931463 1.19027004 1.47041865
 1.50418424 1.8684871  2.06936762 2.13123147 2.33755675 2.44175304
 2.46866204 2.53223441 2.68648861 2.83053918 2.96171187 3.04857659
 3.58206344 4.08782355 8.43651139 9.283551  ]
   8 (-0.000  0.667  0.667)   [-0.09890763  0.29322931  0.36231396  0.36231396] [0.69198928 0.81729168 1.09164539 1.09164539 1.38065935 1.43976732
 1.73288453 1.9089668  1.9089668  2.1744305  2.1744305  2.29741117
 2.40103208 2.56247615 2.97076933 2.97076933 2.99006024 3.59618961
 4.14767589 4.14767589 6.72028819 7.39867576]
   9 ( 0.333  0.000  0.000)   [-0.13689819  0.2048376   0.48037126  0.48037126] [0.85923416 0.85923416 0.86811246 1.16071475 1.38453225 1.456001
 1.456001   2.02395055 2.02395055 2.05800995 2.24811808 2.37958769
 2.37958769 2.93675775 3.04111405 3.04111405 3.39469246 3.39469246
 3.51008161 3.51008161 5.06218202 9.38137623]
  10 ( 0.333 -0.000  0.333)   [-0.09890763  0.29322931  0.36231396  0.36231396] [0.69198928 0.81729168 1.09164539 1.09164539 1.38065935 1.43976732
 1.73288453 1.9089668  1.9089668  2.1744305  2.1744305  2.29741117
 2.40103208 2.56247615 2.97076933 2.97076933 2.99006024 3.59618961
 4.14767589 4.14767589 6.72028819 7.39867576]
  11 ( 0.333 -0.000  0.667)   [0.03122995 0.14801011 0.19989916 0.3873265 ] [0.77049115 1.04298798 1.06501369 1.11931463 1.19027004 1.47041865
 1.50418424 1.8684871  2.06936762 2.13123147 2.33755675 2.44175304
 2.46866204 2.53223441 2.68648861 2.83053918 2.96171187 3.04857659
 3.58206344 4.08782355 8.43651139 9.283551  ]
  12 ( 0.333  0.333 -0.000)   [-0.09890763  0.29322931  0.36231396  0.36231396] [0.69198928 0.81729168 1.09164539 1.09164539 1.38065935 1.43976732
 1.73288453 1.9089668  1.9089668  2.1744305  2.1744305  2.29741117
 2.40103208 2.56247615 2.97076933 2.97076933 2.99006024 3.59618961
 4.14767589 4.14767589 6.72028819 7.39867576]
  13 ( 0.333  0.333  0.333)   [-0.13689819  0.2048376   0.48037126  0.48037126] [0.85923416 0.85923416 0.86811246 1.16071475 1.38453225 1.456001
 1.456001   2.02395055 2.02395055 2.05800995 2.24811808 2.37958769
 2.37958769 2.93675775 3.04111405 3.04111405 3.39469246 3.39469246
 3.51008161 3.51008161 5.06218202 9.38137623]
  14 ( 0.333  0.333  0.667)   [0.03122995 0.14801011 0.19989916 0.3873265 ] [0.77049115 1.04298798 1.06501369 1.11931463 1.19027004 1.47041865
 1.50418424 1.8684871  2.06936762 2.13123147 2.33755675 2.44175304
 2.46866204 2.53223441 2.68648861 2.83053918 2.96171187 3.04857659
 3.58206344 4.08782355 8.43651139 9.283551  ]
  15 ( 0.333  0.667 -0.000)   [0.03122995 0.14801011 0.19989916 0.3873265 ] [0.77049115 1.04298798 1.06501369 1.11931463 1.19027004 1.47041865
 1.50418424 1.8684871  2.06936762 2.13123147 2.33755675 2.44175304
 2.46866204 2.53223441 2.68648861 2.83053918 2.96171187 3.04857659
 3.58206344 4.08782355 8.43651139 9.283551  ]
  16 ( 0.333  0.667  0.333)   [0.03122995 0.14801011 0.19989916 0.3873265 ] [0.77049115 1.04298798 1.06501369 1.11931463 1.19027004 1.47041865
 1.50418424 1.8684871  2.06936762 2.13123147 2.33755675 2.44175304
 2.46866204 2.53223441 2.68648861 2.83053918 2.96171187 3.04857659
 3.58206344 4.08782355 8.43651139 9.283551  ]
  17 ( 0.333  0.667  0.667)   [0.03122995 0.14801011 0.19989916 0.3873265 ] [0.77049115 1.04298798 1.06501369 1.11931463 1.19027004 1.47041865
 1.50418424 1.8684871  2.06936762 2.13123147 2.33755675 2.44175304
 2.46866204 2.53223441 2.68648861 2.83053918 2.96171187 3.04857659
 3.58206344 4.08782355 8.43651139 9.283551  ]
  18 ( 0.667  0.000  0.000)   [-0.13689819  0.2048376   0.48037126  0.48037126] [0.85923416 0.85923416 0.86811246 1.16071475 1.38453225 1.456001
 1.456001   2.02395055 2.02395055 2.05800995 2.24811808 2.37958769
 2.37958769 2.93675775 3.04111405 3.04111405 3.39469246 3.39469246
 3.51008161 3.51008161 5.06218202 9.38137623]
  19 ( 0.667  0.000  0.333)   [0.03122995 0.14801011 0.19989916 0.3873265 ] [0.77049115 1.04298798 1.06501369 1.11931463 1.19027004 1.47041865
 1.50418424 1.8684871  2.06936762 2.13123147 2.33755675 2.44175304
 2.46866204 2.53223441 2.68648861 2.83053918 2.96171187 3.04857659
 3.58206344 4.08782355 8.43651139 9.283551  ]
  20 ( 0.667 -0.000  0.667)   [-0.09890763  0.29322931  0.36231396  0.36231396] [0.69198928 0.81729168 1.09164539 1.09164539 1.38065935 1.43976732
 1.73288453 1.9089668  1.9089668  2.1744305  2.1744305  2.29741117
 2.40103208 2.56247615 2.97076933 2.97076933 2.99006024 3.59618961
 4.14767589 4.14767589 6.72028819 7.39867576]
  21 ( 0.667  0.333  0.000)   [0.03122995 0.14801011 0.19989916 0.3873265 ] [0.77049115 1.04298798 1.06501369 1.11931463 1.19027004 1.47041865
 1.50418424 1.8684871  2.06936762 2.13123147 2.33755675 2.44175304
 2.46866204 2.53223441 2.68648861 2.83053918 2.96171187 3.04857659
 3.58206344 4.08782355 8.43651139 9.283551  ]
  22 ( 0.667  0.333  0.333)   [0.03122995 0.14801011 0.19989916 0.3873265 ] [0.77049115 1.04298798 1.06501369 1.11931463 1.19027004 1.47041865
 1.50418424 1.8684871  2.06936762 2.13123147 2.33755675 2.44175304
 2.46866204 2.53223441 2.68648861 2.83053918 2.96171187 3.04857659
 3.58206344 4.08782355 8.43651139 9.283551  ]
  23 ( 0.667  0.333  0.667)   [0.03122995 0.14801011 0.19989916 0.3873265 ] [0.77049115 1.04298798 1.06501369 1.11931463 1.19027004 1.47041865
 1.50418424 1.8684871  2.06936762 2.13123147 2.33755675 2.44175304
 2.46866204 2.53223441 2.68648861 2.83053918 2.96171187 3.04857659
 3.58206344 4.08782355 8.43651139 9.283551  ]
  24 ( 0.667  0.667 -0.000)   [-0.09890763  0.29322931  0.36231396  0.36231396] [0.69198928 0.81729168 1.09164539 1.09164539 1.38065935 1.43976732
 1.73288453 1.9089668  1.9089668  2.1744305  2.1744305  2.29741117
 2.40103208 2.56247615 2.97076933 2.97076933 2.99006024 3.59618961
 4.14767589 4.14767589 6.72028819 7.39867576]
  25 ( 0.667  0.667  0.333)   [0.03122995 0.14801011 0.19989916 0.3873265 ] [0.77049115 1.04298798 1.06501369 1.11931463 1.19027004 1.47041865
 1.50418424 1.8684871  2.06936762 2.13123147 2.33755675 2.44175304
 2.46866204 2.53223441 2.68648861 2.83053918 2.96171187 3.04857659
 3.58206344 4.08782355 8.43651139 9.283551  ]
  26 ( 0.667  0.667  0.667)   [-0.13689819  0.2048376   0.48037126  0.48037126] [0.85923416 0.85923416 0.86811246 1.16071475 1.38453225 1.456001
 1.456001   2.02395055 2.02395055 2.05800995 2.24811808 2.37958769
 2.37958769 2.93675775 3.04111405 3.04111405 3.39469246 3.39469246
 3.51008161 3.51008161 5.06218202 9.38137623]
nelec by numeric integration = 8.00000000000035
    CPU time for vxc      3.85 sec, wall time      0.65 sec
    CPU time for vj and vk      2.42 sec, wall time      0.38 sec
Ewald components = 8.67997097708575e-26, -47.3756282134421, 34.5884981493536
E1 = (4.083815397088338+2.5655435851888472e-17j)  Ecoul = 0.8950383407427909  Exc = -3.532435495371443
cycle= 1 E= -11.3407118216288  delta_E= -1.19  |g|= 0.923  |ddm|=   43
    CPU time for cycle= 1      6.29 sec, wall time      1.04 sec
diis-norm(errvec)=1.35383
diis-c [-1.83284633-1.18218218e-18j  1.        +0.00000000e+00j]
HOMO = 0.483569947791  LUMO = 0.640804077709
     k-point                  mo_energy
   0 ( 0.000  0.000  0.000)   [-0.30365212  0.48356995  0.48356995  0.48356995] [0.69230757 0.69230757 0.69230757 0.96409048 1.4850817  1.4850817
 1.7496194  1.7496194  1.7496194  1.77554076 2.2545874  2.2545874
 2.2545874  3.16048212 3.16048212 3.16048212 3.24969736 3.24969736
 4.30124097 4.30124097 4.30124097 4.84319022]
   1 (-0.000 -0.000  0.333)   [-0.19455081  0.14038644  0.39851732  0.39851732] [0.79182847 0.79182847 0.79812224 1.06822163 1.31296511 1.40914074
 1.40914074 1.96356636 1.96356636 1.99769689 2.19940515 2.32059577
 2.32059577 2.86911321 2.97060677 2.97060677 3.34148548 3.34148548
 3.44945742 3.44945742 4.94241139 9.11954881]
   2 (-0.000 -0.000  0.667)   [-0.19455081  0.14038644  0.39851732  0.39851732] [0.79182847 0.79182847 0.79812224 1.06822163 1.31296511 1.40914074
 1.40914074 1.96356636 1.96356636 1.99769689 2.19940515 2.32059577
 2.32059577 2.86911321 2.97060677 2.97060677 3.34148548 3.34148548
 3.44945742 3.44945742 4.94241139 9.11954881]
   3 ( 0.000  0.333 -0.000)   [-0.19455081  0.14038644  0.39851732  0.39851732] [0.79182847 0.79182847 0.79812224 1.06822163 1.31296511 1.40914074
 1.40914074 1.96356636 1.96356636 1.99769689 2.19940515 2.32059577
 2.32059577 2.86911321 2.97060677 2.97060677 3.34148548 3.34148548
 3.44945742 3.44945742 4.94241139 9.11954881]
   4 (-0.000  0.333  0.333)   [-0.15769462  0.2188916   0.28995919  0.28995919] [0.64080408 0.77615638 1.00171237 1.00171237 1.29205599 1.35683802
 1.694185   1.84203651 1.84203651 2.12637049 2.12637049 2.26092029
 2.35879746 2.5034005  2.90602047 2.90602047 2.924234   3.5408285
 4.06218503 4.06218504 6.5584668  7.21795894]
   5 (-0.000  0.333  0.667)   [-0.03394293  0.08132811  0.14233375  0.31279272] [0.72246213 0.96067778 0.98461342 1.0336417  1.12520794 1.4091485
 1.42585579 1.81330496 2.00572615 2.08848035 2.28465749 2.39095036
 2.41269149 2.46665496 2.61330058 2.75790498 2.91339897 3.00092376
 3.52922672 4.04212641 8.21085881 9.02382424]
   6 ( 0.000  0.667 -0.000)   [-0.19455081  0.14038644  0.39851732  0.39851732] [0.79182847 0.79182847 0.79812224 1.06822163 1.31296511 1.40914074
 1.40914074 1.96356636 1.96356636 1.99769689 2.19940515 2.32059577
 2.32059577 2.86911321 2.97060677 2.97060677 3.34148548 3.34148548
 3.44945742 3.44945742 4.94241139 9.11954881]
   7 ( 0.000  0.667  0.333)   [-0.03394293  0.08132811  0.14233375  0.31279272] [0.72246213 0.96067778 0.98461342 1.0336417  1.12520794 1.4091485
 1.42585579 1.81330496 2.00572615 2.08848035 2.28465749 2.39095036
 2.41269149 2.46665496 2.61330058 2.75790498 2.91339897 3.00092376
 3.52922672 4.04212641 8.21085881 9.02382424]
   8 (-0.000  0.667  0.667)   [-0.15769462  0.2188916   0.28995919  0.28995919] [0.64080408 0.77615638 1.00171237 1.00171237 1.29205599 1.35683802
 1.694185   1.84203651 1.84203651 2.12637049 2.12637049 2.26092029
 2.35879746 2.5034005  2.90602047 2.90602047 2.924234   3.5408285
 4.06218503 4.06218504 6.5584668  7.21795894]
   9 ( 0.333  0.000  0.000)   [-0.19455081  0.14038644  0.39851732  0.39851732] [0.79182847 0.79182847 0.79812224 1.06822163 1.31296511 1.40914074
 1.40914074 1.96356636 1.96356636 1.99769689 2.19940515 2.32059577
 2.32059577 2.86911321 2.97060677 2.97060677 3.34148548 3.34148548
 3.44945742 3.44945742 4.94241139 9.11954881]
  10 ( 0.333 -0.000  0.333)   [-0.15769462  0.2188916   0.28995919  0.28995919] [0.64080408 0.77615638 1.00171237 1.00171237 1.29205599 1.35683802
 1.694185   1.84203651 1.84203651 2.12637049 2.12637049 2.26092029
 2.35879746 2.5034005  2.90602047 2.90602047 2.924234   3.5408285
 4.06218503 4.06218504 6.5584668  7.21795894]
  11 ( 0.333 -0.000  0.667)   [-0.03394293  0.08132811  0.14233375  0.31279272] [0.72246213 0.96067778 0.98461342 1.0336417  1.12520794 1.4091485
 1.42585579 1.81330496 2.00572615 2.08848035 2.28465749 2.39095036
 2.41269149 2.46665496 2.61330058 2.75790498 2.91339897 3.00092376
 3.52922672 4.04212641 8.21085881 9.02382424]
  12 ( 0.333  0.333 -0.000)   [-0.15769462  0.2188916   0.28995919  0.28995919] [0.64080408 0.77615638 1.00171237 1.00171237 1.29205599 1.35683802
 1.694185   1.84203651 1.84203651 2.12637049 2.12637049 2.26092029
 2.35879746 2.5034005  2.90602047 2.90602047 2.924234   3.5408285
 4.06218504 4.06218504 6.5584668  7.21795894]
  13 ( 0.333  0.333  0.333)   [-0.19455081  0.14038644  0.39851732  0.39851732] [0.79182847 0.79182847 0.79812224 1.06822163 1.31296511 1.40914074
 1.40914074 1.96356636 1.96356636 1.99769689 2.19940515 2.32059577
 2.32059577 2.86911321 2.97060677 2.97060677 3.34148548 3.34148548
 3.44945742 3.44945742 4.94241139 9.11954881]
  14 ( 0.333  0.333  0.667)   [-0.03394293  0.08132811  0.14233375  0.31279272] [0.72246213 0.96067778 0.98461342 1.0336417  1.12520794 1.4091485
 1.42585579 1.81330496 2.00572615 2.08848035 2.28465749 2.39095036
 2.41269149 2.46665496 2.61330058 2.75790498 2.91339897 3.00092376
 3.52922672 4.04212641 8.21085881 9.02382424]
  15 ( 0.333  0.667 -0.000)   [-0.03394293  0.08132811  0.14233375  0.31279272] [0.72246213 0.96067778 0.98461342 1.0336417  1.12520794 1.4091485
 1.42585579 1.81330496 2.00572615 2.08848035 2.28465749 2.39095036
 2.41269149 2.46665496 2.61330058 2.75790498 2.91339897 3.00092376
 3.52922672 4.04212641 8.21085881 9.02382424]
  16 ( 0.333  0.667  0.333)   [-0.03394293  0.08132811  0.14233375  0.31279272] [0.72246213 0.96067778 0.98461342 1.0336417  1.12520794 1.4091485
 1.42585579 1.81330496 2.00572615 2.08848035 2.28465749 2.39095036
 2.41269149 2.46665496 2.61330058 2.75790498 2.91339897 3.00092376
 3.52922672 4.04212641 8.21085881 9.02382424]
  17 ( 0.333  0.667  0.667)   [-0.03394293  0.08132811  0.14233375  0.31279272] [0.72246213 0.96067778 0.98461342 1.0336417  1.12520794 1.4091485
 1.42585579 1.81330496 2.00572615 2.08848035 2.28465749 2.39095036
 2.41269149 2.46665496 2.61330058 2.75790498 2.91339897 3.00092376
 3.52922672 4.04212641 8.21085881 9.02382424]
  18 ( 0.667  0.000  0.000)   [-0.19455081  0.14038644  0.39851732  0.39851732] [0.79182847 0.79182847 0.79812224 1.06822163 1.31296511 1.40914074
 1.40914074 1.96356636 1.96356636 1.99769689 2.19940515 2.32059577
 2.32059577 2.86911321 2.97060677 2.97060677 3.34148548 3.34148548
 3.44945742 3.44945742 4.94241139 9.11954881]
  19 ( 0.667  0.000  0.333)   [-0.03394293  0.08132811  0.14233375  0.31279272] [0.72246213 0.96067778 0.98461342 1.0336417  1.12520794 1.4091485
 1.42585579 1.81330496 2.00572615 2.08848035 2.28465749 2.39095036
 2.41269149 2.46665496 2.61330058 2.75790498 2.91339897 3.00092376
 3.52922672 4.04212641 8.21085881 9.02382424]
  20 ( 0.667 -0.000  0.667)   [-0.15769462  0.2188916   0.28995919  0.28995919] [0.64080408 0.77615638 1.00171237 1.00171237 1.29205599 1.35683802
 1.694185   1.84203651 1.84203651 2.12637049 2.12637049 2.26092029
 2.35879746 2.5034005  2.90602047 2.90602047 2.924234   3.5408285
 4.06218503 4.06218504 6.5584668  7.21795894]
  21 ( 0.667  0.333  0.000)   [-0.03394293  0.08132811  0.14233375  0.31279272] [0.72246213 0.96067778 0.98461342 1.0336417  1.12520794 1.4091485
 1.42585579 1.81330496 2.00572615 2.08848035 2.28465749 2.39095036
 2.41269149 2.46665496 2.61330058 2.75790498 2.91339897 3.00092376
 3.52922672 4.04212641 8.21085881 9.02382424]
  22 ( 0.667  0.333  0.333)   [-0.03394293  0.08132811  0.14233375  0.31279272] [0.72246213 0.96067778 0.98461342 1.0336417  1.12520794 1.4091485
 1.42585579 1.81330496 2.00572615 2.08848035 2.28465749 2.39095036
 2.41269149 2.46665496 2.61330058 2.75790498 2.91339897 3.00092376
 3.52922672 4.04212641 8.21085881 9.02382424]
  23 ( 0.667  0.333  0.667)   [-0.03394293  0.08132811  0.14233375  0.31279272] [0.72246213 0.96067778 0.98461342 1.0336417  1.12520794 1.4091485
 1.42585579 1.81330496 2.00572615 2.08848035 2.28465749 2.39095036
 2.41269149 2.46665496 2.61330058 2.75790498 2.91339897 3.00092376
 3.52922672 4.04212641 8.21085881 9.02382424]
  24 ( 0.667  0.667 -0.000)   [-0.15769462  0.2188916   0.28995919  0.28995919] [0.64080408 0.77615638 1.00171237 1.00171237 1.29205599 1.35683802
 1.694185   1.84203651 1.84203651 2.12637049 2.12637049 2.26092029
 2.35879746 2.5034005  2.90602047 2.90602047 2.924234   3.5408285
 4.06218503 4.06218504 6.5584668  7.21795894]
  25 ( 0.667  0.667  0.333)   [-0.03394293  0.08132811  0.14233375  0.31279272] [0.72246213 0.96067778 0.98461342 1.0336417  1.12520794 1.4091485
 1.42585579 1.81330496 2.00572615 2.08848035 2.28465749 2.39095036
 2.41269149 2.46665496 2.61330058 2.75790498 2.91339897 3.00092376
 3.52922672 4.04212641 8.21085881 9.02382424]
  26 ( 0.667  0.667  0.667)   [-0.19455081  0.14038644  0.39851732  0.39851732] [0.79182847 0.79182847 0.79812224 1.06822163 1.31296511 1.40914074
 1.40914074 1.96356636 1.96356636 1.99769689 2.19940515 2.32059577
 2.32059577 2.86911321 2.97060677 2.97060677 3.34148548 3.34148548
 3.44945742 3.44945742 4.94241139 9.11954881]
nelec by numeric integration = 8.000000000000059
    CPU time for vxc      3.80 sec, wall time      0.64 sec
    CPU time for vj and vk      2.42 sec, wall time      0.38 sec
Ewald components = 8.67997097708575e-26, -47.3756282134421, 34.5884981493536
E1 = (4.00010455449504+2.7506610672317426e-17j)  Ecoul = 1.015922766084835  Exc = -3.576997401344122
cycle= 2 E= -11.3481001448527  delta_E= -0.00739  |g|= 0.208  |ddm|= 61.7
    CPU time for cycle= 2      6.23 sec, wall time      1.03 sec
diis-norm(errvec)=0.324029
diis-c [-5.85438980e-04+1.11388431e-19j  1.92710524e-01-9.09110295e-19j
  8.07289476e-01+9.09110295e-19j]
HOMO = 0.498196143794  LUMO = 0.64864203313
     k-point                  mo_energy
   0 ( 0.000  0.000  0.000)   [-0.29478763  0.49819614  0.49819614  0.49819614] [0.70326058 0.70326058 0.70326058 0.97864105 1.49000336 1.49000336
 1.75594153 1.75594153 1.75594153 1.7810561  2.26726862 2.26726862
 2.26726862 3.16748068 3.16748068 3.16748068 3.2576385  3.2576385
 4.31009722 4.31009722 4.31009722 4.85416366]
   1 (-0.000 -0.000  0.333)   [-0.18529133  0.15080318  0.41202319  0.41202319] [0.80284341 0.80284341 0.8097784  1.08363137 1.32270539 1.41507074
 1.41507074 1.97233805 1.97233805 2.00595416 2.20665367 2.3290358
 2.3290358  2.87903034 2.98118074 2.98118074 3.34981362 3.34981362
 3.4578055  3.4578055  4.95492898 9.14732891]
   2 (-0.000 -0.000  0.667)   [-0.18529133  0.15080318  0.41202319  0.41202319] [0.80284341 0.80284341 0.8097784  1.08363137 1.32270539 1.41507074
 1.41507074 1.97233805 1.97233805 2.00595416 2.20665367 2.3290358
 2.3290358  2.87903034 2.98118074 2.98118074 3.34981362 3.34981362
 3.4578055  3.4578055  4.95492898 9.14732891]
   3 ( 0.000  0.333 -0.000)   [-0.18529133  0.15080318  0.41202319  0.41202319] [0.80284341 0.80284341 0.8097784  1.08363137 1.32270539 1.41507074
 1.41507074 1.97233805 1.97233805 2.00595416 2.20665367 2.3290358
 2.3290358  2.87903034 2.98118074 2.98118074 3.34981362 3.34981362
 3.4578055  3.4578055  4.95492898 9.14732891]
   4 (-0.000  0.333  0.333)   [-0.14823603  0.23122708  0.30174634  0.30174634] [0.64864203 0.78207845 1.01666544 1.01666544 1.30556457 1.36846505
 1.69940393 1.85075662 1.85075662 2.13365873 2.13365873 2.26562626
 2.365081   2.51227075 2.91562796 2.91562796 2.93495314 3.55088697
 4.07371021 4.07371021 6.57613722 7.23699868]
   5 (-0.000  0.333  0.667)   [-0.02317421  0.09229805  0.15129261  0.32497994] [0.72970952 0.97438655 0.99804204 1.04799775 1.13398717 1.42302127
 1.43151682 1.8195505  2.01451637 2.09440463 2.2920627  2.39938626
 2.42077005 2.47681735 2.6228143  2.76862674 2.92128389 3.00905641
 3.53730754 4.04871402 8.23472079 9.05138312]
   6 ( 0.000  0.667 -0.000)   [-0.18529133  0.15080318  0.41202319  0.41202319] [0.80284341 0.80284341 0.8097784  1.08363137 1.32270539 1.41507074
 1.41507074 1.97233805 1.97233805 2.00595416 2.20665367 2.3290358
 2.3290358  2.87903034 2.98118074 2.98118074 3.34981362 3.34981362
 3.4578055  3.4578055  4.95492898 9.14732891]
   7 ( 0.000  0.667  0.333)   [-0.02317421  0.09229805  0.15129261  0.32497994] [0.72970952 0.97438655 0.99804204 1.04799775 1.13398717 1.42302127
 1.43151682 1.8195505  2.01451637 2.09440463 2.2920627  2.39938626
 2.42077005 2.47681735 2.6228143  2.76862674 2.92128389 3.00905641
 3.53730754 4.04871402 8.23472079 9.05138312]
   8 (-0.000  0.667  0.667)   [-0.14823603  0.23122708  0.30174634  0.30174634] [0.64864203 0.78207845 1.01666544 1.01666544 1.30556457 1.36846505
 1.69940393 1.85075662 1.85075662 2.13365873 2.13365873 2.26562626
 2.365081   2.51227075 2.91562796 2.91562796 2.93495314 3.55088697
 4.07371021 4.07371021 6.57613722 7.23699868]
   9 ( 0.333  0.000  0.000)   [-0.18529133  0.15080318  0.41202319  0.41202319] [0.80284341 0.80284341 0.8097784  1.08363137 1.32270539 1.41507074
 1.41507074 1.97233805 1.97233805 2.00595416 2.20665367 2.3290358
 2.3290358  2.87903034 2.98118074 2.98118074 3.34981362 3.34981362
 3.4578055  3.4578055  4.95492898 9.14732891]
  10 ( 0.333 -0.000  0.333)   [-0.14823603  0.23122708  0.30174634  0.30174634] [0.64864203 0.78207845 1.01666544 1.01666544 1.30556457 1.36846505
 1.69940393 1.85075662 1.85075662 2.13365873 2.13365873 2.26562626
 2.365081   2.51227075 2.91562796 2.91562796 2.93495314 3.55088697
 4.07371021 4.07371021 6.57613722 7.23699868]
  11 ( 0.333 -0.000  0.667)   [-0.02317421  0.09229805  0.15129261  0.32497994] [0.72970952 0.97438655 0.99804204 1.04799775 1.13398717 1.42302127
 1.43151682 1.8195505  2.01451637 2.09440463 2.2920627  2.39938626
 2.42077005 2.47681735 2.6228143  2.76862674 2.92128389 3.00905641
 3.53730754 4.04871402 8.23472079 9.05138312]
  12 ( 0.333  0.333 -0.000)   [-0.14823603  0.23122708  0.30174634  0.30174634] [0.64864203 0.78207845 1.01666544 1.01666544 1.30556457 1.36846505
 1.69940393 1.85075662 1.85075662 2.13365873 2.13365873 2.26562626
 2.365081   2.51227075 2.91562796 2.91562796 2.93495314 3.55088697
 4.07371021 4.07371021 6.57613722 7.23699868]
  13 ( 0.333  0.333  0.333)   [-0.18529133  0.15080318  0.41202319  0.41202319] [0.80284341 0.80284341 0.8097784  1.08363137 1.32270539 1.41507074
 1.41507074 1.97233805 1.97233805 2.00595416 2.20665367 2.3290358
 2.3290358  2.87903034 2.98118074 2.98118074 3.34981362 3.34981362
 3.4578055  3.4578055  4.95492898 9.14732891]
  14 ( 0.333  0.333  0.667)   [-0.02317421  0.09229805  0.15129261  0.32497994] [0.72970952 0.97438655 0.99804204 1.04799775 1.13398717 1.42302127
 1.43151682 1.8195505  2.01451637 2.09440463 2.2920627  2.39938626
 2.42077005 2.47681735 2.6228143  2.76862674 2.92128389 3.00905641
 3.53730754 4.04871402 8.23472079 9.05138312]
  15 ( 0.333  0.667 -0.000)   [-0.02317421  0.09229805  0.15129261  0.32497994] [0.72970952 0.97438655 0.99804204 1.04799775 1.13398717 1.42302127
 1.43151682 1.8195505  2.01451637 2.09440463 2.2920627  2.39938626
 2.42077005 2.47681735 2.6228143  2.76862674 2.92128389 3.00905641
 3.53730754 4.04871402 8.23472079 9.05138312]
  16 ( 0.333  0.667  0.333)   [-0.02317421  0.09229805  0.15129261  0.32497994] [0.72970952 0.97438655 0.99804204 1.04799775 1.13398717 1.42302127
 1.43151682 1.8195505  2.01451637 2.09440463 2.2920627  2.39938626
 2.42077005 2.47681735 2.6228143  2.76862674 2.92128389 3.00905641
 3.53730754 4.04871402 8.23472079 9.05138312]
  17 ( 0.333  0.667  0.667)   [-0.02317421  0.09229805  0.15129261  0.32497994] [0.72970952 0.97438655 0.99804204 1.04799775 1.13398717 1.42302127
 1.43151682 1.8195505  2.01451637 2.09440463 2.2920627  2.39938626
 2.42077005 2.47681735 2.6228143  2.76862674 2.92128389 3.00905641
 3.53730754 4.04871402 8.23472079 9.05138312]
  18 ( 0.667  0.000  0.000)   [-0.18529133  0.15080318  0.41202319  0.41202319] [0.80284341 0.80284341 0.8097784  1.08363137 1.32270539 1.41507074
 1.41507074 1.97233805 1.97233805 2.00595416 2.20665367 2.3290358
 2.3290358  2.87903034 2.98118074 2.98118074 3.34981362 3.34981362
 3.4578055  3.4578055  4.95492898 9.14732891]
  19 ( 0.667  0.000  0.333)   [-0.02317421  0.09229805  0.15129261  0.32497994] [0.72970952 0.97438655 0.99804204 1.04799775 1.13398717 1.42302127
 1.43151682 1.8195505  2.01451637 2.09440463 2.2920627  2.39938626
 2.42077005 2.47681735 2.6228143  2.76862674 2.92128389 3.00905641
 3.53730754 4.04871402 8.23472079 9.05138312]
  20 ( 0.667 -0.000  0.667)   [-0.14823603  0.23122708  0.30174634  0.30174634] [0.64864203 0.78207845 1.01666544 1.01666544 1.30556457 1.36846505
 1.69940393 1.85075662 1.85075662 2.13365873 2.13365873 2.26562626
 2.365081   2.51227075 2.91562796 2.91562796 2.93495314 3.55088697
 4.07371021 4.07371021 6.57613722 7.23699868]
  21 ( 0.667  0.333  0.000)   [-0.02317421  0.09229805  0.15129261  0.32497994] [0.72970952 0.97438655 0.99804204 1.04799775 1.13398717 1.42302127
 1.43151682 1.8195505  2.01451637 2.09440463 2.2920627  2.39938626
 2.42077005 2.47681735 2.6228143  2.76862674 2.92128389 3.00905641
 3.53730754 4.04871402 8.23472079 9.05138312]
  22 ( 0.667  0.333  0.333)   [-0.02317421  0.09229805  0.15129261  0.32497994] [0.72970952 0.97438655 0.99804204 1.04799775 1.13398717 1.42302127
 1.43151682 1.8195505  2.01451637 2.09440463 2.2920627  2.39938626
 2.42077005 2.47681735 2.6228143  2.76862674 2.92128389 3.00905641
 3.53730754 4.04871402 8.23472079 9.05138312]
  23 ( 0.667  0.333  0.667)   [-0.02317421  0.09229805  0.15129261  0.32497994] [0.72970952 0.97438655 0.99804204 1.04799775 1.13398717 1.42302127
 1.43151682 1.8195505  2.01451637 2.09440463 2.2920627  2.39938626
 2.42077005 2.47681735 2.6228143  2.76862674 2.92128389 3.00905641
 3.53730754 4.04871402 8.23472079 9.05138312]
  24 ( 0.667  0.667 -0.000)   [-0.14823603  0.23122708  0.30174634  0.30174634] [0.64864203 0.78207845 1.01666544 1.01666544 1.30556457 1.36846505
 1.69940393 1.85075662 1.85075662 2.13365873 2.13365873 2.26562626
 2.365081   2.51227075 2.91562796 2.91562796 2.93495314 3.55088697
 4.07371021 4.07371021 6.57613722 7.23699868]
  25 ( 0.667  0.667  0.333)   [-0.02317421  0.09229805  0.15129261  0.32497994] [0.72970952 0.97438655 0.99804204 1.04799775 1.13398717 1.42302127
 1.43151682 1.8195505  2.01451637 2.09440463 2.2920627  2.39938626
 2.42077005 2.47681735 2.6228143  2.76862674 2.92128389 3.00905641
 3.53730754 4.04871402 8.23472079 9.05138312]
  26 ( 0.667  0.667  0.667)   [-0.18529133  0.15080318  0.41202319  0.41202319] [0.80284341 0.80284341 0.8097784  1.08363137 1.32270539 1.41507074
 1.41507074 1.97233805 1.97233805 2.00595416 2.20665367 2.3290358
 2.3290358  2.87903034 2.98118074 2.98118074 3.34981362 3.34981362
 3.4578055  3.4578055  4.95492898 9.14732891]
nelec by numeric integration = 8.000000000000112
    CPU time for vxc      3.85 sec, wall time      0.65 sec
    CPU time for vj and vk      2.42 sec, wall time      0.38 sec
Ewald components = 8.67997097708575e-26, -47.3756282134421, 34.5884981493536
E1 = (4.014158563576931-1.7256131660552273e-17j)  Ecoul = 0.992861287680657  Exc = -3.5683998341499255
cycle= 3 E= -11.3485100469808  delta_E= -0.00041  |g|= 0.0024  |ddm|= 10.3
    CPU time for cycle= 3      6.29 sec, wall time      1.04 sec
diis-norm(errvec)=0.00451572
diis-c [-2.45108036e-07+2.25259043e-22j -4.85973310e-03-1.22909322e-18j
 -3.44918536e-02-5.44551727e-18j  1.03935159e+00+6.67461049e-18j]
HOMO = 0.498262331985  LUMO = 0.64861565161
     k-point                  mo_energy
   0 ( 0.000  0.000  0.000)   [-0.29477975  0.49826233  0.49826233  0.49826233] [0.70329817 0.70329817 0.70329817 0.97870353 1.48999948 1.48999948
 1.75587849 1.75587849 1.75587849 1.78088796 2.26726986 2.26726986
 2.26726986 3.16744569 3.16744569 3.16744569 3.25767182 3.25767182
 4.31009381 4.31009381 4.31009381 4.85399451]
   1 (-0.000 -0.000  0.333)   [-0.18527822  0.1508268   0.41208132  0.41208132] [0.80287553 0.80287553 0.80980491 1.08368217 1.32259618 1.41503559
 1.41503559 1.9723399  1.9723399  2.0059157  2.20662142 2.32902431
 2.32902431 2.87901906 2.98120696 2.98120696 3.34982266 3.34982266
 3.45773171 3.45773171 4.95479204 9.14733924]
   2 (-0.000 -0.000  0.667)   [-0.18527822  0.1508268   0.41208132  0.41208132] [0.80287553 0.80287553 0.80980491 1.08368217 1.32259618 1.41503559
 1.41503559 1.9723399  1.9723399  2.0059157  2.20662142 2.32902431
 2.32902431 2.87901906 2.98120696 2.98120696 3.34982266 3.34982266
 3.45773171 3.45773171 4.95479204 9.14733924]
   3 ( 0.000  0.333 -0.000)   [-0.18527822  0.1508268   0.41208132  0.41208132] [0.80287553 0.80287553 0.80980491 1.08368217 1.32259618 1.41503559
 1.41503559 1.9723399  1.9723399  2.0059157  2.20662142 2.32902431
 2.32902431 2.87901906 2.98120696 2.98120696 3.34982266 3.34982266
 3.45773171 3.45773171 4.95479204 9.14733924]
   4 (-0.000  0.333  0.333)   [-0.14822083  0.23128003  0.30178725  0.30178725] [0.64861565 0.78201298 1.01672865 1.01672865 1.30557745 1.36838369
 1.69940424 1.85069576 1.85069576 2.13365573 2.13365573 2.2655208
 2.36509509 2.5122446  2.91563609 2.91563609 2.93497531 3.55093858
 4.07368157 4.07368157 6.57612448 7.23696053]
   5 (-0.000  0.333  0.667)   [-0.02313643  0.09233364  0.15129132  0.32502586] [0.72966949 0.9744431  0.99808363 1.04804584 1.13391577 1.42299262
 1.43147982 1.81944677 2.01451978 2.09434861 2.29204399 2.39942183
 2.42073107 2.47683406 2.62277562 2.76863435 2.92130563 3.00907354
 3.53725414 4.04866536 8.23471812 9.05139439]
   6 ( 0.000  0.667 -0.000)   [-0.18527822  0.1508268   0.41208132  0.41208132] [0.80287553 0.80287553 0.80980491 1.08368217 1.32259618 1.41503559
 1.41503559 1.9723399  1.9723399  2.0059157  2.20662142 2.32902431
 2.32902431 2.87901906 2.98120696 2.98120696 3.34982266 3.34982266
 3.45773171 3.45773171 4.95479204 9.14733924]
   7 ( 0.000  0.667  0.333)   [-0.02313643  0.09233364  0.15129132  0.32502586] [0.72966949 0.9744431  0.99808363 1.04804584 1.13391577 1.42299262
 1.43147982 1.81944677 2.01451978 2.09434861 2.29204399 2.39942183
 2.42073107 2.47683406 2.62277562 2.76863435 2.92130563 3.00907354
 3.53725414 4.04866536 8.23471812 9.05139439]
   8 (-0.000  0.667  0.667)   [-0.14822083  0.23128003  0.30178725  0.30178725] [0.64861565 0.78201298 1.01672865 1.01672865 1.30557745 1.36838369
 1.69940424 1.85069576 1.85069576 2.13365573 2.13365573 2.2655208
 2.36509509 2.5122446  2.91563609 2.91563609 2.93497531 3.55093858
 4.07368157 4.07368157 6.57612448 7.23696053]
   9 ( 0.333  0.000  0.000)   [-0.18527822  0.1508268   0.41208132  0.41208132] [0.80287553 0.80287553 0.80980491 1.08368217 1.32259618 1.41503559
 1.41503559 1.9723399  1.9723399  2.0059157  2.20662142 2.32902431
 2.32902431 2.87901906 2.98120696 2.98120696 3.34982266 3.34982266
 3.45773171 3.45773171 4.95479204 9.14733924]
  10 ( 0.333 -0.000  0.333)   [-0.14822083  0.23128003  0.30178725  0.30178725] [0.64861565 0.78201298 1.01672865 1.01672865 1.30557745 1.36838369
 1.69940424 1.85069576 1.85069576 2.13365573 2.13365573 2.2655208
 2.36509509 2.5122446  2.91563609 2.91563609 2.93497531 3.55093858
 4.07368157 4.07368157 6.57612448 7.23696053]
  11 ( 0.333 -0.000  0.667)   [-0.02313643  0.09233364  0.15129132  0.32502586] [0.72966949 0.9744431  0.99808363 1.04804584 1.13391577 1.42299262
 1.43147982 1.81944677 2.01451978 2.09434861 2.29204399 2.39942183
 2.42073107 2.47683406 2.62277562 2.76863435 2.92130563 3.00907354
 3.53725414 4.04866536 8.23471812 9.05139439]
  12 ( 0.333  0.333 -0.000)   [-0.14822083  0.23128003  0.30178725  0.30178725] [0.64861565 0.78201298 1.01672865 1.01672865 1.30557745 1.36838369
 1.69940424 1.85069576 1.85069576 2.13365573 2.13365573 2.2655208
 2.36509509 2.5122446  2.91563609 2.91563609 2.93497531 3.55093858
 4.07368157 4.07368157 6.57612448 7.23696053]
  13 ( 0.333  0.333  0.333)   [-0.18527822  0.1508268   0.41208132  0.41208132] [0.80287553 0.80287553 0.80980491 1.08368217 1.32259618 1.41503559
 1.41503559 1.9723399  1.9723399  2.0059157  2.20662142 2.32902431
 2.32902431 2.87901906 2.98120696 2.98120696 3.34982266 3.34982266
 3.45773171 3.45773171 4.95479204 9.14733924]
  14 ( 0.333  0.333  0.667)   [-0.02313643  0.09233364  0.15129132  0.32502586] [0.72966949 0.9744431  0.99808363 1.04804584 1.13391577 1.42299262
 1.43147982 1.81944677 2.01451978 2.09434861 2.29204399 2.39942183
 2.42073107 2.47683406 2.62277562 2.76863435 2.92130563 3.00907354
 3.53725414 4.04866536 8.23471812 9.05139439]
  15 ( 0.333  0.667 -0.000)   [-0.02313643  0.09233364  0.15129132  0.32502586] [0.72966949 0.9744431  0.99808363 1.04804584 1.13391577 1.42299262
 1.43147982 1.81944677 2.01451978 2.09434861 2.29204399 2.39942183
 2.42073107 2.47683406 2.62277562 2.76863435 2.92130563 3.00907354
 3.53725414 4.04866536 8.23471812 9.05139439]
  16 ( 0.333  0.667  0.333)   [-0.02313643  0.09233364  0.15129132  0.32502586] [0.72966949 0.9744431  0.99808363 1.04804584 1.13391577 1.42299262
 1.43147982 1.81944677 2.01451978 2.09434861 2.29204399 2.39942183
 2.42073107 2.47683406 2.62277562 2.76863435 2.92130563 3.00907354
 3.53725414 4.04866536 8.23471812 9.05139439]
  17 ( 0.333  0.667  0.667)   [-0.02313643  0.09233364  0.15129132  0.32502586] [0.72966949 0.9744431  0.99808363 1.04804584 1.13391577 1.42299262
 1.43147982 1.81944677 2.01451978 2.09434861 2.29204399 2.39942183
 2.42073107 2.47683406 2.62277562 2.76863435 2.92130563 3.00907354
 3.53725414 4.04866536 8.23471812 9.05139439]
  18 ( 0.667  0.000  0.000)   [-0.18527822  0.1508268   0.41208132  0.41208132] [0.80287553 0.80287553 0.80980491 1.08368217 1.32259618 1.41503559
 1.41503559 1.9723399  1.9723399  2.0059157  2.20662142 2.32902431
 2.32902431 2.87901906 2.98120696 2.98120696 3.34982266 3.34982266
 3.45773171 3.45773171 4.95479204 9.14733924]
  19 ( 0.667  0.000  0.333)   [-0.02313643  0.09233364  0.15129132  0.32502586] [0.72966949 0.9744431  0.99808363 1.04804584 1.13391577 1.42299262
 1.43147982 1.81944677 2.01451978 2.09434861 2.29204399 2.39942183
 2.42073107 2.47683406 2.62277562 2.76863435 2.92130563 3.00907354
 3.53725414 4.04866536 8.23471812 9.05139439]
  20 ( 0.667 -0.000  0.667)   [-0.14822083  0.23128003  0.30178725  0.30178725] [0.64861565 0.78201298 1.01672865 1.01672865 1.30557745 1.36838369
 1.69940424 1.85069576 1.85069576 2.13365573 2.13365573 2.2655208
 2.36509509 2.5122446  2.91563609 2.91563609 2.93497531 3.55093858
 4.07368157 4.07368157 6.57612448 7.23696053]
  21 ( 0.667  0.333  0.000)   [-0.02313643  0.09233364  0.15129132  0.32502586] [0.72966949 0.9744431  0.99808363 1.04804584 1.13391577 1.42299262
 1.43147982 1.81944677 2.01451978 2.09434861 2.29204399 2.39942183
 2.42073107 2.47683406 2.62277562 2.76863435 2.92130563 3.00907354
 3.53725414 4.04866536 8.23471812 9.05139439]
  22 ( 0.667  0.333  0.333)   [-0.02313643  0.09233364  0.15129132  0.32502586] [0.72966949 0.9744431  0.99808363 1.04804584 1.13391577 1.42299262
 1.43147982 1.81944677 2.01451978 2.09434861 2.29204399 2.39942183
 2.42073107 2.47683406 2.62277562 2.76863435 2.92130563 3.00907354
 3.53725414 4.04866536 8.23471812 9.05139439]
  23 ( 0.667  0.333  0.667)   [-0.02313643  0.09233364  0.15129132  0.32502586] [0.72966949 0.9744431  0.99808363 1.04804584 1.13391577 1.42299262
 1.43147982 1.81944677 2.01451978 2.09434861 2.29204399 2.39942183
 2.42073107 2.47683406 2.62277562 2.76863435 2.92130563 3.00907354
 3.53725414 4.04866536 8.23471812 9.05139439]
  24 ( 0.667  0.667 -0.000)   [-0.14822083  0.23128003  0.30178725  0.30178725] [0.64861565 0.78201298 1.01672865 1.01672865 1.30557745 1.36838369
 1.69940424 1.85069576 1.85069576 2.13365573 2.13365573 2.2655208
 2.36509509 2.5122446  2.91563609 2.91563609 2.93497531 3.55093858
 4.07368157 4.07368157 6.57612448 7.23696053]
  25 ( 0.667  0.667  0.333)   [-0.02313643  0.09233364  0.15129132  0.32502586] [0.72966949 0.9744431  0.99808363 1.04804584 1.13391577 1.42299262
 1.43147982 1.81944677 2.01451978 2.09434861 2.29204399 2.39942183
 2.42073107 2.47683406 2.62277562 2.76863435 2.92130563 3.00907354
 3.53725414 4.04866536 8.23471812 9.05139439]
  26 ( 0.667  0.667  0.667)   [-0.18527822  0.1508268   0.41208132  0.41208132] [0.80287553 0.80287553 0.80980491 1.08368217 1.32259618 1.41503559
 1.41503559 1.9723399  1.9723399  2.0059157  2.20662142 2.32902431
 2.32902431 2.87901906 2.98120696 2.98120696 3.34982266 3.34982266
 3.45773171 3.45773171 4.95479204 9.14733924]
nelec by numeric integration = 8.000000000000112
    CPU time for vxc      3.86 sec, wall time      0.65 sec
    CPU time for vj and vk      2.42 sec, wall time      0.38 sec
Ewald components = 8.67997097708575e-26, -47.3756282134421, 34.5884981493536
E1 = (4.014331417563682+5.351416125753857e-17j)  Ecoul = 0.9925819509812662  Exc = -3.5682934128761086
cycle= 4 E= -11.3485101084197  delta_E= -6.14e-08  |g|= 0.000101  |ddm|= 0.151
    CPU time for cycle= 4      6.30 sec, wall time      1.04 sec
HOMO = 0.498266456378  LUMO = 0.648618241994
     k-point                  mo_energy
   0 ( 0.000  0.000  0.000)   [-0.29477698  0.49826646  0.49826646  0.49826646] [0.70330193 0.70330193 0.70330193 0.97870767 1.49000172 1.49000172
 1.75588151 1.75588151 1.75588151 1.78088892 2.26727476 2.26727476
 2.26727476 3.16744833 3.16744833 3.16744833 3.25767448 3.25767448
 4.31009639 4.31009639 4.31009639 4.85399708]
   1 (-0.000 -0.000  0.333)   [-0.18527537  0.15083     0.41208528  0.41208528] [0.80287931 0.80287931 0.80980837 1.08368678 1.32259851 1.41503828
 1.41503828 1.97234317 1.97234317 2.00591903 2.20662374 2.32902749
 2.32902749 2.87902222 2.98121079 2.98121079 3.34982578 3.34982578
 3.4577342  3.4577342  4.95479535 9.14735004]
   2 (-0.000 -0.000  0.667)   [-0.18527537  0.15083     0.41208528  0.41208528] [0.80287931 0.80287931 0.80980837 1.08368678 1.32259851 1.41503828
 1.41503828 1.97234317 1.97234317 2.00591903 2.20662374 2.32902749
 2.32902749 2.87902222 2.98121079 2.98121079 3.34982578 3.34982578
 3.4577342  3.4577342  4.95479535 9.14735004]
   3 ( 0.000  0.333 -0.000)   [-0.18527537  0.15083     0.41208528  0.41208528] [0.80287931 0.80287931 0.80980837 1.08368678 1.32259851 1.41503828
 1.41503828 1.97234317 1.97234317 2.00591903 2.20662374 2.32902749
 2.32902749 2.87902222 2.98121079 2.98121079 3.34982578 3.34982578
 3.4577342  3.4577342  4.95479535 9.14735004]
   4 (-0.000  0.333  0.333)   [-0.14821793  0.23128362  0.30179088  0.30179088] [0.64861824 0.78201501 1.01673335 1.01673335 1.30558173 1.36838678
 1.69940651 1.85069926 1.85069926 2.13365834 2.13365834 2.26552116
 2.36509748 2.5122468  2.91563978 2.91563978 2.93497821 3.5509416
 4.07368569 4.07368569 6.57613151 7.23696775]
   5 (-0.000  0.333  0.667)   [-0.02313321  0.09233693  0.15129424  0.32502956] [0.72967193 0.97444755 0.99808785 1.0480502  1.13391821 1.42299672
 1.43148233 1.81944971 2.01452333 2.09435029 2.29204677 2.39942442
 2.42073342 2.47683694 2.62277928 2.76863789 2.92130855 3.00907599
 3.53725575 4.04866754 8.23472764 9.05140519]
   6 ( 0.000  0.667 -0.000)   [-0.18527537  0.15083     0.41208528  0.41208528] [0.80287931 0.80287931 0.80980837 1.08368678 1.32259851 1.41503828
 1.41503828 1.97234317 1.97234317 2.00591903 2.20662374 2.32902749
 2.32902749 2.87902222 2.98121079 2.98121079 3.34982578 3.34982578
 3.4577342  3.4577342  4.95479535 9.14735004]
   7 ( 0.000  0.667  0.333)   [-0.02313321  0.09233693  0.15129424  0.32502956] [0.72967193 0.97444755 0.99808785 1.0480502  1.13391821 1.42299672
 1.43148233 1.81944971 2.01452333 2.09435029 2.29204677 2.39942442
 2.42073342 2.47683694 2.62277928 2.76863789 2.92130855 3.00907599
 3.53725575 4.04866754 8.23472764 9.05140519]
   8 (-0.000  0.667  0.667)   [-0.14821793  0.23128362  0.30179088  0.30179088] [0.64861824 0.78201501 1.01673335 1.01673335 1.30558173 1.36838678
 1.69940651 1.85069926 1.85069926 2.13365834 2.13365834 2.26552116
 2.36509748 2.5122468  2.91563978 2.91563978 2.93497821 3.5509416
 4.07368569 4.07368569 6.57613151 7.23696775]
   9 ( 0.333  0.000  0.000)   [-0.18527537  0.15083     0.41208528  0.41208528] [0.80287931 0.80287931 0.80980837 1.08368678 1.32259851 1.41503828
 1.41503828 1.97234317 1.97234317 2.00591903 2.20662374 2.32902749
 2.32902749 2.87902222 2.98121079 2.98121079 3.34982578 3.34982578
 3.4577342  3.4577342  4.95479535 9.14735004]
  10 ( 0.333 -0.000  0.333)   [-0.14821793  0.23128362  0.30179088  0.30179088] [0.64861824 0.78201501 1.01673335 1.01673335 1.30558173 1.36838678
 1.69940651 1.85069926 1.85069926 2.13365834 2.13365834 2.26552116
 2.36509748 2.5122468  2.91563978 2.91563978 2.93497821 3.5509416
 4.07368569 4.07368569 6.57613151 7.23696775]
  11 ( 0.333 -0.000  0.667)   [-0.02313321  0.09233693  0.15129424  0.32502956] [0.72967193 0.97444755 0.99808785 1.0480502  1.13391821 1.42299672
 1.43148233 1.81944971 2.01452333 2.09435029 2.29204677 2.39942442
 2.42073342 2.47683694 2.62277928 2.76863789 2.92130855 3.00907599
 3.53725575 4.04866754 8.23472764 9.05140519]
  12 ( 0.333  0.333 -0.000)   [-0.14821793  0.23128362  0.30179088  0.30179088] [0.64861824 0.78201501 1.01673335 1.01673335 1.30558173 1.36838678
 1.69940651 1.85069926 1.85069926 2.13365834 2.13365834 2.26552116
 2.36509748 2.5122468  2.91563978 2.91563978 2.93497821 3.5509416
 4.07368569 4.07368569 6.57613151 7.23696775]
  13 ( 0.333  0.333  0.333)   [-0.18527537  0.15083     0.41208528  0.41208528] [0.80287931 0.80287931 0.80980837 1.08368678 1.32259851 1.41503828
 1.41503828 1.97234317 1.97234317 2.00591903 2.20662374 2.32902749
 2.32902749 2.87902222 2.98121079 2.98121079 3.34982578 3.34982578
 3.4577342  3.4577342  4.95479535 9.14735004]
  14 ( 0.333  0.333  0.667)   [-0.02313321  0.09233693  0.15129424  0.32502956] [0.72967193 0.97444755 0.99808785 1.0480502  1.13391821 1.42299672
 1.43148233 1.81944971 2.01452333 2.09435029 2.29204677 2.39942442
 2.42073342 2.47683694 2.62277928 2.76863789 2.92130855 3.00907599
 3.53725575 4.04866754 8.23472764 9.05140519]
  15 ( 0.333  0.667 -0.000)   [-0.02313321  0.09233693  0.15129424  0.32502956] [0.72967193 0.97444755 0.99808785 1.0480502  1.13391821 1.42299672
 1.43148233 1.81944971 2.01452333 2.09435029 2.29204677 2.39942442
 2.42073342 2.47683694 2.62277928 2.76863789 2.92130855 3.00907599
 3.53725575 4.04866754 8.23472764 9.05140519]
  16 ( 0.333  0.667  0.333)   [-0.02313321  0.09233693  0.15129424  0.32502956] [0.72967193 0.97444755 0.99808785 1.0480502  1.13391821 1.42299672
 1.43148233 1.81944971 2.01452333 2.09435029 2.29204677 2.39942442
 2.42073342 2.47683694 2.62277928 2.76863789 2.92130855 3.00907599
 3.53725575 4.04866754 8.23472764 9.05140519]
  17 ( 0.333  0.667  0.667)   [-0.02313321  0.09233693  0.15129424  0.32502956] [0.72967193 0.97444755 0.99808785 1.0480502  1.13391821 1.42299672
 1.43148233 1.81944971 2.01452333 2.09435029 2.29204677 2.39942442
 2.42073342 2.47683694 2.62277928 2.76863789 2.92130855 3.00907599
 3.53725575 4.04866754 8.23472764 9.05140519]
  18 ( 0.667  0.000  0.000)   [-0.18527537  0.15083     0.41208528  0.41208528] [0.80287931 0.80287931 0.80980837 1.08368678 1.32259851 1.41503828
 1.41503828 1.97234317 1.97234317 2.00591903 2.20662374 2.32902749
 2.32902749 2.87902222 2.98121079 2.98121079 3.34982578 3.34982578
 3.4577342  3.4577342  4.95479535 9.14735004]
  19 ( 0.667  0.000  0.333)   [-0.02313321  0.09233693  0.15129424  0.32502956] [0.72967193 0.97444755 0.99808785 1.0480502  1.13391821 1.42299672
 1.43148233 1.81944971 2.01452333 2.09435029 2.29204677 2.39942442
 2.42073342 2.47683694 2.62277928 2.76863789 2.92130855 3.00907599
 3.53725575 4.04866754 8.23472764 9.05140519]
  20 ( 0.667 -0.000  0.667)   [-0.14821793  0.23128362  0.30179088  0.30179088] [0.64861824 0.78201501 1.01673335 1.01673335 1.30558173 1.36838678
 1.69940651 1.85069926 1.85069926 2.13365834 2.13365834 2.26552116
 2.36509748 2.5122468  2.91563978 2.91563978 2.93497821 3.5509416
 4.07368569 4.07368569 6.57613151 7.23696775]
  21 ( 0.667  0.333  0.000)   [-0.02313321  0.09233693  0.15129424  0.32502956] [0.72967193 0.97444755 0.99808785 1.0480502  1.13391821 1.42299672
 1.43148233 1.81944971 2.01452333 2.09435029 2.29204677 2.39942442
 2.42073342 2.47683694 2.62277928 2.76863789 2.92130855 3.00907599
 3.53725575 4.04866754 8.23472764 9.05140519]
  22 ( 0.667  0.333  0.333)   [-0.02313321  0.09233693  0.15129424  0.32502956] [0.72967193 0.97444755 0.99808785 1.0480502  1.13391821 1.42299672
 1.43148233 1.81944971 2.01452333 2.09435029 2.29204677 2.39942442
 2.42073342 2.47683694 2.62277928 2.76863789 2.92130855 3.00907599
 3.53725575 4.04866754 8.23472764 9.05140519]
  23 ( 0.667  0.333  0.667)   [-0.02313321  0.09233693  0.15129424  0.32502956] [0.72967193 0.97444755 0.99808785 1.0480502  1.13391821 1.42299672
 1.43148233 1.81944971 2.01452333 2.09435029 2.29204677 2.39942442
 2.42073342 2.47683694 2.62277928 2.76863789 2.92130855 3.00907599
 3.53725575 4.04866754 8.23472764 9.05140519]
  24 ( 0.667  0.667 -0.000)   [-0.14821793  0.23128362  0.30179088  0.30179088] [0.64861824 0.78201501 1.01673335 1.01673335 1.30558173 1.36838678
 1.69940651 1.85069926 1.85069926 2.13365834 2.13365834 2.26552116
 2.36509748 2.5122468  2.91563978 2.91563978 2.93497821 3.5509416
 4.07368569 4.07368569 6.57613151 7.23696775]
  25 ( 0.667  0.667  0.333)   [-0.02313321  0.09233693  0.15129424  0.32502956] [0.72967193 0.97444755 0.99808785 1.0480502  1.13391821 1.42299672
 1.43148233 1.81944971 2.01452333 2.09435029 2.29204677 2.39942442
 2.42073342 2.47683694 2.62277928 2.76863789 2.92130855 3.00907599
 3.53725575 4.04866754 8.23472764 9.05140519]
  26 ( 0.667  0.667  0.667)   [-0.18527537  0.15083     0.41208528  0.41208528] [0.80287931 0.80287931 0.80980837 1.08368678 1.32259851 1.41503828
 1.41503828 1.97234317 1.97234317 2.00591903 2.20662374 2.32902749
 2.32902749 2.87902222 2.98121079 2.98121079 3.34982578 3.34982578
 3.4577342  3.4577342  4.95479535 9.14735004]
nelec by numeric integration = 8.000000000000112
    CPU time for vxc      3.86 sec, wall time      0.65 sec
    CPU time for vj and vk      2.45 sec, wall time      0.38 sec
Ewald components = 8.67997097708575e-26, -47.3756282134421, 34.5884981493536
E1 = (4.014334746331753-3.051175808281313e-17j)  Ecoul = 0.992576666133775  Exc = -3.568291456701795
Extra cycle  E= -11.3485101083248  delta_E= 9.49e-11  |g|= 0.000143  |ddm|= 0.00465
    CPU time for scf_cycle     41.43 sec, wall time      7.00 sec
    CPU time for SCF     41.46 sec, wall time      7.02 sec
converged SCF energy = -11.3485101083248
nelec by numeric integration = 8.00000000000011
    CPU time for vxc      5.07 sec, wall time      0.74 sec
    CPU time for vj and vk      2.06 sec, wall time      0.30 sec

******** <class 'pyscf.pbc.mp.kmp2.KMP2'> ********
nkpts = 8
nocc = 4
nmo = 26
with_df_ints = True
max_memory 64000 MB (current use 0 MB)


******** <class 'pyscf.pbc.df.df.GDF'> ********
mesh = [7, 7, 7] (343 PWs)
auxbasis = None
eta = 0.2
exp_to_discard = None
_cderi_to_save = /Users/ethanvo/projects/interpolation/01_get_bands/tmp/tmpmbs8lta3
len(kpts) = 8
    kpts = [[ 0.          0.          0.        ]
 [ 0.46609268  0.46609268 -0.46609268]
 [ 0.46609268 -0.46609268  0.46609268]
 [ 0.93218535  0.          0.        ]
 [-0.46609268  0.46609268  0.46609268]
 [ 0.          0.93218535  0.        ]
 [ 0.          0.          0.93218535]
 [ 0.46609268  0.46609268  0.46609268]]
Even tempered Gaussians are generated as DF auxbasis for  C
  ETB auxbasis for C  [[0, [9.579456, 1]], [0, [4.789728, 1]], [0, [2.394864, 1]], [0, [1.197432, 1]], [0, [0.598716, 1]], [0, [0.299358, 1]], [1, [8.727455361661383, 1]], [1, [4.363727680830691, 1]], [1, [2.1818638404153456, 1]], [1, [1.0909319202076728, 1]], [1, [0.5454659601038364, 1]], [1, [0.2727329800519182, 1]], [2, [7.951232, 1]], [2, [3.975616, 1]], [2, [1.987808, 1]], [2, [0.993904, 1]], [2, [0.496952, 1]], [2, [0.248476, 1]], [3, [2.1026146480075707, 1]], [3, [1.0513073240037853, 1]], [3, [0.5256536620018927, 1]], [4, [1.112026, 1]]]
num shells = 44, num cGTOs = 168
Drop 0 primitive fitting functions
make aux basis, num shells = 44, num cGTOs = 168
auxcell.rcut 12.846608924246357
make compensating basis, num shells = 10, num cGTOs = 50
chgcell.rcut 11.482117703874595
    CPU time for 3c2e    898.41 sec, wall time    106.13 sec
Num uniq kpts 14
uniq_kpts [[ 0.          0.          0.        ]
 [-0.46609268 -0.46609268  0.46609268]
 [-0.46609268  0.46609268 -0.46609268]
 [ 0.          0.93218535 -0.93218535]
 [-0.93218535  0.          0.        ]
 [ 0.46609268 -0.46609268 -0.46609268]
 [ 0.93218535  0.         -0.93218535]
 [ 0.93218535 -0.93218535  0.        ]
 [ 1.39827803 -0.46609268 -0.46609268]
 [ 0.         -0.93218535  0.        ]
 [ 0.46609268 -1.39827803  0.46609268]
 [ 0.          0.         -0.93218535]
 [ 0.46609268  0.46609268 -1.39827803]
 [-0.46609268 -0.46609268 -0.46609268]]
max_memory 64000 (MB)  blocksize 7339449
Cholesky decomposition for j2c at kpt 0
Symmetry pattern (k - [0. 0. 0.])*a= 2n pi
    make_kpt for uniq_kptji_ids [0]
kpt = [0. 0. 0.]
adapted_ji_idx = [ 0  2  5  9 14 20 27 35]
memory = 0
int3c2e [1/1], AO [0:10], ncol = 351
Symmetry pattern (k + [0. 0. 0.])*a= 2n pi
    make_kpt for [0]
Cholesky decomposition for j2c at kpt 1
Symmetry pattern (k - [-0.46609268 -0.46609268  0.46609268])*a= 2n pi
    make_kpt for uniq_kptji_ids [1]
kpt = [-0.46609268 -0.46609268  0.46609268]
adapted_ji_idx = [ 1  8 19 34]
memory = 0
int3c2e [1/1], AO [0:10], ncol = 676
Symmetry pattern (k + [-0.46609268 -0.46609268  0.46609268])*a= 2n pi
    make_kpt for [1]
Cholesky decomposition for j2c at kpt 2
Symmetry pattern (k - [-0.46609268  0.46609268 -0.46609268])*a= 2n pi
    make_kpt for uniq_kptji_ids [2]
kpt = [-0.46609268  0.46609268 -0.46609268]
adapted_ji_idx = [ 3  7 25 33]
memory = 0
int3c2e [1/1], AO [0:10], ncol = 676
Symmetry pattern (k + [-0.46609268  0.46609268 -0.46609268])*a= 2n pi
    make_kpt for [2]
Cholesky decomposition for j2c at kpt 3
Symmetry pattern (k - [ 0.          0.93218535 -0.93218535])*a= 2n pi
    make_kpt for uniq_kptji_ids [3 4]
kpt = [ 0.          0.93218535 -0.93218535]
adapted_ji_idx = [ 4 26]
memory = 0
int3c2e [1/1], AO [0:10], ncol = 676
kpt = [-0.93218535  0.          0.        ]
adapted_ji_idx = [ 6 32]
memory = 0
int3c2e [1/1], AO [0:10], ncol = 676
Symmetry pattern (k + [ 0.          0.93218535 -0.93218535])*a= 2n pi
    make_kpt for [3 4]
Cholesky decomposition for j2c at kpt 5
Symmetry pattern (k - [ 0.46609268 -0.46609268 -0.46609268])*a= 2n pi
    make_kpt for uniq_kptji_ids [5]
kpt = [ 0.46609268 -0.46609268 -0.46609268]
adapted_ji_idx = [10 16 23 31]
memory = 0
int3c2e [1/1], AO [0:10], ncol = 676
Symmetry pattern (k + [ 0.46609268 -0.46609268 -0.46609268])*a= 2n pi
    make_kpt for [5]
Cholesky decomposition for j2c at kpt 6
Symmetry pattern (k - [ 0.93218535  0.         -0.93218535])*a= 2n pi
    make_kpt for uniq_kptji_ids [6 9]
kpt = [ 0.93218535  0.         -0.93218535]
adapted_ji_idx = [11 24]
memory = 0
int3c2e [1/1], AO [0:10], ncol = 676
kpt = [ 0.         -0.93218535  0.        ]
adapted_ji_idx = [15 30]
memory = 0
int3c2e [1/1], AO [0:10], ncol = 676
Symmetry pattern (k + [ 0.93218535  0.         -0.93218535])*a= 2n pi
    make_kpt for [6 9]
Cholesky decomposition for j2c at kpt 7
Symmetry pattern (k - [ 0.93218535 -0.93218535  0.        ])*a= 2n pi
    make_kpt for uniq_kptji_ids [ 7 11]
kpt = [ 0.93218535 -0.93218535  0.        ]
adapted_ji_idx = [12 18]
memory = 0
int3c2e [1/1], AO [0:10], ncol = 676
kpt = [ 0.          0.         -0.93218535]
adapted_ji_idx = [21 29]
memory = 0
int3c2e [1/1], AO [0:10], ncol = 676
Symmetry pattern (k + [ 0.93218535 -0.93218535  0.        ])*a= 2n pi
    make_kpt for [ 7 11]
Cholesky decomposition for j2c at kpt 8
Symmetry pattern (k - [ 1.39827803 -0.46609268 -0.46609268])*a= 2n pi
    make_kpt for uniq_kptji_ids [ 8 10 12 13]
kpt = [ 1.39827803 -0.46609268 -0.46609268]
adapted_ji_idx = [13]
memory = 0
int3c2e [1/1], AO [0:10], ncol = 676
kpt = [ 0.46609268 -1.39827803  0.46609268]
adapted_ji_idx = [17]
memory = 0
int3c2e [1/1], AO [0:10], ncol = 676
kpt = [ 0.46609268  0.46609268 -1.39827803]
adapted_ji_idx = [22]
memory = 0
int3c2e [1/1], AO [0:10], ncol = 676
kpt = [-0.46609268 -0.46609268 -0.46609268]
adapted_ji_idx = [28]
memory = 0
int3c2e [1/1], AO [0:10], ncol = 676
Symmetry pattern (k + [ 1.39827803 -0.46609268 -0.46609268])*a= 2n pi
    make_kpt for [ 8 10 12 13]
    CPU time for j3c    960.67 sec, wall time    114.44 sec
    CPU time for transforming DF-MP2 integrals      0.16 sec, wall time      0.09 sec
    CPU time for KMP2    961.29 sec, wall time    114.78 sec
KMP2 energy = -0.392886380671816
