#INFO: **** input file is /burg/berkelbach/users/eav2136/projects/interpolation/01_get_bands/c_df_dft_mp2.py ****
#!/usr/bin/env python
import numpy as np
from pyscf.pbc import gto, dft
from pyscf.pbc.tools import pyscf_ase, lattice, get_coulG
from pyscf.gto.basis import parse_nwchem
from pyscf import lib
from pyscf.pbc.lib.kpts_helper import get_kconserv, loop_kkk
from pyscf.pbc.df import df
from pyscf.ao2mo import _ao2mo
import h5py
import sys
from fileutils import load, dump

##############################
# Create a "Cell"
##############################

cell = gto.Cell()
# Candidate formula of solid: c, si, sic, bn, bp, aln, alp, mgo, mgs, lih, lif, licl
formula = "c"
ase_atom = lattice.get_ase_atom(formula)
cell.atom = pyscf_ase.ase_atoms_to_pyscf(ase_atom)
cell.a = ase_atom.cell[:]
cell.unit = 'B'
cell.basis = {'C': parse_nwchem.load("/burg/berkelbach/users/eav2136/builds/ccgto/basis/gth-hf-rev/cc-pvdz-lc.dat", 'C')}
cell.pseudo = "gth-hf-rev"
cell.verbose = 7
cell.build()

##############################
#  K-point SCF 
##############################
scf_mesh = int(sys.argv[1])
kmesh = [scf_mesh, scf_mesh, scf_mesh]
scaled_center=[0.0, 0.0, 0.0]
kpts = cell.make_kpts(kmesh, scaled_center=scaled_center)
mymf = dft.KRKS(cell, kpts=kpts)
mymf.xc = 'pbe'
mydf = df.GDF(cell, kpts=kpts)
mymf.with_df = mydf
ekrhf = mymf.kernel()

mp2_mesh = int(sys.argv[2])
kmesh = [mp2_mesh, mp2_mesh, mp2_mesh]
kpts = cell.make_kpts(kmesh, scaled_center=scaled_center)
mo_energy, mo_coeff = mymf.get_bands(kpts)
mo_energy = np.asarray(mo_energy)
mo_coeff = np.asarray(mo_coeff)

mydf = df.GDF(cell, kpts=kpts)
mydf.build()
nao = cell.nao_nr()
nocc = cell.nelectron // 2
nmo = mo_energy.shape[1]
nvir = nmo - nocc
nkpts = len(kpts)
kconserv = get_kconserv(cell, kpts)

mo_e_o = [mo_energy[k][:nocc] for k in range(nkpts)]
mo_e_v = [mo_energy[k][nocc:] for k in range(nkpts)]
emp2 = 0.0

Lov = np.empty((nkpts, nkpts), dtype=object)
bra_start = 0
bra_end = nocc
ket_start = nmo + nocc
ket_end = ket_start + nvir
with h5py.File(mydf._cderi, 'r') as f:
    kptij_lst = f['j3c-kptij'][:]
    tao = []
    ao_loc = None
    for ki, kpti in enumerate(kpts):
        for kj, kptj in enumerate(kpts):
            kpti_kptj = np.array((kpti, kptj))
            Lpq = np.asarray(df._getitem(f, 'j3c', kpti_kptj, kptij_lst))
            mo = np.hstack((mo_coeff[ki], mo_coeff[kj]))
            mo = np.asarray(mo, dtype=np.complex128, order='F')
            if Lpq[0].size != nao**2:
                Lpq = lib.unpack_tril(Lpq).astype(np.complex128)
            out = _ao2mo.r_e2(Lpq, mo, (bra_start, bra_end, ket_start, ket_end), tao, ao_loc)
            Lov[ki, kj] = out.reshape(-1, nocc, nvir)

for ki, kj, ka in loop_kkk(nkpts):
    kb = kconserv[ki, ka, kj]
    eia = mo_e_o[ki][:, None] - mo_e_v[ka]
    ejb = mo_e_o[kj][:, None] - mo_e_v[kb]
    eiajb = lib.direct_sum('ia,jb->iajb', eia, ejb)
    iajb = lib.einsum('Lia,Ljb->iajb', Lov[ki, ka], Lov[kj, kb]) / nkpts
    t2 = np.conj(iajb / eiajb)
    ibja = lib.einsum('Lib,Lja->ibja', Lov[ki, kb], Lov[kj, ka]) / nkpts
    emp2 += 2*lib.einsum('iajb,iajb', t2, iajb).real
    emp2 -=   lib.einsum('iajb,ibja', t2, ibja).real

emp2 /= nkpts
print("MP2 Correlation Energy: ", emp2)
total_energy = ekrhf + emp2

datafile = sys.argv[3]
datadict = {}
datadict['ekrhf'] = ekrhf
datadict['ekmp2'] = emp2
datadict['total_energy'] = total_energy
dump(datadict, f'data/{datafile}')
#INFO: ******************** input file end ********************


System: uname_result(system='Linux', node='g068', release='4.18.0-193.el8.x86_64', version='#1 SMP Fri Mar 27 14:35:58 UTC 2020', machine='x86_64')  Threads 32
Python 3.10.12 (main, Jul 29 2023, 11:27:27) [GCC 13.2.0]
numpy 1.25.1  scipy 1.10.1
Date: Tue Nov 21 03:10:44 2023
PySCF version 2.0.1
PySCF path  /burg/berkelbach/users/eav2136/builds/pyscf/projected-cvs/pyscf
GIT HEAD (branch projected-cvs) 0bfbc692adf3ea63b8a509210433219cd1c472a2

[ENV] PYSCF_TMPDIR /burg/berkelbach/users/eav2136/projects/interpolation/01_get_bands/tmp
[ENV] PYSCF_MAX_MEMORY 187000
[CONFIG] DEBUG = False
[CONFIG] MAX_MEMORY = 187000
[CONFIG] TMPDIR = /burg/berkelbach/users/eav2136/projects/interpolation/01_get_bands/tmp
[CONFIG] UNIT = angstrom
[CONFIG] VERBOSE = 3
[CONFIG] conf_file = None
[INPUT] verbose = 7
[INPUT] max_memory = 187000 
[INPUT] num. atoms = 2
[INPUT] num. electrons = 8
[INPUT] charge = 0
[INPUT] spin (= nelec alpha-beta = 2S) = 0
[INPUT] symmetry False subgroup None
[INPUT] Mole.unit = B
[INPUT]  1 C      0.000000000000   0.000000000000   0.000000000000 AA    0.000000000000   0.000000000000   0.000000000000 Bohr
[INPUT]  2 C      0.891699936031   0.891699936031   0.891699936031 AA    1.685068664391   1.685068664391   1.685068664391 Bohr
[INPUT] ---------------- BASIS SET ---------------- 
[INPUT] l, kappa, [nprim/nctr], expnt,             c_1 c_2 ...
[INPUT] C
[INPUT] 0    0    [3    /1   ]  9.031436          -0.01960629
                                3.821255          -0.1291762
                                0.473725          0.5822572
[INPUT] 0    0    [1    /1   ]  0.149679             1
[INPUT] 1    0    [3    /1   ]  4.353457          0.08730943
                                1.266307          0.2797034
                                0.398715          0.5024424
[INPUT] 1    0    [1    /1   ]  0.124238             1
[INPUT] 2    0    [1    /1   ]  0.556013             1

Ewald components = 8.67997097708575e-26, -47.3756282134421, 34.5884981493536
nuclear repulsion = -12.7871300640885
number of shells = 10
number of NR pGTOs = 42
number of NR cGTOs = 26
basis = {'C': [[0, [9.031436, -0.01960629], [3.821255, -0.1291762], [0.473725, 0.5822572]], [0, [0.149679, 1.0]], [1, [4.353457, 0.08730943], [1.266307, 0.2797034], [0.398715, 0.5024424]], [1, [0.124238, 1.0]], [2, [0.556013, 1.0]]]}
ecp = {}
bas 0, expnt(s) = [9.031436 3.821255 0.473725]
bas 1, expnt(s) = [0.149679]
bas 2, expnt(s) = [4.353457 1.266307 0.398715]
bas 3, expnt(s) = [0.124238]
bas 4, expnt(s) = [0.556013]
bas 5, expnt(s) = [9.031436 3.821255 0.473725]
bas 6, expnt(s) = [0.149679]
bas 7, expnt(s) = [4.353457 1.266307 0.398715]
bas 8, expnt(s) = [0.124238]
bas 9, expnt(s) = [0.556013]
CPU time:         1.12
lattice vectors  a1 [0.000000000, 3.370137329, 3.370137329]
                 a2 [3.370137329, 0.000000000, 3.370137329]
                 a3 [3.370137329, 3.370137329, 0.000000000]
dimension = 3
low_dim_ft_type = None
Cell volume = 76.5549
rcut = 21.970857926874924 (nimgs = [6 6 6])
lattice sum = 1313 cells
precision = 1e-08
pseudo = gth-hf-rev
ke_cutoff = 382.86670519327265
    = [35 35 35] mesh (42875 PWs)


******** <class 'pyscf.pbc.dft.krks.KRKS'> ********
method = KRKS-KohnShamDFT
initial guess = minao
damping factor = 0
level_shift factor = 0
DIIS = <class 'pyscf.scf.diis.CDIIS'>
diis_start_cycle = 1
diis_space = 8
SCF conv_tol = 1e-07
SCF conv_tol_grad = None
SCF max_cycles = 50
direct_scf = True
direct_scf_tol = 1e-13
chkfile to save SCF result = /burg/berkelbach/users/eav2136/projects/interpolation/01_get_bands/tmp/tmpyd4t4s_m
max_memory 187000 MB (current use 110 MB)


******** PBC SCF flags ********
N kpts = 27
kpts = [[ 0.00000000e+00  0.00000000e+00  0.00000000e+00]
 [ 3.10728451e-01  3.10728451e-01 -3.10728451e-01]
 [ 6.21456902e-01  6.21456902e-01 -6.21456902e-01]
 [ 3.10728451e-01 -3.10728451e-01  3.10728451e-01]
 [ 6.21456902e-01  1.97585401e-17 -1.97585401e-17]
 [ 9.32185352e-01  3.10728451e-01 -3.10728451e-01]
 [ 6.21456902e-01 -6.21456902e-01  6.21456902e-01]
 [ 9.32185352e-01 -3.10728451e-01  3.10728451e-01]
 [ 1.24291380e+00  3.95170803e-17 -3.95170803e-17]
 [-3.10728451e-01  3.10728451e-01  3.10728451e-01]
 [ 1.97585401e-17  6.21456902e-01 -1.97585401e-17]
 [ 3.10728451e-01  9.32185352e-01 -3.10728451e-01]
 [ 1.97585401e-17 -1.97585401e-17  6.21456902e-01]
 [ 3.10728451e-01  3.10728451e-01  3.10728451e-01]
 [ 6.21456902e-01  6.21456902e-01 -3.95170803e-17]
 [ 3.10728451e-01 -3.10728451e-01  9.32185352e-01]
 [ 6.21456902e-01 -3.57526111e-17  6.21456902e-01]
 [ 9.32185352e-01  3.10728451e-01  3.10728451e-01]
 [-6.21456902e-01  6.21456902e-01  6.21456902e-01]
 [-3.10728451e-01  9.32185352e-01  3.10728451e-01]
 [ 3.95170803e-17  1.24291380e+00 -3.95170803e-17]
 [-3.10728451e-01  3.10728451e-01  9.32185352e-01]
 [ 1.97585401e-17  6.21456902e-01  6.21456902e-01]
 [ 3.10728451e-01  9.32185352e-01  3.10728451e-01]
 [ 3.95170803e-17 -3.95170803e-17  1.24291380e+00]
 [ 3.10728451e-01  3.10728451e-01  9.32185352e-01]
 [ 6.21456902e-01  6.21456902e-01  6.21456902e-01]]
Exchange divergence treatment (exxdiv) = ewald
Monkhorst pack size [3 3 3] ew_eta 2.0680636387390696 ew_cut 3.402350398388744
Ewald components = 0, -1.16695765003732, 1.05358783663642
    madelung (= occupied orbital energy shift) = 0.22673962680178716
    Total energy shift due to Ewald probe charge = -1/2 * Nelec*madelung = -0.906958507207
DF object = <pyscf.pbc.df.df.GDF object at 0x155535e6cca0>
XC functionals = pbe
small_rho_cutoff = 1e-07
Uniform grid, mesh = [35 35 35]
Set gradient conv threshold to 0.000316228
    CPU time for vnuc pass1: analytic int     80.86 sec, wall time      3.18 sec
    CPU time for contracting Vnuc [0:216]      2.82 sec, wall time      0.13 sec
    CPU time for contracting Vnuc      2.82 sec, wall time      0.13 sec
    CPU time for get_pp_loc_part1     83.72 sec, wall time      3.31 sec
    CPU time for get_pp_loc_part2    125.23 sec, wall time      5.08 sec
    CPU time for get_pp_nl      0.30 sec, wall time      0.01 sec
    CPU time for get_pp    209.26 sec, wall time      8.40 sec
    CPU time for setting up grids      1.41 sec, wall time      0.22 sec
nelec by numeric integration = 7.999999999999998
    CPU time for vxc     23.82 sec, wall time      0.78 sec


******** <class 'pyscf.pbc.df.df.GDF'> ********
mesh = [7, 7, 7] (343 PWs)
auxbasis = None
eta = 0.2
exp_to_discard = None
_cderi_to_save = /burg/berkelbach/users/eav2136/projects/interpolation/01_get_bands/tmp/tmpp81f3ohv
len(kpts) = 27
    kpts = [[ 0.00000000e+00  0.00000000e+00  0.00000000e+00]
 [ 3.10728451e-01  3.10728451e-01 -3.10728451e-01]
 [ 6.21456902e-01  6.21456902e-01 -6.21456902e-01]
 [ 3.10728451e-01 -3.10728451e-01  3.10728451e-01]
 [ 6.21456902e-01  1.97585401e-17 -1.97585401e-17]
 [ 9.32185352e-01  3.10728451e-01 -3.10728451e-01]
 [ 6.21456902e-01 -6.21456902e-01  6.21456902e-01]
 [ 9.32185352e-01 -3.10728451e-01  3.10728451e-01]
 [ 1.24291380e+00  3.95170803e-17 -3.95170803e-17]
 [-3.10728451e-01  3.10728451e-01  3.10728451e-01]
 [ 1.97585401e-17  6.21456902e-01 -1.97585401e-17]
 [ 3.10728451e-01  9.32185352e-01 -3.10728451e-01]
 [ 1.97585401e-17 -1.97585401e-17  6.21456902e-01]
 [ 3.10728451e-01  3.10728451e-01  3.10728451e-01]
 [ 6.21456902e-01  6.21456902e-01 -3.95170803e-17]
 [ 3.10728451e-01 -3.10728451e-01  9.32185352e-01]
 [ 6.21456902e-01 -3.57526111e-17  6.21456902e-01]
 [ 9.32185352e-01  3.10728451e-01  3.10728451e-01]
 [-6.21456902e-01  6.21456902e-01  6.21456902e-01]
 [-3.10728451e-01  9.32185352e-01  3.10728451e-01]
 [ 3.95170803e-17  1.24291380e+00 -3.95170803e-17]
 [-3.10728451e-01  3.10728451e-01  9.32185352e-01]
 [ 1.97585401e-17  6.21456902e-01  6.21456902e-01]
 [ 3.10728451e-01  9.32185352e-01  3.10728451e-01]
 [ 3.95170803e-17 -3.95170803e-17  1.24291380e+00]
 [ 3.10728451e-01  3.10728451e-01  9.32185352e-01]
 [ 6.21456902e-01  6.21456902e-01  6.21456902e-01]]
Even tempered Gaussians are generated as DF auxbasis for  C
  ETB auxbasis for C  [[0, [9.579456, 1]], [0, [4.789728, 1]], [0, [2.394864, 1]], [0, [1.197432, 1]], [0, [0.598716, 1]], [0, [0.299358, 1]], [1, [8.727455361661383, 1]], [1, [4.363727680830691, 1]], [1, [2.1818638404153456, 1]], [1, [1.0909319202076728, 1]], [1, [0.5454659601038364, 1]], [1, [0.2727329800519182, 1]], [2, [7.951232, 1]], [2, [3.975616, 1]], [2, [1.987808, 1]], [2, [0.993904, 1]], [2, [0.496952, 1]], [2, [0.248476, 1]], [3, [2.1026146480075707, 1]], [3, [1.0513073240037853, 1]], [3, [0.5256536620018927, 1]], [4, [1.112026, 1]]]
num shells = 44, num cGTOs = 168
Drop 0 primitive fitting functions
make aux basis, num shells = 44, num cGTOs = 168
auxcell.rcut 12.846608924246357
make compensating basis, num shells = 10, num cGTOs = 50
chgcell.rcut 11.482117703874595
    CPU time for 3c2e   1701.84 sec, wall time     78.80 sec
Num uniq kpts 63
uniq_kpts [[ 0.00000000e+00  0.00000000e+00  0.00000000e+00]
 [-3.10728451e-01 -3.10728451e-01  3.10728451e-01]
 [-6.21456902e-01 -6.21456902e-01  6.21456902e-01]
 [-3.10728451e-01  3.10728451e-01 -3.10728451e-01]
 [ 0.00000000e+00  6.21456902e-01 -6.21456902e-01]
 [ 3.10728451e-01  9.32185352e-01 -9.32185352e-01]
 [-6.21456902e-01 -1.97585401e-17  1.97585401e-17]
 [-9.32185352e-01 -3.10728451e-01  3.10728451e-01]
 [-6.21456902e-01  6.21456902e-01 -6.21456902e-01]
 [-3.10728451e-01  9.32185352e-01 -9.32185352e-01]
 [ 0.00000000e+00  1.24291380e+00 -1.24291380e+00]
 [-9.32185352e-01  3.10728451e-01 -3.10728451e-01]
 [-1.24291380e+00 -3.95170803e-17  3.95170803e-17]
 [ 3.10728451e-01 -3.10728451e-01 -3.10728451e-01]
 [ 6.21456902e-01  0.00000000e+00 -6.21456902e-01]
 [ 9.32185352e-01  3.10728451e-01 -9.32185352e-01]
 [ 6.21456902e-01 -6.21456902e-01  0.00000000e+00]
 [ 9.32185352e-01 -3.10728451e-01 -3.10728451e-01]
 [ 1.24291380e+00  5.55111512e-17 -6.21456902e-01]
 [ 9.32185352e-01 -9.32185352e-01  3.10728451e-01]
 [ 1.24291380e+00 -6.21456902e-01  0.00000000e+00]
 [ 1.55364225e+00 -3.10728451e-01 -3.10728451e-01]
 [-1.97585401e-17 -6.21456902e-01  1.97585401e-17]
 [ 3.10728451e-01 -9.32185352e-01  3.10728451e-01]
 [ 6.21456902e-01 -1.24291380e+00  6.21456902e-01]
 [-3.10728451e-01 -9.32185352e-01  3.10728451e-01]
 [-5.55111512e-17 -1.24291380e+00  6.21456902e-01]
 [ 3.10728451e-01 -1.55364225e+00  9.32185352e-01]
 [-1.97585401e-17  1.97585401e-17 -6.21456902e-01]
 [ 3.10728451e-01  3.10728451e-01 -9.32185352e-01]
 [ 6.21456902e-01  6.21456902e-01 -1.24291380e+00]
 [-3.10728451e-01 -3.10728451e-01 -3.10728451e-01]
 [-6.21456902e-01 -6.21456902e-01  3.95170803e-17]
 [-3.10728451e-01  3.10728451e-01 -9.32185352e-01]
 [-5.55111512e-17  6.21456902e-01 -1.24291380e+00]
 [ 3.10728451e-01  9.32185352e-01 -1.55364225e+00]
 [-6.21456902e-01  3.57526111e-17 -6.21456902e-01]
 [-9.32185352e-01 -3.10728451e-01 -3.10728451e-01]
 [ 6.21456902e-01 -6.21456902e-01 -6.21456902e-01]
 [ 9.32185352e-01 -3.10728451e-01 -9.32185352e-01]
 [ 1.24291380e+00  0.00000000e+00 -1.24291380e+00]
 [ 9.32185352e-01 -9.32185352e-01 -3.10728451e-01]
 [ 1.24291380e+00 -6.21456902e-01 -6.21456902e-01]
 [ 1.55364225e+00 -3.10728451e-01 -9.32185352e-01]
 [ 1.24291380e+00 -1.24291380e+00  0.00000000e+00]
 [ 1.55364225e+00 -9.32185352e-01 -3.10728451e-01]
 [ 1.86437070e+00 -6.21456902e-01 -6.21456902e-01]
 [ 3.10728451e-01 -9.32185352e-01 -3.10728451e-01]
 [ 6.21456902e-01 -1.24291380e+00  0.00000000e+00]
 [ 9.32185352e-01 -1.55364225e+00  3.10728451e-01]
 [-3.95170803e-17 -1.24291380e+00  3.95170803e-17]
 [ 3.10728451e-01 -1.55364225e+00  3.10728451e-01]
 [ 6.21456902e-01 -1.86437070e+00  6.21456902e-01]
 [ 3.10728451e-01 -3.10728451e-01 -9.32185352e-01]
 [ 6.21456902e-01  0.00000000e+00 -1.24291380e+00]
 [ 9.32185352e-01  3.10728451e-01 -1.55364225e+00]
 [-1.97585401e-17 -6.21456902e-01 -6.21456902e-01]
 [-3.10728451e-01 -9.32185352e-01 -3.10728451e-01]
 [-3.95170803e-17  3.95170803e-17 -1.24291380e+00]
 [ 3.10728451e-01  3.10728451e-01 -1.55364225e+00]
 [ 6.21456902e-01  6.21456902e-01 -1.86437070e+00]
 [-3.10728451e-01 -3.10728451e-01 -9.32185352e-01]
 [-6.21456902e-01 -6.21456902e-01 -6.21456902e-01]]
max_memory 186468.118016 (MB)  blocksize 21383958
Cholesky decomposition for j2c at kpt 0
Symmetry pattern (k - [0. 0. 0.])*a= 2n pi
    make_kpt for uniq_kptji_ids [0]
kpt = [0. 0. 0.]
adapted_ji_idx = [  0   2   5   9  14  20  27  35  44  54  65  77  90 104 119 135 152 170
 189 209 230 252 275 299 324 350 377]
memory = 497.405952
int3c2e [1/1], AO [0:10], ncol = 351
Symmetry pattern (k + [0. 0. 0.])*a= 2n pi
    make_kpt for [0]
Cholesky decomposition for j2c at kpt 1
Symmetry pattern (k - [-0.31072845 -0.31072845  0.31072845])*a= 2n pi
    make_kpt for uniq_kptji_ids [1]
kpt = [-0.31072845 -0.31072845  0.31072845]
adapted_ji_idx = [  1   4  13  19  34  43  64  76 103 118 151 169 208 229 274 298 349 376]
memory = 705.261568
int3c2e [1/1], AO [0:10], ncol = 676
Symmetry pattern (k + [-0.31072845 -0.31072845  0.31072845])*a= 2n pi
    make_kpt for [2]
kpt = [-0.6214569 -0.6214569  0.6214569]
adapted_ji_idx = [  3  18  42  75 117 168 228 297 375]
memory = 896.671744
int3c2e [1/1], AO [0:10], ncol = 676
Cholesky decomposition for j2c at kpt 3
Symmetry pattern (k - [-0.31072845  0.31072845 -0.31072845])*a= 2n pi
    make_kpt for uniq_kptji_ids [3]
kpt = [-0.31072845  0.31072845 -0.31072845]
adapted_ji_idx = [  6  11  17  24  32  41  87 101 116 132 149 167 249 272 296 321 347 374]
memory = 974.974976
int3c2e [1/1], AO [0:10], ncol = 676
Symmetry pattern (k + [-0.31072845  0.31072845 -0.31072845])*a= 2n pi
    make_kpt for [8]
kpt = [-0.6214569  0.6214569 -0.6214569]
adapted_ji_idx = [ 21  29  38 129 146 164 318 344 371]
memory = 1002.459136
int3c2e [1/1], AO [0:10], ncol = 676
Cholesky decomposition for j2c at kpt 4
Symmetry pattern (k - [ 0.         0.6214569 -0.6214569])*a= 2n pi
    make_kpt for uniq_kptji_ids [4 7]
kpt = [ 0.         0.6214569 -0.6214569]
adapted_ji_idx = [  7  12  25  33  88 102 133 150 250 273 322 348]
memory = 1034.498048
int3c2e [1/1], AO [0:10], ncol = 676
kpt = [-0.93218535 -0.31072845  0.31072845]
adapted_ji_idx = [ 15  39 114 165 294 372]
memory = 991.72352
int3c2e [1/1], AO [0:10], ncol = 676
Symmetry pattern (k + [ 0.         0.6214569 -0.6214569])*a= 2n pi
    make_kpt for [10 11]
kpt = [ 0.         1.2429138 -1.2429138]
adapted_ji_idx = [ 23 131 320]
memory = 1057.529856
int3c2e [1/1], AO [0:10], ncol = 676
kpt = [-0.93218535  0.31072845 -0.31072845]
adapted_ji_idx = [ 28  37 145 163 343 370]
memory = 1085.390848
int3c2e [1/1], AO [0:10], ncol = 676
Cholesky decomposition for j2c at kpt 5
Symmetry pattern (k - [ 0.31072845  0.93218535 -0.93218535])*a= 2n pi
    make_kpt for uniq_kptji_ids [5 6]
kpt = [ 0.31072845  0.93218535 -0.93218535]
adapted_ji_idx = [  8  26  89 134 251 323]
memory = 1085.91104
int3c2e [1/1], AO [0:10], ncol = 676
kpt = [-6.21456902e-01 -1.97585401e-17  1.97585401e-17]
adapted_ji_idx = [ 10  16  31  40 100 115 148 166 271 295 346 373]
memory = 1088.008192
int3c2e [1/1], AO [0:10], ncol = 676
Symmetry pattern (k + [ 0.31072845  0.93218535 -0.93218535])*a= 2n pi
    make_kpt for [ 9 12]
kpt = [-0.31072845  0.93218535 -0.93218535]
adapted_ji_idx = [ 22  30 130 147 319 345]
memory = 1098.575872
int3c2e [1/1], AO [0:10], ncol = 676
kpt = [-1.24291380e+00 -3.95170803e-17  3.95170803e-17]
adapted_ji_idx = [ 36 162 369]
memory = 1106.96448
int3c2e [1/1], AO [0:10], ncol = 676
Cholesky decomposition for j2c at kpt 13
Symmetry pattern (k - [ 0.31072845 -0.31072845 -0.31072845])*a= 2n pi
    make_kpt for uniq_kptji_ids [13]
kpt = [ 0.31072845 -0.31072845 -0.31072845]
adapted_ji_idx = [ 45  56  68  81  95 110 126 143 161 180 200 221 243 266 290 315 341 368]
memory = 1111.801856
int3c2e [1/1], AO [0:10], ncol = 676
Symmetry pattern (k + [ 0.31072845 -0.31072845 -0.31072845])*a= 2n pi
    make_kpt for [38]
kpt = [ 0.6214569 -0.6214569 -0.6214569]
adapted_ji_idx = [171 191 212 234 257 281 306 332 359]
memory = 1121.542144
int3c2e [1/1], AO [0:10], ncol = 676
Cholesky decomposition for j2c at kpt 14
Symmetry pattern (k - [ 0.6214569  0.        -0.6214569])*a= 2n pi
    make_kpt for uniq_kptji_ids [14 25]
kpt = [ 0.6214569  0.        -0.6214569]
adapted_ji_idx = [ 46  57  82  96 127 144 181 201 244 267 316 342]
memory = 1124.360192
int3c2e [1/1], AO [0:10], ncol = 676
kpt = [-0.31072845 -0.93218535  0.31072845]
adapted_ji_idx = [ 66 108 159 219 288 366]
memory = 1087.455232
int3c2e [1/1], AO [0:10], ncol = 676
Symmetry pattern (k + [ 0.6214569  0.        -0.6214569])*a= 2n pi
    make_kpt for [40 47]
kpt = [ 1.2429138  0.        -1.2429138]
adapted_ji_idx = [173 236 308]
memory = 1117.310976
int3c2e [1/1], AO [0:10], ncol = 676
kpt = [ 0.31072845 -0.93218535 -0.31072845]
adapted_ji_idx = [190 211 256 280 331 358]
memory = 1119.424512
int3c2e [1/1], AO [0:10], ncol = 676
Cholesky decomposition for j2c at kpt 15
Symmetry pattern (k - [ 0.93218535  0.31072845 -0.93218535])*a= 2n pi
    make_kpt for uniq_kptji_ids [15 22]
kpt = [ 0.93218535  0.31072845 -0.93218535]
adapted_ji_idx = [ 47  83 128 182 245 317]
memory = 1121.521664
int3c2e [1/1], AO [0:10], ncol = 676
kpt = [-1.97585401e-17 -6.21456902e-01  1.97585401e-17]
adapted_ji_idx = [ 55  67  94 109 142 160 199 220 265 289 340 367]
memory = 1121.660928
int3c2e [1/1], AO [0:10], ncol = 676
Symmetry pattern (k + [ 0.93218535  0.31072845 -0.93218535])*a= 2n pi
    make_kpt for [39 50]
kpt = [ 0.93218535 -0.31072845 -0.93218535]
adapted_ji_idx = [172 192 235 258 307 333]
memory = 1128.308736
int3c2e [1/1], AO [0:10], ncol = 676
kpt = [-3.95170803e-17 -1.24291380e+00  3.95170803e-17]
adapted_ji_idx = [210 279 357]
memory = 1138.794496
int3c2e [1/1], AO [0:10], ncol = 676
Cholesky decomposition for j2c at kpt 16
Symmetry pattern (k - [ 0.6214569 -0.6214569  0.       ])*a= 2n pi
    make_kpt for uniq_kptji_ids [16 33]
kpt = [ 0.6214569 -0.6214569  0.       ]
adapted_ji_idx = [ 48  59  71  84  98 113 183 203 224 246 269 293]
memory = 1138.843648
int3c2e [1/1], AO [0:10], ncol = 676
kpt = [-0.31072845  0.31072845 -0.93218535]
adapted_ji_idx = [120 137 155 309 335 362]
memory = 1142.665216
int3c2e [1/1], AO [0:10], ncol = 676
Symmetry pattern (k + [ 0.6214569 -0.6214569  0.       ])*a= 2n pi
    make_kpt for [44 53]
kpt = [ 1.2429138 -1.2429138  0.       ]
adapted_ji_idx = [177 197 218]
memory = 1142.665216
int3c2e [1/1], AO [0:10], ncol = 676
kpt = [ 0.31072845 -0.31072845 -0.93218535]
adapted_ji_idx = [231 254 278 303 329 356]
memory = 1142.665216
int3c2e [1/1], AO [0:10], ncol = 676
Cholesky decomposition for j2c at kpt 17
Symmetry pattern (k - [ 0.93218535 -0.31072845 -0.31072845])*a= 2n pi
    make_kpt for uniq_kptji_ids [17 26 34 37]
kpt = [ 0.93218535 -0.31072845 -0.31072845]
adapted_ji_idx = [ 49  60  85  99 184 204 247 270]
memory = 1146.85952
int3c2e [1/1], AO [0:10], ncol = 676
kpt = [-5.55111512e-17 -1.24291380e+00  6.21456902e-01]
adapted_ji_idx = [ 69 111 222 291]
memory = 1153.150976
int3c2e [1/1], AO [0:10], ncol = 676
kpt = [-5.55111512e-17  6.21456902e-01 -1.24291380e+00]
adapted_ji_idx = [121 138 310 336]
memory = 1153.150976
int3c2e [1/1], AO [0:10], ncol = 676
kpt = [-0.93218535 -0.31072845 -0.31072845]
adapted_ji_idx = [153 360]
memory = 1153.150976
int3c2e [1/1], AO [0:10], ncol = 676
Symmetry pattern (k + [ 0.93218535 -0.31072845 -0.31072845])*a= 2n pi
    make_kpt for [46 49 55 56]
kpt = [ 1.8643707 -0.6214569 -0.6214569]
adapted_ji_idx = [179]
memory = 1161.539584
int3c2e [1/1], AO [0:10], ncol = 676
kpt = [ 0.93218535 -1.55364225  0.31072845]
adapted_ji_idx = [196 217]
memory = 1169.928192
int3c2e [1/1], AO [0:10], ncol = 676
kpt = [ 0.93218535  0.31072845 -1.55364225]
adapted_ji_idx = [233 305]
memory = 1169.928192
int3c2e [1/1], AO [0:10], ncol = 676
kpt = [-1.97585401e-17 -6.21456902e-01 -6.21456902e-01]
adapted_ji_idx = [253 277 328 355]
memory = 1169.928192
int3c2e [1/1], AO [0:10], ncol = 676
Cholesky decomposition for j2c at kpt 18
Symmetry pattern (k - [ 1.24291380e+00  5.55111512e-17 -6.21456902e-01])*a= 2n pi
    make_kpt for uniq_kptji_ids [18 23 35 36]
kpt = [ 1.24291380e+00  5.55111512e-17 -6.21456902e-01]
adapted_ji_idx = [ 50  86 185 248]
memory = 1169.928192
int3c2e [1/1], AO [0:10], ncol = 676
kpt = [ 0.31072845 -0.93218535  0.31072845]
adapted_ji_idx = [ 58  70  97 112 202 223 268 292]
memory = 1169.928192
int3c2e [1/1], AO [0:10], ncol = 676
kpt = [ 0.31072845  0.93218535 -1.55364225]
adapted_ji_idx = [122 311]
memory = 1169.928192
int3c2e [1/1], AO [0:10], ncol = 676
kpt = [-6.21456902e-01  3.57526111e-17 -6.21456902e-01]
adapted_ji_idx = [136 154 334 361]
memory = 1169.944576
int3c2e [1/1], AO [0:10], ncol = 676
Symmetry pattern (k + [ 1.24291380e+00  5.55111512e-17 -6.21456902e-01])*a= 2n pi
    make_kpt for [45 52 54 57]
kpt = [ 1.55364225 -0.93218535 -0.31072845]
adapted_ji_idx = [178 198]
memory = 1169.944576
int3c2e [1/1], AO [0:10], ncol = 676
kpt = [ 0.6214569 -1.8643707  0.6214569]
adapted_ji_idx = [216]
memory = 1169.944576
int3c2e [1/1], AO [0:10], ncol = 676
kpt = [ 0.6214569  0.        -1.2429138]
adapted_ji_idx = [232 255 304 330]
memory = 1169.944576
int3c2e [1/1], AO [0:10], ncol = 676
kpt = [-0.31072845 -0.93218535 -0.31072845]
adapted_ji_idx = [276 354]
memory = 1172.250624
int3c2e [1/1], AO [0:10], ncol = 676
Cholesky decomposition for j2c at kpt 19
Symmetry pattern (k - [ 0.93218535 -0.93218535  0.31072845])*a= 2n pi
    make_kpt for uniq_kptji_ids [19 28]
kpt = [ 0.93218535 -0.93218535  0.31072845]
adapted_ji_idx = [ 51  62  74 186 206 227]
memory = 1172.250624
int3c2e [1/1], AO [0:10], ncol = 676
kpt = [-1.97585401e-17  1.97585401e-17 -6.21456902e-01]
adapted_ji_idx = [ 78  92 107 123 140 158 240 263 287 312 338 365]
memory = 1172.25472
int3c2e [1/1], AO [0:10], ncol = 676
Symmetry pattern (k + [ 0.93218535 -0.93218535  0.31072845])*a= 2n pi
    make_kpt for [41 58]
kpt = [ 0.93218535 -0.93218535 -0.31072845]
adapted_ji_idx = [174 194 215 237 260 284]
memory = 1130.409984
int3c2e [1/1], AO [0:10], ncol = 676
kpt = [-3.95170803e-17  3.95170803e-17 -1.24291380e+00]
adapted_ji_idx = [300 326 353]
memory = 1159.401472
int3c2e [1/1], AO [0:10], ncol = 676
Cholesky decomposition for j2c at kpt 20
Symmetry pattern (k - [ 1.2429138 -0.6214569  0.       ])*a= 2n pi
    make_kpt for uniq_kptji_ids [20 27 29 32]
kpt = [ 1.2429138 -0.6214569  0.       ]
adapted_ji_idx = [ 52  63 187 207]
memory = 1159.573504
int3c2e [1/1], AO [0:10], ncol = 676
kpt = [ 0.31072845 -1.55364225  0.93218535]
adapted_ji_idx = [ 72 225]
memory = 1159.573504
int3c2e [1/1], AO [0:10], ncol = 676
kpt = [ 0.31072845  0.31072845 -0.93218535]
adapted_ji_idx = [ 79  93 124 141 241 264 313 339]
memory = 1159.573504
int3c2e [1/1], AO [0:10], ncol = 676
kpt = [-6.21456902e-01 -6.21456902e-01  3.95170803e-17]
adapted_ji_idx = [105 156 285 363]
memory = 1174.81472
int3c2e [1/1], AO [0:10], ncol = 676
Symmetry pattern (k + [ 1.2429138 -0.6214569  0.       ])*a= 2n pi
    make_kpt for [43 48 60 61]
kpt = [ 1.55364225 -0.31072845 -0.93218535]
adapted_ji_idx = [176 239]
memory = 1175.20384
int3c2e [1/1], AO [0:10], ncol = 676
kpt = [ 0.6214569 -1.2429138  0.       ]
adapted_ji_idx = [193 214 259 283]
memory = 1175.416832
int3c2e [1/1], AO [0:10], ncol = 676
kpt = [ 0.6214569  0.6214569 -1.8643707]
adapted_ji_idx = [302]
memory = 1175.539712
int3c2e [1/1], AO [0:10], ncol = 676
kpt = [-0.31072845 -0.31072845 -0.93218535]
adapted_ji_idx = [325 352]
memory = 1175.539712
int3c2e [1/1], AO [0:10], ncol = 676
Cholesky decomposition for j2c at kpt 21
Symmetry pattern (k - [ 1.55364225 -0.31072845 -0.31072845])*a= 2n pi
    make_kpt for uniq_kptji_ids [21 24 30 31]
kpt = [ 1.55364225 -0.31072845 -0.31072845]
adapted_ji_idx = [ 53 188]
memory = 1175.539712
int3c2e [1/1], AO [0:10], ncol = 676
kpt = [ 0.6214569 -1.2429138  0.6214569]
adapted_ji_idx = [ 61  73 205 226]
memory = 1175.539712
int3c2e [1/1], AO [0:10], ncol = 676
kpt = [ 0.6214569  0.6214569 -1.2429138]
adapted_ji_idx = [ 80 125 242 314]
memory = 1175.539712
int3c2e [1/1], AO [0:10], ncol = 676
kpt = [-0.31072845 -0.31072845 -0.31072845]
adapted_ji_idx = [ 91 106 139 157 262 286 337 364]
memory = 1175.539712
int3c2e [1/1], AO [0:10], ncol = 676
Symmetry pattern (k + [ 1.55364225 -0.31072845 -0.31072845])*a= 2n pi
    make_kpt for [42 51 59 62]
kpt = [ 1.2429138 -0.6214569 -0.6214569]
adapted_ji_idx = [175 195 238 261]
memory = 1175.973888
int3c2e [1/1], AO [0:10], ncol = 676
kpt = [ 0.31072845 -1.55364225  0.31072845]
adapted_ji_idx = [213 282]
memory = 1176.449024
int3c2e [1/1], AO [0:10], ncol = 676
kpt = [ 0.31072845  0.31072845 -1.55364225]
adapted_ji_idx = [301 327]
memory = 1176.449024
int3c2e [1/1], AO [0:10], ncol = 676
kpt = [-0.6214569 -0.6214569 -0.6214569]
adapted_ji_idx = [351]
memory = 1176.449024
int3c2e [1/1], AO [0:10], ncol = 676
    CPU time for j3c   2142.48 sec, wall time     98.21 sec
    CPU time for Init get_j_kpts   2142.64 sec, wall time     98.22 sec
    CPU time for get_j pass 1      3.57 sec, wall time      0.19 sec
    CPU time for get_j pass 2      0.21 sec, wall time      0.06 sec
    CPU time for vj and vk   2146.42 sec, wall time     98.47 sec
Ewald components = 8.67997097708575e-26, -47.3756282134421, 34.5884981493536
E1 = (4.897378551199661-9.621278549240262e-18j)  Ecoul = 1.5381189865390665  Exc = -3.7997002129893804
init E= -10.1513327393392
cond(S) = [  26137.11707762  186522.01182214  186522.01182265  186522.01182114
 2187988.38322696  270694.07514808  186522.01182137  270694.07515457
 2187988.38340332  186522.0118161  2187988.38307538  270694.0751516
 2187988.38322371  186522.01182382  270694.07516854  270694.07516715
  270694.07515602  270694.07515565  186522.01181611  270694.07515015
 2187988.38341494  270694.07517698  270694.07515107  270694.07515827
 2187988.38345395  270694.07516985  186522.01182217]
    CPU time for initialize scf   2382.80 sec, wall time    108.45 sec
HOMO = 0.572136118958  LUMO = 0.691989398657
     k-point                  mo_energy
   0 ( 0.000  0.000  0.000)   [-0.24766313  0.57213612  0.57213612  0.57213612] [0.75904002 0.75904002 0.75904002 1.04723501 1.52268311 1.52268311
 1.80183695 1.80183695 1.80183695 1.82499251 2.34502181 2.34502181
 2.34502181 3.2065213  3.2065213  3.2065213  3.29662583 3.29662583
 4.35521464 4.35521464 4.35521464 4.95478685]
   1 (-0.000 -0.000  0.333)   [-0.13689822  0.20483755  0.48037126  0.48037126] [0.85923414 0.85923414 0.86811227 1.16071491 1.38453243 1.45600081
 1.45600081 2.02395079 2.02395079 2.05800909 2.24811834 2.37958684
 2.37958684 2.93675793 3.04111366 3.04111366 3.39469028 3.39469028
 3.51007732 3.51007733 5.06218386 9.38137307]
   2 (-0.000 -0.000  0.667)   [-0.13689822  0.20483755  0.48037126  0.48037126] [0.85923414 0.85923414 0.86811227 1.16071491 1.38453243 1.45600081
 1.45600081 2.02395079 2.02395079 2.05800908 2.24811834 2.37958684
 2.37958684 2.93675793 3.04111366 3.04111366 3.39469028 3.39469028
 3.51007732 3.51007733 5.06218386 9.38137306]
   3 ( 0.000  0.333 -0.000)   [-0.13689822  0.20483755  0.48037126  0.48037126] [0.85923414 0.85923414 0.86811227 1.16071491 1.38453243 1.45600081
 1.45600081 2.02395079 2.02395079 2.05800909 2.24811834 2.37958684
 2.37958684 2.93675793 3.04111366 3.04111366 3.39469028 3.39469028
 3.51007733 3.51007733 5.06218386 9.38137306]
   4 (-0.000  0.333  0.333)   [-0.09890765  0.2932293   0.36231391  0.36231391] [0.6919894  0.81729181 1.09164516 1.09164516 1.38065915 1.43976748
 1.73288514 1.90896558 1.90896558 2.17442964 2.17442964 2.29741162
 2.40103151 2.56247637 2.97076886 2.97076886 2.99006013 3.59618713
 4.14767395 4.14767398 6.72028699 7.39867463]
   5 (-0.000  0.333  0.667)   [0.03122991 0.14801008 0.19989912 0.38732649] [0.77049124 1.042988   1.06501365 1.11931476 1.19026998 1.47041846
 1.50418443 1.86848505 2.06936853 2.13123261 2.33755657 2.44175241
 2.46866124 2.53223454 2.6864874  2.83054033 2.96171073 3.04857435
 3.58206528 4.08782396 8.43650854 9.28354743]
   6 ( 0.000  0.667 -0.000)   [-0.13689822  0.20483755  0.48037126  0.48037126] [0.85923414 0.85923414 0.86811227 1.16071491 1.38453243 1.45600081
 1.45600081 2.02395079 2.02395079 2.05800909 2.24811834 2.37958684
 2.37958684 2.93675793 3.04111366 3.04111366 3.39469028 3.39469028
 3.51007733 3.51007733 5.06218387 9.38137306]
   7 ( 0.000  0.667  0.333)   [0.03122991 0.14801008 0.19989912 0.38732649] [0.77049124 1.042988   1.06501365 1.11931476 1.19026998 1.47041846
 1.50418443 1.86848505 2.06936853 2.13123261 2.33755657 2.44175241
 2.46866124 2.53223454 2.6864874  2.83054033 2.96171073 3.04857435
 3.58206528 4.08782397 8.43650854 9.28354743]
   8 (-0.000  0.667  0.667)   [-0.09890765  0.2932293   0.36231391  0.36231391] [0.6919894  0.81729181 1.09164516 1.09164516 1.38065915 1.43976748
 1.73288514 1.90896558 1.90896558 2.17442964 2.17442964 2.29741162
 2.40103151 2.56247637 2.97076886 2.97076886 2.99006013 3.59618713
 4.14767395 4.14767399 6.72028699 7.39867463]
   9 ( 0.333  0.000  0.000)   [-0.13689822  0.20483755  0.48037126  0.48037126] [0.85923414 0.85923414 0.86811227 1.16071491 1.38453243 1.45600081
 1.45600081 2.02395079 2.02395079 2.05800908 2.24811833 2.37958684
 2.37958684 2.93675793 3.04111366 3.04111366 3.39469028 3.39469028
 3.51007733 3.51007733 5.06218385 9.38137306]
  10 ( 0.333 -0.000  0.333)   [-0.09890765  0.2932293   0.36231391  0.36231391] [0.6919894  0.81729181 1.09164516 1.09164516 1.38065915 1.43976748
 1.73288514 1.90896558 1.90896558 2.17442964 2.17442964 2.29741162
 2.40103151 2.56247637 2.97076886 2.97076886 2.99006013 3.59618713
 4.14767394 4.147674   6.72028699 7.39867462]
  11 ( 0.333 -0.000  0.667)   [0.03122991 0.14801008 0.19989912 0.38732649] [0.77049124 1.042988   1.06501365 1.11931476 1.19026998 1.47041846
 1.50418443 1.86848505 2.06936853 2.13123261 2.33755657 2.44175241
 2.46866124 2.53223454 2.6864874  2.83054033 2.96171073 3.04857435
 3.58206528 4.08782396 8.43650854 9.28354743]
  12 ( 0.333  0.333 -0.000)   [-0.09890765  0.2932293   0.36231391  0.36231391] [0.6919894  0.81729181 1.09164516 1.09164516 1.38065915 1.43976748
 1.73288514 1.90896558 1.90896558 2.17442964 2.17442964 2.29741162
 2.40103151 2.56247637 2.97076886 2.97076886 2.99006013 3.59618713
 4.14767397 4.14767398 6.72028699 7.39867462]
  13 ( 0.333  0.333  0.333)   [-0.13689822  0.20483755  0.48037126  0.48037126] [0.85923414 0.85923414 0.86811227 1.16071491 1.38453243 1.45600081
 1.45600081 2.02395079 2.02395079 2.05800909 2.24811834 2.37958684
 2.37958684 2.93675793 3.04111366 3.04111366 3.39469028 3.39469028
 3.51007732 3.51007733 5.06218386 9.38137306]
  14 ( 0.333  0.333  0.667)   [0.03122991 0.14801008 0.19989912 0.38732649] [0.77049124 1.042988   1.06501365 1.11931476 1.19026998 1.47041846
 1.50418443 1.86848505 2.06936853 2.13123261 2.33755657 2.44175241
 2.46866124 2.53223454 2.6864874  2.83054034 2.96171073 3.04857435
 3.58206528 4.08782397 8.43650854 9.28354743]
  15 ( 0.333  0.667 -0.000)   [0.03122991 0.14801008 0.19989912 0.38732649] [0.77049124 1.042988   1.06501365 1.11931476 1.19026998 1.47041846
 1.50418443 1.86848505 2.06936853 2.13123261 2.33755657 2.44175241
 2.46866124 2.53223454 2.6864874  2.83054033 2.96171073 3.04857435
 3.58206528 4.08782397 8.43650854 9.28354743]
  16 ( 0.333  0.667  0.333)   [0.03122991 0.14801008 0.19989912 0.38732649] [0.77049124 1.042988   1.06501365 1.11931476 1.19026998 1.47041846
 1.50418443 1.86848505 2.06936853 2.13123261 2.33755657 2.44175241
 2.46866124 2.53223454 2.6864874  2.83054034 2.96171073 3.04857435
 3.58206528 4.08782398 8.43650854 9.28354743]
  17 ( 0.333  0.667  0.667)   [0.03122991 0.14801008 0.19989912 0.38732649] [0.77049124 1.042988   1.06501365 1.11931476 1.19026998 1.47041846
 1.50418443 1.86848505 2.06936853 2.13123261 2.33755657 2.44175241
 2.46866124 2.53223454 2.6864874  2.83054033 2.96171073 3.04857435
 3.58206528 4.08782403 8.43650854 9.28354742]
  18 ( 0.667  0.000  0.000)   [-0.13689822  0.20483755  0.48037126  0.48037126] [0.85923414 0.85923414 0.86811227 1.16071491 1.38453243 1.45600081
 1.45600081 2.02395079 2.02395079 2.05800908 2.24811833 2.37958684
 2.37958684 2.93675793 3.04111366 3.04111366 3.39469028 3.39469028
 3.51007733 3.51007733 5.06218385 9.38137306]
  19 ( 0.667  0.000  0.333)   [0.03122991 0.14801008 0.19989912 0.38732649] [0.77049124 1.042988   1.06501365 1.11931476 1.19026998 1.47041846
 1.50418443 1.86848505 2.06936853 2.13123261 2.33755657 2.44175241
 2.46866124 2.53223454 2.6864874  2.83054033 2.96171073 3.04857435
 3.58206528 4.08782394 8.43650854 9.28354743]
  20 ( 0.667 -0.000  0.667)   [-0.09890765  0.2932293   0.36231391  0.36231391] [0.6919894  0.81729181 1.09164516 1.09164516 1.38065915 1.43976748
 1.73288514 1.90896558 1.90896558 2.17442964 2.17442964 2.29741162
 2.40103151 2.56247637 2.97076886 2.97076886 2.99006013 3.59618713
 4.14767395 4.147674   6.72028699 7.39867462]
  21 ( 0.667  0.333  0.000)   [0.03122991 0.14801008 0.19989912 0.38732649] [0.77049124 1.042988   1.06501365 1.11931476 1.19026998 1.47041846
 1.50418443 1.86848505 2.06936853 2.13123261 2.33755657 2.44175241
 2.46866124 2.53223454 2.6864874  2.83054033 2.96171073 3.04857435
 3.58206528 4.08782396 8.43650854 9.28354743]
  22 ( 0.667  0.333  0.333)   [0.03122991 0.14801008 0.19989912 0.38732649] [0.77049124 1.042988   1.06501365 1.11931476 1.19026998 1.47041846
 1.50418443 1.86848505 2.06936853 2.13123261 2.33755657 2.44175241
 2.46866124 2.53223454 2.6864874  2.83054033 2.96171073 3.04857435
 3.58206528 4.08782403 8.43650854 9.28354742]
  23 ( 0.667  0.333  0.667)   [0.03122991 0.14801008 0.19989912 0.38732649] [0.77049124 1.042988   1.06501365 1.11931476 1.19026998 1.47041846
 1.50418443 1.86848505 2.06936853 2.13123261 2.33755657 2.44175241
 2.46866124 2.53223454 2.6864874  2.83054033 2.96171073 3.04857435
 3.58206528 4.08782398 8.43650854 9.28354743]
  24 ( 0.667  0.667 -0.000)   [-0.09890765  0.2932293   0.36231391  0.36231391] [0.6919894  0.81729181 1.09164516 1.09164516 1.38065915 1.43976748
 1.73288514 1.90896558 1.90896558 2.17442964 2.17442964 2.29741162
 2.40103151 2.56247637 2.97076886 2.97076886 2.99006013 3.59618713
 4.14767398 4.14767399 6.72028699 7.39867462]
  25 ( 0.667  0.667  0.333)   [0.03122991 0.14801008 0.19989912 0.38732649] [0.77049124 1.042988   1.06501365 1.11931476 1.19026998 1.47041846
 1.50418443 1.86848505 2.06936853 2.13123261 2.33755657 2.44175241
 2.46866124 2.53223454 2.6864874  2.83054033 2.96171073 3.04857435
 3.58206528 4.08782397 8.43650854 9.28354743]
  26 ( 0.667  0.667  0.667)   [-0.13689822  0.20483755  0.48037126  0.48037126] [0.85923414 0.85923414 0.86811227 1.16071491 1.38453243 1.45600081
 1.45600081 2.02395079 2.02395079 2.05800908 2.24811834 2.37958684
 2.37958684 2.93675793 3.04111366 3.04111366 3.39469028 3.39469028
 3.51007732 3.51007733 5.06218386 9.38137306]
nelec by numeric integration = 8.000000000000352
    CPU time for vxc     23.69 sec, wall time      0.75 sec
    CPU time for get_j pass 1      2.84 sec, wall time      0.11 sec
    CPU time for get_j pass 2      0.22 sec, wall time      0.06 sec
    CPU time for vj and vk      3.07 sec, wall time      0.17 sec
Ewald components = 8.67997097708575e-26, -47.3756282134421, 34.5884981493536
E1 = (4.0838153722136665+3.764309787233653e-16j)  Ecoul = 0.8950375102276448  Exc = -3.532435505485961
cycle= 1 E= -11.3407126871332  delta_E= -1.19  |g|= 0.923  |ddm|=   43
    CPU time for cycle= 1     27.01 sec, wall time      1.18 sec
diis-norm(errvec)=1.35384
diis-c [-1.83287153+0.j  1.        +0.j]
HOMO = 0.483569601855  LUMO = 0.640804051226
     k-point                  mo_energy
   0 ( 0.000  0.000  0.000)   [-0.30365208  0.4835696   0.4835696   0.4835696 ] [0.69230788 0.69230788 0.69230788 0.96408944 1.4850802  1.4850802
 1.74962407 1.74962407 1.74962407 1.77554181 2.25458586 2.25458586
 2.25458586 3.16047535 3.16047535 3.16047535 3.24969115 3.24969115
 4.30121988 4.30121988 4.30121988 4.84317164]
   1 (-0.000 -0.000  0.333)   [-0.19455078  0.14038635  0.39851674  0.39851674] [0.791829   0.791829   0.79812305 1.06822046 1.31296492 1.4091411
 1.4091411  1.96356437 1.96356437 1.99770063 2.19940012 2.32060096
 2.32060096 2.86911439 2.97061096 2.97061097 3.34148496 3.34148496
 3.4494812  3.4494812  4.94239543 9.11954484]
   2 (-0.000 -0.000  0.667)   [-0.19455078  0.14038635  0.39851674  0.39851674] [0.791829   0.791829   0.79812305 1.06822046 1.31296492 1.4091411
 1.4091411  1.96356437 1.96356437 1.99770063 2.19940012 2.32060096
 2.32060096 2.86911439 2.97061097 2.97061097 3.34148496 3.34148496
 3.4494812  3.4494812  4.94239543 9.11954484]
   3 ( 0.000  0.333 -0.000)   [-0.19455078  0.14038635  0.39851674  0.39851674] [0.791829   0.791829   0.79812305 1.06822046 1.31296492 1.4091411
 1.4091411  1.96356437 1.96356437 1.99770063 2.19940012 2.32060096
 2.32060096 2.86911439 2.97061097 2.97061097 3.34148496 3.34148496
 3.4494812  3.4494812  4.94239544 9.11954484]
   4 (-0.000  0.333  0.333)   [-0.15769462  0.21889122  0.2899589   0.2899589 ] [0.64080405 0.77615592 1.00171328 1.00171328 1.29205557 1.35683833
 1.69418449 1.842041   1.842041   2.12637435 2.12637435 2.2609271
 2.35879737 2.50340264 2.90602732 2.90602732 2.92422399 3.5408226
 4.06219828 4.06219831 6.55845819 7.21794841]
   5 (-0.000  0.333  0.667)   [-0.03394295  0.08132795  0.14233365  0.31279226] [0.72246211 0.96067824 0.98461379 1.03364131 1.12520749 1.40914805
 1.4258558  1.81331187 2.00572229 2.08847747 2.28466008 2.39095268
 2.41269874 2.46665847 2.61331199 2.75790098 2.91340538 3.00092453
 3.52921046 4.04212461 8.21085509 9.02382359]
   6 ( 0.000  0.667 -0.000)   [-0.19455078  0.14038635  0.39851674  0.39851674] [0.791829   0.791829   0.79812305 1.06822046 1.31296493 1.4091411
 1.4091411  1.96356437 1.96356437 1.99770063 2.19940012 2.32060096
 2.32060096 2.86911439 2.97061097 2.97061097 3.34148496 3.34148496
 3.4494812  3.4494812  4.94239544 9.11954484]
   7 ( 0.000  0.667  0.333)   [-0.03394295  0.08132795  0.14233365  0.31279226] [0.72246211 0.96067824 0.98461379 1.03364131 1.12520749 1.40914805
 1.4258558  1.81331187 2.00572229 2.08847747 2.28466008 2.39095268
 2.41269874 2.46665847 2.61331199 2.75790098 2.91340538 3.00092453
 3.52921046 4.04212461 8.21085509 9.02382359]
   8 (-0.000  0.667  0.667)   [-0.15769462  0.21889122  0.2899589   0.2899589 ] [0.64080405 0.77615592 1.00171328 1.00171328 1.29205557 1.35683833
 1.69418449 1.842041   1.842041   2.12637435 2.12637435 2.2609271
 2.35879737 2.50340264 2.90602732 2.90602732 2.92422399 3.5408226
 4.06219828 4.06219832 6.55845819 7.21794841]
   9 ( 0.333  0.000  0.000)   [-0.19455078  0.14038635  0.39851674  0.39851674] [0.791829   0.791829   0.79812305 1.06822046 1.31296492 1.4091411
 1.4091411  1.96356437 1.96356437 1.99770063 2.19940012 2.32060096
 2.32060096 2.86911439 2.97061097 2.97061097 3.34148496 3.34148496
 3.4494812  3.44948121 4.94239543 9.11954484]
  10 ( 0.333 -0.000  0.333)   [-0.15769462  0.21889122  0.2899589   0.2899589 ] [0.64080405 0.77615592 1.00171328 1.00171328 1.29205557 1.35683833
 1.69418449 1.842041   1.842041   2.12637435 2.12637435 2.2609271
 2.35879737 2.50340264 2.90602732 2.90602732 2.92422399 3.5408226
 4.06219826 4.06219833 6.55845819 7.21794841]
  11 ( 0.333 -0.000  0.667)   [-0.03394295  0.08132795  0.14233365  0.31279226] [0.72246211 0.96067824 0.98461379 1.03364131 1.12520749 1.40914805
 1.4258558  1.81331187 2.00572229 2.08847747 2.28466008 2.39095268
 2.41269874 2.46665847 2.61331199 2.75790098 2.91340538 3.00092453
 3.52921046 4.0421246  8.21085509 9.02382359]
  12 ( 0.333  0.333 -0.000)   [-0.15769462  0.21889122  0.2899589   0.2899589 ] [0.64080405 0.77615592 1.00171328 1.00171328 1.29205557 1.35683833
 1.69418449 1.842041   1.842041   2.12637435 2.12637435 2.2609271
 2.35879737 2.50340264 2.90602732 2.90602732 2.92422399 3.5408226
 4.06219829 4.06219831 6.55845819 7.21794841]
  13 ( 0.333  0.333  0.333)   [-0.19455078  0.14038635  0.39851674  0.39851674] [0.791829   0.791829   0.79812305 1.06822046 1.31296492 1.4091411
 1.4091411  1.96356437 1.96356437 1.99770063 2.19940012 2.32060096
 2.32060096 2.86911439 2.97061097 2.97061097 3.34148496 3.34148496
 3.4494812  3.4494812  4.94239544 9.11954484]
  14 ( 0.333  0.333  0.667)   [-0.03394295  0.08132795  0.14233365  0.31279226] [0.72246211 0.96067824 0.98461379 1.03364131 1.12520749 1.40914805
 1.4258558  1.81331187 2.00572229 2.08847747 2.28466008 2.39095268
 2.41269874 2.46665847 2.61331199 2.75790098 2.91340538 3.00092453
 3.52921046 4.04212462 8.21085509 9.02382359]
  15 ( 0.333  0.667 -0.000)   [-0.03394295  0.08132795  0.14233365  0.31279226] [0.72246211 0.96067824 0.98461379 1.03364131 1.12520749 1.40914805
 1.4258558  1.81331187 2.00572229 2.08847747 2.28466008 2.39095268
 2.41269874 2.46665847 2.61331199 2.75790098 2.91340538 3.00092453
 3.52921046 4.04212461 8.21085509 9.02382359]
  16 ( 0.333  0.667  0.333)   [-0.03394295  0.08132795  0.14233365  0.31279226] [0.72246211 0.96067824 0.98461379 1.03364131 1.12520749 1.40914805
 1.4258558  1.81331187 2.00572229 2.08847747 2.28466008 2.39095268
 2.41269874 2.46665847 2.61331199 2.75790098 2.91340538 3.00092453
 3.52921046 4.04212462 8.21085509 9.02382359]
  17 ( 0.333  0.667  0.667)   [-0.03394295  0.08132795  0.14233365  0.31279226] [0.72246211 0.96067824 0.98461379 1.03364131 1.12520749 1.40914805
 1.4258558  1.81331187 2.00572229 2.08847747 2.28466008 2.39095268
 2.41269873 2.46665847 2.61331199 2.75790097 2.91340538 3.00092453
 3.52921046 4.04212467 8.21085509 9.02382359]
  18 ( 0.667  0.000  0.000)   [-0.19455078  0.14038635  0.39851674  0.39851674] [0.791829   0.791829   0.79812305 1.06822046 1.31296492 1.4091411
 1.4091411  1.96356437 1.96356437 1.99770063 2.19940012 2.32060096
 2.32060096 2.86911439 2.97061097 2.97061097 3.34148496 3.34148496
 3.4494812  3.44948121 4.94239543 9.11954484]
  19 ( 0.667  0.000  0.333)   [-0.03394295  0.08132795  0.14233365  0.31279226] [0.72246211 0.96067824 0.98461379 1.03364131 1.12520749 1.40914805
 1.4258558  1.81331187 2.00572229 2.08847747 2.28466008 2.39095268
 2.41269873 2.46665847 2.61331199 2.75790098 2.91340538 3.00092453
 3.52921046 4.04212459 8.21085509 9.02382359]
  20 ( 0.667 -0.000  0.667)   [-0.15769462  0.21889122  0.2899589   0.2899589 ] [0.64080405 0.77615592 1.00171328 1.00171328 1.29205557 1.35683833
 1.69418449 1.842041   1.842041   2.12637435 2.12637435 2.2609271
 2.35879737 2.50340264 2.90602732 2.90602732 2.92422399 3.5408226
 4.06219828 4.06219833 6.55845819 7.21794841]
  21 ( 0.667  0.333  0.000)   [-0.03394295  0.08132795  0.14233365  0.31279226] [0.72246211 0.96067824 0.98461379 1.03364131 1.12520749 1.40914805
 1.4258558  1.81331187 2.00572229 2.08847747 2.28466008 2.39095268
 2.41269874 2.46665847 2.61331199 2.75790098 2.91340538 3.00092453
 3.52921046 4.04212461 8.21085509 9.02382359]
  22 ( 0.667  0.333  0.333)   [-0.03394295  0.08132795  0.14233365  0.31279226] [0.72246211 0.96067824 0.98461379 1.03364131 1.12520749 1.40914805
 1.4258558  1.81331187 2.00572229 2.08847747 2.28466008 2.39095268
 2.41269874 2.46665847 2.61331199 2.75790098 2.91340538 3.00092453
 3.52921046 4.04212468 8.21085509 9.02382358]
  23 ( 0.667  0.333  0.667)   [-0.03394295  0.08132795  0.14233365  0.31279226] [0.72246211 0.96067824 0.98461379 1.03364131 1.12520749 1.40914805
 1.4258558  1.81331187 2.00572229 2.08847747 2.28466008 2.39095268
 2.41269874 2.46665847 2.61331199 2.75790098 2.91340538 3.00092453
 3.52921046 4.04212462 8.21085509 9.02382359]
  24 ( 0.667  0.667 -0.000)   [-0.15769462  0.21889122  0.2899589   0.2899589 ] [0.64080405 0.77615592 1.00171328 1.00171328 1.29205557 1.35683833
 1.69418449 1.842041   1.842041   2.12637435 2.12637435 2.2609271
 2.35879737 2.50340264 2.90602732 2.90602732 2.92422399 3.5408226
 4.06219831 4.06219832 6.55845819 7.21794841]
  25 ( 0.667  0.667  0.333)   [-0.03394295  0.08132795  0.14233365  0.31279226] [0.72246211 0.96067824 0.98461379 1.03364131 1.12520749 1.40914805
 1.4258558  1.81331187 2.00572229 2.08847747 2.28466008 2.39095268
 2.41269874 2.46665847 2.61331199 2.75790098 2.91340538 3.00092453
 3.52921046 4.04212462 8.21085509 9.02382359]
  26 ( 0.667  0.667  0.667)   [-0.19455078  0.14038635  0.39851674  0.39851674] [0.791829   0.791829   0.79812305 1.06822046 1.31296493 1.4091411
 1.4091411  1.96356437 1.96356437 1.99770063 2.19940012 2.32060096
 2.32060096 2.86911439 2.97061097 2.97061097 3.34148496 3.34148496
 3.4494812  3.4494812  4.94239544 9.11954484]
nelec by numeric integration = 8.00000000000007
    CPU time for vxc     23.83 sec, wall time      0.76 sec
    CPU time for get_j pass 1      2.81 sec, wall time      0.11 sec
    CPU time for get_j pass 2      0.23 sec, wall time      0.06 sec
    CPU time for vj and vk      3.05 sec, wall time      0.17 sec
Ewald components = 8.67997097708575e-26, -47.3756282134421, 34.5884981493536
E1 = (4.000103951514177-4.654843836931683e-16j)  Ecoul = 1.0159227002739384  Exc = -3.576997753549811
cycle= 2 E= -11.3481011658502  delta_E= -0.00739  |g|= 0.208  |ddm|= 61.7
    CPU time for cycle= 2     27.08 sec, wall time      1.08 sec
diis-norm(errvec)=0.32403
diis-c [-5.85638172e-04+0.00000000e+00j  1.92709543e-01+2.21740243e-18j
  8.07290457e-01-2.21740243e-18j]
HOMO = 0.49819588844  LUMO = 0.648642083889
     k-point                  mo_energy
   0 ( 0.000  0.000  0.000)   [-0.29478751  0.49819589  0.49819589  0.49819589] [0.70326103 0.70326103 0.70326103 0.97864006 1.4900019  1.4900019
 1.75594648 1.75594648 1.75594648 1.78105723 2.26726729 2.26726729
 2.26726729 3.16747228 3.16747229 3.16747229 3.25763122 3.25763122
 4.31007506 4.31007506 4.31007506 4.85414417]
   1 (-0.000 -0.000  0.333)   [-0.18529122  0.15080318  0.41202268  0.41202268] [0.80284411 0.80284411 0.80977936 1.08363022 1.32270528 1.41507115
 1.41507115 1.97233594 1.97233594 2.00595821 2.20664819 2.32904157
 2.32904157 2.87903181 2.98118528 2.98118528 3.34981267 3.34981267
 3.45783092 3.45783092 4.95491214 9.14732491]
   2 (-0.000 -0.000  0.667)   [-0.18529122  0.15080318  0.41202268  0.41202268] [0.80284411 0.80284411 0.80977936 1.08363022 1.32270528 1.41507115
 1.41507115 1.97233594 1.97233594 2.00595821 2.20664819 2.32904157
 2.32904157 2.87903181 2.98118528 2.98118528 3.34981267 3.34981267
 3.45783092 3.45783092 4.95491214 9.14732491]
   3 ( 0.000  0.333 -0.000)   [-0.18529122  0.15080318  0.41202268  0.41202268] [0.80284411 0.80284411 0.80977936 1.08363022 1.32270528 1.41507115
 1.41507115 1.97233594 1.97233594 2.00595821 2.20664819 2.32904157
 2.32904157 2.87903181 2.98118528 2.98118528 3.34981267 3.34981267
 3.45783092 3.45783093 4.95491215 9.1473249 ]
   4 (-0.000  0.333  0.333)   [-0.14823594  0.23122678  0.30174614  0.30174614] [0.64864208 0.78207801 1.01666658 1.01666658 1.30556418 1.36846552
 1.69940351 1.85076136 1.85076136 2.13366289 2.13366289 2.26563377
 2.36508083 2.5122732  2.91563547 2.91563547 2.93494216 3.55088018
 4.07372435 4.07372438 6.57612813 7.23698768]
   5 (-0.000  0.333  0.667)   [-0.02317413  0.09229799  0.15129259  0.32497956] [0.72970954 0.97438717 0.99804255 1.04799746 1.13398674 1.42302092
 1.43151681 1.81955776 2.01451232 2.0944017  2.29206545 2.39938878
 2.42077797 2.47682132 2.62282661 2.76862269 2.92129081 3.00905679
 3.53729023 4.0487129  8.23471707 9.05138273]
   6 ( 0.000  0.667 -0.000)   [-0.18529122  0.15080318  0.41202268  0.41202268] [0.80284411 0.80284411 0.80977936 1.08363022 1.32270528 1.41507115
 1.41507115 1.97233594 1.97233594 2.00595821 2.20664819 2.32904157
 2.32904157 2.87903181 2.98118528 2.98118528 3.34981267 3.34981267
 3.45783092 3.45783093 4.95491215 9.1473249 ]
   7 ( 0.000  0.667  0.333)   [-0.02317413  0.09229799  0.15129259  0.32497956] [0.72970954 0.97438717 0.99804255 1.04799746 1.13398674 1.42302092
 1.43151681 1.81955776 2.01451232 2.0944017  2.29206545 2.39938878
 2.42077797 2.47682132 2.62282661 2.76862269 2.92129081 3.00905679
 3.53729023 4.0487129  8.23471707 9.05138273]
   8 (-0.000  0.667  0.667)   [-0.14823594  0.23122678  0.30174614  0.30174614] [0.64864208 0.78207801 1.01666658 1.01666658 1.30556418 1.36846552
 1.69940351 1.85076136 1.85076136 2.13366289 2.13366289 2.26563377
 2.36508083 2.5122732  2.91563547 2.91563547 2.93494216 3.55088018
 4.07372435 4.07372439 6.57612813 7.23698768]
   9 ( 0.333  0.000  0.000)   [-0.18529122  0.15080318  0.41202268  0.41202268] [0.80284411 0.80284411 0.80977936 1.08363022 1.32270528 1.41507115
 1.41507115 1.97233594 1.97233594 2.00595821 2.20664819 2.32904157
 2.32904157 2.87903181 2.98118528 2.98118528 3.34981267 3.34981267
 3.45783092 3.45783093 4.95491214 9.1473249 ]
  10 ( 0.333 -0.000  0.333)   [-0.14823594  0.23122678  0.30174614  0.30174614] [0.64864208 0.78207801 1.01666658 1.01666658 1.30556418 1.36846552
 1.69940351 1.85076136 1.85076136 2.13366289 2.13366289 2.26563377
 2.36508083 2.5122732  2.91563547 2.91563547 2.93494216 3.55088018
 4.07372434 4.07372441 6.57612813 7.23698768]
  11 ( 0.333 -0.000  0.667)   [-0.02317413  0.09229799  0.15129259  0.32497956] [0.72970954 0.97438717 0.99804255 1.04799746 1.13398674 1.42302092
 1.43151681 1.81955776 2.01451232 2.0944017  2.29206545 2.39938878
 2.42077797 2.47682132 2.62282661 2.76862269 2.92129081 3.00905679
 3.53729023 4.04871289 8.23471707 9.05138273]
  12 ( 0.333  0.333 -0.000)   [-0.14823594  0.23122678  0.30174614  0.30174614] [0.64864208 0.78207801 1.01666658 1.01666658 1.30556418 1.36846552
 1.69940351 1.85076136 1.85076136 2.13366289 2.13366289 2.26563377
 2.36508083 2.5122732  2.91563547 2.91563547 2.93494216 3.55088018
 4.07372436 4.07372438 6.57612813 7.23698768]
  13 ( 0.333  0.333  0.333)   [-0.18529122  0.15080318  0.41202268  0.41202268] [0.80284411 0.80284411 0.80977936 1.08363022 1.32270528 1.41507115
 1.41507115 1.97233594 1.97233594 2.00595821 2.20664819 2.32904157
 2.32904157 2.87903181 2.98118528 2.98118528 3.34981267 3.34981267
 3.45783092 3.45783093 4.95491215 9.14732491]
  14 ( 0.333  0.333  0.667)   [-0.02317413  0.09229799  0.15129259  0.32497956] [0.72970954 0.97438717 0.99804255 1.04799746 1.13398674 1.42302092
 1.43151681 1.81955776 2.01451232 2.0944017  2.29206545 2.39938878
 2.42077797 2.47682132 2.62282661 2.76862269 2.92129081 3.00905679
 3.53729023 4.04871291 8.23471707 9.05138273]
  15 ( 0.333  0.667 -0.000)   [-0.02317413  0.09229799  0.15129259  0.32497956] [0.72970954 0.97438717 0.99804255 1.04799746 1.13398674 1.42302092
 1.43151681 1.81955776 2.01451232 2.0944017  2.29206545 2.39938878
 2.42077797 2.47682132 2.62282661 2.76862269 2.92129081 3.00905679
 3.53729023 4.0487129  8.23471707 9.05138273]
  16 ( 0.333  0.667  0.333)   [-0.02317413  0.09229799  0.15129259  0.32497956] [0.72970954 0.97438717 0.99804255 1.04799746 1.13398674 1.42302092
 1.43151681 1.81955776 2.01451232 2.0944017  2.29206545 2.39938878
 2.42077797 2.47682132 2.62282661 2.7686227  2.92129081 3.00905679
 3.53729023 4.04871291 8.23471707 9.05138273]
  17 ( 0.333  0.667  0.667)   [-0.02317413  0.09229799  0.15129259  0.32497956] [0.72970954 0.97438717 0.99804255 1.04799746 1.13398674 1.42302092
 1.43151681 1.81955776 2.01451232 2.0944017  2.29206545 2.39938878
 2.42077797 2.47682132 2.62282661 2.76862269 2.92129081 3.00905679
 3.53729023 4.04871296 8.23471707 9.05138272]
  18 ( 0.667  0.000  0.000)   [-0.18529122  0.15080318  0.41202268  0.41202268] [0.80284411 0.80284411 0.80977936 1.08363022 1.32270528 1.41507115
 1.41507115 1.97233594 1.97233594 2.00595821 2.20664819 2.32904157
 2.32904157 2.8790318  2.98118528 2.98118528 3.34981267 3.34981267
 3.45783092 3.45783093 4.95491213 9.1473249 ]
  19 ( 0.667  0.000  0.333)   [-0.02317413  0.09229799  0.15129259  0.32497956] [0.72970954 0.97438717 0.99804255 1.04799746 1.13398674 1.42302092
 1.43151681 1.81955776 2.01451232 2.0944017  2.29206545 2.39938878
 2.42077797 2.47682132 2.62282661 2.76862269 2.92129081 3.00905679
 3.53729023 4.04871288 8.23471707 9.05138273]
  20 ( 0.667 -0.000  0.667)   [-0.14823594  0.23122678  0.30174614  0.30174614] [0.64864208 0.78207801 1.01666658 1.01666658 1.30556418 1.36846552
 1.69940351 1.85076136 1.85076136 2.13366289 2.13366289 2.26563377
 2.36508083 2.5122732  2.91563547 2.91563547 2.93494216 3.55088018
 4.07372435 4.0737244  6.57612813 7.23698768]
  21 ( 0.667  0.333  0.000)   [-0.02317413  0.09229799  0.15129259  0.32497956] [0.72970954 0.97438717 0.99804255 1.04799746 1.13398674 1.42302092
 1.43151681 1.81955776 2.01451232 2.0944017  2.29206545 2.39938878
 2.42077797 2.47682132 2.62282661 2.76862269 2.92129081 3.00905679
 3.53729023 4.0487129  8.23471707 9.05138273]
  22 ( 0.667  0.333  0.333)   [-0.02317413  0.09229799  0.15129259  0.32497956] [0.72970954 0.97438717 0.99804255 1.04799746 1.13398674 1.42302092
 1.43151681 1.81955776 2.01451232 2.0944017  2.29206545 2.39938878
 2.42077797 2.47682132 2.62282661 2.76862269 2.92129081 3.00905679
 3.53729023 4.04871297 8.23471707 9.05138272]
  23 ( 0.667  0.333  0.667)   [-0.02317413  0.09229799  0.15129259  0.32497956] [0.72970954 0.97438717 0.99804255 1.04799746 1.13398674 1.42302092
 1.43151681 1.81955776 2.01451232 2.0944017  2.29206545 2.39938878
 2.42077797 2.47682132 2.62282661 2.76862269 2.92129081 3.00905679
 3.53729023 4.04871291 8.23471707 9.05138273]
  24 ( 0.667  0.667 -0.000)   [-0.14823594  0.23122678  0.30174614  0.30174614] [0.64864208 0.78207801 1.01666658 1.01666658 1.30556418 1.36846552
 1.69940351 1.85076136 1.85076136 2.13366289 2.13366289 2.26563377
 2.36508083 2.5122732  2.91563547 2.91563547 2.93494216 3.55088018
 4.07372438 4.07372439 6.57612813 7.23698768]
  25 ( 0.667  0.667  0.333)   [-0.02317413  0.09229799  0.15129259  0.32497956] [0.72970954 0.97438717 0.99804255 1.04799746 1.13398674 1.42302092
 1.43151681 1.81955776 2.01451232 2.0944017  2.29206545 2.39938878
 2.42077797 2.47682132 2.62282661 2.76862269 2.92129081 3.00905679
 3.53729023 4.0487129  8.23471707 9.05138273]
  26 ( 0.667  0.667  0.667)   [-0.18529122  0.15080318  0.41202268  0.41202268] [0.80284411 0.80284411 0.80977936 1.08363022 1.32270528 1.41507115
 1.41507115 1.97233594 1.97233594 2.00595821 2.20664819 2.32904157
 2.32904157 2.87903181 2.98118528 2.98118528 3.34981267 3.34981267
 3.45783092 3.45783093 4.95491214 9.1473249 ]
nelec by numeric integration = 8.00000000000012
    CPU time for vxc     21.70 sec, wall time      0.71 sec
    CPU time for get_j pass 1      3.22 sec, wall time      0.12 sec
    CPU time for get_j pass 2      0.23 sec, wall time      0.06 sec
    CPU time for vj and vk      3.45 sec, wall time      0.18 sec
Ewald components = 8.67997097708575e-26, -47.3756282134421, 34.5884981493536
E1 = (4.01415797956253-3.269075347678388e-16j)  Ecoul = 0.9928611622621295  Exc = -3.568400148114987
cycle= 3 E= -11.3485110703788  delta_E= -0.00041  |g|= 0.0024  |ddm|= 10.3
    CPU time for cycle= 3     25.39 sec, wall time      1.01 sec
diis-norm(errvec)=0.00451581
diis-c [-2.45135136e-07+0.00000000e+00j -4.86009992e-03+2.83517725e-19j
 -3.44936763e-02+1.70287651e-18j  1.03935378e+00-1.98639424e-18j]
HOMO = 0.498262071951  LUMO = 0.648615695359
     k-point                  mo_energy
   0 ( 0.000  0.000  0.000)   [-0.29477963  0.49826207  0.49826207  0.49826207] [0.70329863 0.70329863 0.70329863 0.97870254 1.48999801 1.48999801
 1.75588346 1.75588346 1.75588346 1.78088907 2.26726851 2.26726851
 2.26726851 3.16743727 3.16743727 3.16743727 3.25766452 3.25766452
 4.3100716  4.3100716  4.3100716  4.85397493]
   1 (-0.000 -0.000  0.333)   [-0.18527812  0.15082679  0.41208081  0.41208081] [0.80287623 0.80287623 0.80980588 1.08368101 1.32259604 1.415036
 1.415036   1.97233778 1.97233778 2.00591975 2.20661591 2.3290301
 2.3290301  2.87902051 2.98121151 2.98121151 3.34982171 3.34982171
 3.45775718 3.45775718 4.95477512 9.14733522]
   2 (-0.000 -0.000  0.667)   [-0.18527812  0.15082679  0.41208081  0.41208081] [0.80287623 0.80287623 0.80980588 1.08368101 1.32259604 1.415036
 1.415036   1.97233778 1.97233778 2.00591975 2.20661591 2.3290301
 2.3290301  2.87902051 2.98121151 2.98121151 3.34982171 3.34982171
 3.45775718 3.45775718 4.95477512 9.14733521]
   3 ( 0.000  0.333 -0.000)   [-0.18527812  0.15082679  0.41208081  0.41208081] [0.80287623 0.80287623 0.80980588 1.08368101 1.32259604 1.415036
 1.415036   1.97233778 1.97233778 2.00591976 2.20661591 2.3290301
 2.3290301  2.87902052 2.98121151 2.98121151 3.34982171 3.34982171
 3.45775718 3.45775718 4.95477513 9.14733521]
   4 (-0.000  0.333  0.333)   [-0.14822075  0.23127973  0.30178705  0.30178705] [0.6486157  0.78201253 1.01672979 1.01672979 1.30557706 1.36838415
 1.69940381 1.8507005  1.8507005  2.1336599  2.1336599  2.2655283
 2.36509492 2.51224705 2.91564362 2.91564362 2.93496429 3.55093177
 4.07369574 4.07369576 6.57611536 7.23694948]
   5 (-0.000  0.333  0.667)   [-0.02313635  0.09233358  0.15129129  0.32502547] [0.7296695  0.97444372 0.99808414 1.04804554 1.13391533 1.42299225
 1.4314798  1.81945404 2.01451571 2.09434566 2.29204675 2.39942436
 2.420739   2.47683804 2.62278796 2.76863028 2.92131257 3.00907392
 3.53723677 4.04866423 8.23471438 9.05139398]
   6 ( 0.000  0.667 -0.000)   [-0.18527812  0.15082679  0.41208081  0.41208081] [0.80287623 0.80287623 0.80980588 1.08368101 1.32259604 1.415036
 1.415036   1.97233778 1.97233778 2.00591975 2.20661591 2.3290301
 2.3290301  2.87902052 2.98121151 2.98121151 3.34982171 3.34982171
 3.45775718 3.45775718 4.95477513 9.14733521]
   7 ( 0.000  0.667  0.333)   [-0.02313635  0.09233358  0.15129129  0.32502547] [0.7296695  0.97444372 0.99808414 1.04804554 1.13391533 1.42299225
 1.4314798  1.81945404 2.01451571 2.09434566 2.29204675 2.39942436
 2.420739   2.47683804 2.62278796 2.76863028 2.92131257 3.00907392
 3.53723677 4.04866423 8.23471438 9.05139398]
   8 (-0.000  0.667  0.667)   [-0.14822075  0.23127973  0.30178705  0.30178705] [0.6486157  0.78201253 1.01672979 1.01672979 1.30557706 1.36838415
 1.69940381 1.8507005  1.8507005  2.1336599  2.1336599  2.2655283
 2.36509492 2.51224705 2.91564362 2.91564362 2.93496429 3.55093177
 4.07369573 4.07369577 6.57611536 7.23694948]
   9 ( 0.333  0.000  0.000)   [-0.18527812  0.15082679  0.41208081  0.41208081] [0.80287623 0.80287623 0.80980588 1.08368101 1.32259604 1.415036
 1.415036   1.97233778 1.97233778 2.00591975 2.20661591 2.3290301
 2.3290301  2.87902051 2.98121151 2.98121151 3.34982171 3.34982171
 3.45775718 3.45775719 4.95477512 9.14733521]
  10 ( 0.333 -0.000  0.333)   [-0.14822075  0.23127973  0.30178705  0.30178705] [0.6486157  0.78201253 1.01672979 1.01672979 1.30557706 1.36838415
 1.69940381 1.8507005  1.8507005  2.1336599  2.1336599  2.2655283
 2.36509492 2.51224705 2.91564362 2.91564362 2.93496429 3.55093177
 4.07369572 4.07369579 6.57611536 7.23694948]
  11 ( 0.333 -0.000  0.667)   [-0.02313635  0.09233358  0.15129129  0.32502547] [0.7296695  0.97444372 0.99808414 1.04804554 1.13391533 1.42299225
 1.4314798  1.81945404 2.01451571 2.09434566 2.29204675 2.39942436
 2.420739   2.47683804 2.62278796 2.76863028 2.92131257 3.00907392
 3.53723677 4.04866422 8.23471438 9.05139398]
  12 ( 0.333  0.333 -0.000)   [-0.14822075  0.23127973  0.30178705  0.30178705] [0.6486157  0.78201253 1.01672979 1.01672979 1.30557706 1.36838415
 1.69940381 1.8507005  1.8507005  2.1336599  2.1336599  2.2655283
 2.36509492 2.51224705 2.91564362 2.91564362 2.93496429 3.55093177
 4.07369575 4.07369577 6.57611536 7.23694948]
  13 ( 0.333  0.333  0.333)   [-0.18527812  0.15082679  0.41208081  0.41208081] [0.80287623 0.80287623 0.80980588 1.08368101 1.32259604 1.415036
 1.415036   1.97233778 1.97233778 2.00591976 2.20661591 2.3290301
 2.3290301  2.87902052 2.98121151 2.98121151 3.34982171 3.34982171
 3.45775718 3.45775718 4.95477513 9.14733521]
  14 ( 0.333  0.333  0.667)   [-0.02313635  0.09233358  0.15129129  0.32502547] [0.7296695  0.97444372 0.99808414 1.04804554 1.13391533 1.42299225
 1.4314798  1.81945404 2.01451571 2.09434566 2.29204675 2.39942436
 2.420739   2.47683804 2.62278796 2.76863028 2.92131257 3.00907392
 3.53723677 4.04866424 8.23471439 9.05139398]
  15 ( 0.333  0.667 -0.000)   [-0.02313635  0.09233358  0.15129129  0.32502547] [0.7296695  0.97444372 0.99808414 1.04804554 1.13391533 1.42299225
 1.4314798  1.81945404 2.01451571 2.09434566 2.29204675 2.39942436
 2.420739   2.47683804 2.62278796 2.76863028 2.92131257 3.00907392
 3.53723677 4.04866423 8.23471439 9.05139398]
  16 ( 0.333  0.667  0.333)   [-0.02313635  0.09233358  0.15129129  0.32502547] [0.7296695  0.97444372 0.99808414 1.04804554 1.13391533 1.42299225
 1.4314798  1.81945404 2.01451571 2.09434566 2.29204675 2.39942436
 2.420739   2.47683804 2.62278796 2.76863028 2.92131257 3.00907392
 3.53723678 4.04866424 8.23471438 9.05139398]
  17 ( 0.333  0.667  0.667)   [-0.02313635  0.09233358  0.15129129  0.32502547] [0.7296695  0.97444372 0.99808414 1.04804554 1.13391533 1.42299225
 1.4314798  1.81945404 2.01451571 2.09434566 2.29204675 2.39942436
 2.420739   2.47683804 2.62278796 2.76863028 2.92131257 3.00907392
 3.53723677 4.0486643  8.23471438 9.05139398]
  18 ( 0.667  0.000  0.000)   [-0.18527812  0.15082679  0.41208081  0.41208081] [0.80287623 0.80287623 0.80980588 1.08368101 1.32259604 1.415036
 1.415036   1.97233778 1.97233778 2.00591975 2.20661591 2.3290301
 2.3290301  2.87902051 2.98121151 2.98121151 3.34982171 3.34982171
 3.45775718 3.45775719 4.95477512 9.14733521]
  19 ( 0.667  0.000  0.333)   [-0.02313635  0.09233358  0.15129129  0.32502547] [0.7296695  0.97444372 0.99808414 1.04804554 1.13391533 1.42299225
 1.4314798  1.81945404 2.01451571 2.09434566 2.29204675 2.39942436
 2.420739   2.47683804 2.62278796 2.76863028 2.92131257 3.00907392
 3.53723677 4.04866421 8.23471438 9.05139398]
  20 ( 0.667 -0.000  0.667)   [-0.14822075  0.23127973  0.30178705  0.30178705] [0.6486157  0.78201253 1.01672979 1.01672979 1.30557706 1.36838415
 1.69940381 1.8507005  1.8507005  2.1336599  2.1336599  2.2655283
 2.36509492 2.51224705 2.91564362 2.91564362 2.93496429 3.55093177
 4.07369573 4.07369579 6.57611536 7.23694948]
  21 ( 0.667  0.333  0.000)   [-0.02313635  0.09233358  0.15129129  0.32502547] [0.7296695  0.97444372 0.99808414 1.04804554 1.13391533 1.42299225
 1.4314798  1.81945404 2.01451571 2.09434566 2.29204675 2.39942436
 2.420739   2.47683804 2.62278796 2.76863028 2.92131257 3.00907392
 3.53723677 4.04866423 8.23471438 9.05139398]
  22 ( 0.667  0.333  0.333)   [-0.02313635  0.09233358  0.15129129  0.32502547] [0.7296695  0.97444372 0.99808414 1.04804554 1.13391533 1.42299225
 1.4314798  1.81945404 2.01451571 2.09434566 2.29204675 2.39942436
 2.420739   2.47683804 2.62278796 2.76863028 2.92131257 3.00907392
 3.53723677 4.04866431 8.23471438 9.05139398]
  23 ( 0.667  0.333  0.667)   [-0.02313635  0.09233358  0.15129129  0.32502547] [0.7296695  0.97444372 0.99808414 1.04804554 1.13391533 1.42299225
 1.4314798  1.81945404 2.01451571 2.09434566 2.29204675 2.39942436
 2.420739   2.47683804 2.62278796 2.76863028 2.92131257 3.00907392
 3.53723678 4.04866424 8.23471439 9.05139398]
  24 ( 0.667  0.667 -0.000)   [-0.14822075  0.23127973  0.30178705  0.30178705] [0.6486157  0.78201253 1.01672979 1.01672979 1.30557706 1.36838415
 1.69940381 1.8507005  1.8507005  2.1336599  2.1336599  2.2655283
 2.36509492 2.51224705 2.91564362 2.91564362 2.93496429 3.55093177
 4.07369576 4.07369577 6.57611536 7.23694948]
  25 ( 0.667  0.667  0.333)   [-0.02313635  0.09233358  0.15129129  0.32502547] [0.7296695  0.97444372 0.99808414 1.04804554 1.13391533 1.42299225
 1.4314798  1.81945404 2.01451571 2.09434566 2.29204675 2.39942436
 2.420739   2.47683804 2.62278796 2.76863028 2.92131257 3.00907392
 3.53723677 4.04866424 8.23471439 9.05139398]
  26 ( 0.667  0.667  0.667)   [-0.18527812  0.15082679  0.41208081  0.41208081] [0.80287623 0.80287623 0.80980588 1.08368101 1.32259604 1.415036
 1.415036   1.97233778 1.97233778 2.00591975 2.20661591 2.3290301
 2.3290301  2.87902052 2.98121151 2.98121151 3.34982171 3.34982171
 3.45775718 3.45775718 4.95477513 9.14733521]
nelec by numeric integration = 8.000000000000119
    CPU time for vxc     22.96 sec, wall time      0.74 sec
    CPU time for get_j pass 1      3.55 sec, wall time      0.13 sec
    CPU time for get_j pass 2      0.23 sec, wall time      0.07 sec
    CPU time for vj and vk      3.79 sec, wall time      0.19 sec
Ewald components = 8.67997097708575e-26, -47.3756282134421, 34.5884981493536
E1 = (4.014330833671545-3.1025223181120556e-16j)  Ecoul = 0.9925818246753328  Exc = -3.568293726078039
cycle= 4 E= -11.3485111318197  delta_E= -6.14e-08  |g|= 0.000101  |ddm|= 0.151
    CPU time for cycle= 4     26.99 sec, wall time      0.97 sec
HOMO = 0.498266196678  LUMO = 0.648618286138
     k-point                  mo_energy
   0 ( 0.000  0.000  0.000)   [-0.29477686  0.4982662   0.4982662   0.4982662 ] [0.70330238 0.70330238 0.70330238 0.97870667 1.49000026 1.49000026
 1.75588648 1.75588648 1.75588648 1.78089004 2.26727342 2.26727342
 2.26727342 3.1674399  3.1674399  3.1674399  3.25766717 3.25766717
 4.31007418 4.31007418 4.31007418 4.85397751]
   1 (-0.000 -0.000  0.333)   [-0.18527526  0.15083     0.41208476  0.41208476] [0.80288001 0.80288001 0.80980934 1.08368562 1.32259838 1.41503869
 1.41503869 1.97234105 1.97234105 2.00592309 2.20661824 2.32903327
 2.32903327 2.87902368 2.98121534 2.98121535 3.34982482 3.34982482
 3.45775967 3.45775967 4.95477844 9.14734601]
   2 (-0.000 -0.000  0.667)   [-0.18527526  0.15083     0.41208476  0.41208476] [0.80288001 0.80288001 0.80980934 1.08368562 1.32259838 1.41503869
 1.41503869 1.97234105 1.97234105 2.00592308 2.20661824 2.32903327
 2.32903327 2.87902368 2.98121534 2.98121534 3.34982482 3.34982482
 3.45775967 3.45775967 4.95477844 9.14734601]
   3 ( 0.000  0.333 -0.000)   [-0.18527526  0.15083     0.41208476  0.41208476] [0.80288001 0.80288001 0.80980934 1.08368562 1.32259838 1.41503869
 1.41503869 1.97234105 1.97234105 2.00592309 2.20661824 2.32903327
 2.32903327 2.87902368 2.98121534 2.98121535 3.34982482 3.34982482
 3.45775967 3.45775968 4.95477845 9.14734601]
   4 (-0.000  0.333  0.333)   [-0.14821785  0.23128332  0.30179068  0.30179068] [0.64861829 0.78201456 1.01673449 1.01673449 1.30558133 1.36838724
 1.69940608 1.850704   1.850704   2.13366251 2.13366251 2.26552867
 2.36509732 2.51224925 2.9156473  2.9156473  2.9349672  3.55093479
 4.07369986 4.07369988 6.57612239 7.2369567 ]
   5 (-0.000  0.333  0.667)   [-0.02313313  0.09233687  0.15129421  0.32502918] [0.72967193 0.97444817 0.99808836 1.04804991 1.13391777 1.42299636
 1.43148231 1.81945698 2.01451927 2.09434734 2.29204952 2.39942695
 2.42074135 2.47684092 2.62279162 2.76863383 2.92131549 3.00907637
 3.53723838 4.04866641 8.2347239  9.05140478]
   6 ( 0.000  0.667 -0.000)   [-0.18527526  0.15083     0.41208476  0.41208476] [0.80288001 0.80288001 0.80980934 1.08368562 1.32259838 1.41503869
 1.41503869 1.97234105 1.97234105 2.00592309 2.20661824 2.32903327
 2.32903327 2.87902368 2.98121534 2.98121535 3.34982482 3.34982482
 3.45775967 3.45775968 4.95477845 9.14734601]
   7 ( 0.000  0.667  0.333)   [-0.02313313  0.09233687  0.15129421  0.32502918] [0.72967193 0.97444817 0.99808836 1.04804991 1.13391777 1.42299636
 1.43148231 1.81945698 2.01451927 2.09434734 2.29204952 2.39942695
 2.42074135 2.47684092 2.62279162 2.76863383 2.92131549 3.00907637
 3.53723838 4.04866642 8.2347239  9.05140478]
   8 (-0.000  0.667  0.667)   [-0.14821785  0.23128332  0.30179068  0.30179068] [0.64861829 0.78201456 1.01673449 1.01673449 1.30558133 1.36838724
 1.69940608 1.850704   1.850704   2.13366251 2.13366251 2.26552867
 2.36509732 2.51224925 2.9156473  2.9156473  2.9349672  3.55093479
 4.07369985 4.0736999  6.57612239 7.2369567 ]
   9 ( 0.333  0.000  0.000)   [-0.18527526  0.15083     0.41208476  0.41208476] [0.80288001 0.80288001 0.80980934 1.08368562 1.32259838 1.41503869
 1.41503869 1.97234105 1.97234105 2.00592308 2.20661824 2.32903327
 2.32903327 2.87902368 2.98121535 2.98121535 3.34982482 3.34982482
 3.45775967 3.45775968 4.95477844 9.14734601]
  10 ( 0.333 -0.000  0.333)   [-0.14821785  0.23128332  0.30179068  0.30179068] [0.64861829 0.78201456 1.01673449 1.01673449 1.30558133 1.36838724
 1.69940608 1.850704   1.850704   2.13366251 2.13366251 2.26552867
 2.36509732 2.51224925 2.9156473  2.9156473  2.9349672  3.55093479
 4.07369984 4.07369991 6.57612239 7.2369567 ]
  11 ( 0.333 -0.000  0.667)   [-0.02313313  0.09233687  0.15129421  0.32502918] [0.72967193 0.97444817 0.99808836 1.04804991 1.13391777 1.42299636
 1.43148231 1.81945698 2.01451926 2.09434734 2.29204952 2.39942695
 2.42074135 2.47684092 2.62279162 2.76863383 2.92131549 3.00907637
 3.53723838 4.04866641 8.2347239  9.05140478]
  12 ( 0.333  0.333 -0.000)   [-0.14821785  0.23128332  0.30179068  0.30179068] [0.64861829 0.78201456 1.01673449 1.01673449 1.30558133 1.36838724
 1.69940608 1.850704   1.850704   2.13366251 2.13366251 2.26552867
 2.36509732 2.51224925 2.9156473  2.9156473  2.9349672  3.55093479
 4.07369987 4.07369989 6.57612239 7.2369567 ]
  13 ( 0.333  0.333  0.333)   [-0.18527526  0.15083     0.41208476  0.41208476] [0.80288001 0.80288001 0.80980934 1.08368562 1.32259838 1.41503869
 1.41503869 1.97234105 1.97234105 2.00592309 2.20661824 2.32903327
 2.32903327 2.87902368 2.98121534 2.98121534 3.34982482 3.34982482
 3.45775967 3.45775968 4.95477844 9.14734601]
  14 ( 0.333  0.333  0.667)   [-0.02313313  0.09233687  0.15129421  0.32502918] [0.72967193 0.97444817 0.99808836 1.04804991 1.13391777 1.42299636
 1.43148231 1.81945698 2.01451927 2.09434734 2.29204952 2.39942695
 2.42074135 2.47684092 2.62279162 2.76863383 2.92131549 3.00907637
 3.53723838 4.04866643 8.2347239  9.05140478]
  15 ( 0.333  0.667 -0.000)   [-0.02313313  0.09233687  0.15129421  0.32502918] [0.72967193 0.97444817 0.99808836 1.04804991 1.13391777 1.42299636
 1.43148231 1.81945698 2.01451927 2.09434734 2.29204952 2.39942695
 2.42074135 2.47684092 2.62279162 2.76863383 2.92131549 3.00907637
 3.53723838 4.04866641 8.2347239  9.05140478]
  16 ( 0.333  0.667  0.333)   [-0.02313313  0.09233687  0.15129421  0.32502918] [0.72967193 0.97444817 0.99808836 1.04804991 1.13391777 1.42299636
 1.43148231 1.81945698 2.01451927 2.09434734 2.29204952 2.39942695
 2.42074135 2.47684092 2.62279162 2.76863383 2.92131549 3.00907637
 3.53723838 4.04866642 8.2347239  9.05140478]
  17 ( 0.333  0.667  0.667)   [-0.02313313  0.09233687  0.15129421  0.32502918] [0.72967193 0.97444817 0.99808836 1.04804991 1.13391777 1.42299636
 1.43148231 1.81945698 2.01451927 2.09434734 2.29204952 2.39942695
 2.42074135 2.47684092 2.62279162 2.76863382 2.92131549 3.00907637
 3.53723838 4.04866648 8.2347239  9.05140478]
  18 ( 0.667  0.000  0.000)   [-0.18527526  0.15083     0.41208476  0.41208476] [0.80288001 0.80288001 0.80980934 1.08368562 1.32259838 1.41503869
 1.41503869 1.97234105 1.97234105 2.00592308 2.20661824 2.32903327
 2.32903327 2.87902368 2.98121534 2.98121535 3.34982482 3.34982482
 3.45775967 3.45775968 4.95477843 9.14734601]
  19 ( 0.667  0.000  0.333)   [-0.02313313  0.09233687  0.15129421  0.32502918] [0.72967193 0.97444817 0.99808836 1.04804991 1.13391777 1.42299636
 1.43148231 1.81945698 2.01451926 2.09434734 2.29204952 2.39942695
 2.42074135 2.47684092 2.62279162 2.76863383 2.92131549 3.00907637
 3.53723838 4.04866639 8.2347239  9.05140478]
  20 ( 0.667 -0.000  0.667)   [-0.14821785  0.23128332  0.30179068  0.30179068] [0.64861829 0.78201456 1.01673449 1.01673449 1.30558133 1.36838724
 1.69940608 1.850704   1.850704   2.13366251 2.13366251 2.26552867
 2.36509732 2.51224925 2.9156473  2.9156473  2.93496719 3.55093479
 4.07369986 4.07369991 6.57612239 7.2369567 ]
  21 ( 0.667  0.333  0.000)   [-0.02313313  0.09233687  0.15129421  0.32502918] [0.72967193 0.97444817 0.99808836 1.04804991 1.13391777 1.42299636
 1.43148231 1.81945698 2.01451927 2.09434734 2.29204952 2.39942695
 2.42074135 2.47684092 2.62279162 2.76863383 2.92131549 3.00907637
 3.53723838 4.04866641 8.2347239  9.05140478]
  22 ( 0.667  0.333  0.333)   [-0.02313313  0.09233687  0.15129421  0.32502918] [0.72967193 0.97444817 0.99808836 1.04804991 1.13391777 1.42299636
 1.43148231 1.81945698 2.01451927 2.09434734 2.29204952 2.39942695
 2.42074135 2.47684092 2.62279162 2.76863383 2.92131549 3.00907637
 3.53723838 4.04866649 8.2347239  9.05140478]
  23 ( 0.667  0.333  0.667)   [-0.02313313  0.09233687  0.15129421  0.32502918] [0.72967193 0.97444817 0.99808836 1.04804991 1.13391777 1.42299636
 1.43148231 1.81945698 2.01451927 2.09434734 2.29204952 2.39942695
 2.42074135 2.47684092 2.62279162 2.76863383 2.92131549 3.00907637
 3.53723838 4.04866643 8.2347239  9.05140478]
  24 ( 0.667  0.667 -0.000)   [-0.14821785  0.23128332  0.30179068  0.30179068] [0.64861829 0.78201456 1.01673449 1.01673449 1.30558133 1.36838724
 1.69940608 1.850704   1.850704   2.13366251 2.13366251 2.26552867
 2.36509732 2.51224925 2.9156473  2.9156473  2.93496719 3.55093479
 4.07369989 4.07369989 6.57612239 7.2369567 ]
  25 ( 0.667  0.667  0.333)   [-0.02313313  0.09233687  0.15129421  0.32502918] [0.72967193 0.97444817 0.99808836 1.04804991 1.13391777 1.42299636
 1.43148231 1.81945698 2.01451927 2.09434734 2.29204952 2.39942695
 2.42074135 2.47684092 2.62279162 2.76863382 2.92131549 3.00907637
 3.53723838 4.04866642 8.2347239  9.05140478]
  26 ( 0.667  0.667  0.667)   [-0.18527526  0.15083     0.41208476  0.41208476] [0.80288001 0.80288001 0.80980934 1.08368562 1.32259838 1.41503869
 1.41503869 1.97234105 1.97234105 2.00592308 2.20661824 2.32903327
 2.32903327 2.87902368 2.98121534 2.98121534 3.34982482 3.34982482
 3.45775967 3.45775968 4.95477844 9.14734601]
nelec by numeric integration = 8.00000000000012
    CPU time for vxc     22.70 sec, wall time      0.73 sec
    CPU time for get_j pass 1      2.46 sec, wall time      0.09 sec
    CPU time for get_j pass 2      0.22 sec, wall time      0.06 sec
    CPU time for vj and vk      2.72 sec, wall time      0.16 sec
Ewald components = 8.67997097708575e-26, -47.3756282134421, 34.5884981493536
E1 = (4.0143341627354845-2.6765023915519094e-16j)  Ecoul = 0.9925765393512133  Exc = -3.5682917697229684
Extra cycle  E= -11.3485111317248  delta_E= 9.49e-11  |g|= 0.000143  |ddm|= 0.00465
    CPU time for scf_cycle   2514.87 sec, wall time    113.61 sec
    CPU time for SCF   2514.91 sec, wall time    113.65 sec
converged SCF energy = -11.3485111317248
    CPU time for vnuc pass1: analytic int   1422.38 sec, wall time     58.58 sec
    CPU time for contracting Vnuc [0:216]     15.71 sec, wall time      1.18 sec
    CPU time for contracting Vnuc     15.71 sec, wall time      1.18 sec
    CPU time for get_pp_loc_part1   1439.05 sec, wall time     59.78 sec
    CPU time for get_pp_loc_part2   2640.41 sec, wall time    106.00 sec
    CPU time for get_pp_nl      0.59 sec, wall time      0.09 sec
    CPU time for get_pp   4080.06 sec, wall time    165.87 sec
nelec by numeric integration = 8.000000000000117
    CPU time for vxc    623.64 sec, wall time     19.96 sec

WARN: DF integrals for band k-points were not found /burg/berkelbach/users/eav2136/projects/interpolation/01_get_bands/tmp/tmpp81f3ohv. DF integrals will be rebuilt to include band k-points.



******** <class 'pyscf.pbc.df.df.GDF'> ********
mesh = [7, 7, 7] (343 PWs)
auxbasis = {'C': [[0, [9.579456, 1]], [0, [4.789728, 1]], [0, [2.394864, 1]], [0, [1.197432, 1]], [0, [0.598716, 1]], [0, [0.299358, 1]], [1, [8.727455361661383, 1]], [1, [4.363727680830691, 1]], [1, [2.1818638404153456, 1]], [1, [1.0909319202076728, 1]], [1, [0.5454659601038364, 1]], [1, [0.2727329800519182, 1]], [2, [7.951232, 1]], [2, [3.975616, 1]], [2, [1.987808, 1]], [2, [0.993904, 1]], [2, [0.496952, 1]], [2, [0.248476, 1]], [3, [2.1026146480075707, 1]], [3, [1.0513073240037853, 1]], [3, [0.5256536620018927, 1]], [4, [1.112026, 1]]]}
eta = 0.2
exp_to_discard = None
_cderi = /burg/berkelbach/users/eav2136/projects/interpolation/01_get_bands/tmp/tmpp81f3ohv  where DF integrals are loaded (readonly).
len(kpts) = 27
    kpts = [[ 0.00000000e+00  0.00000000e+00  0.00000000e+00]
 [ 3.10728451e-01  3.10728451e-01 -3.10728451e-01]
 [ 6.21456902e-01  6.21456902e-01 -6.21456902e-01]
 [ 3.10728451e-01 -3.10728451e-01  3.10728451e-01]
 [ 6.21456902e-01  1.97585401e-17 -1.97585401e-17]
 [ 9.32185352e-01  3.10728451e-01 -3.10728451e-01]
 [ 6.21456902e-01 -6.21456902e-01  6.21456902e-01]
 [ 9.32185352e-01 -3.10728451e-01  3.10728451e-01]
 [ 1.24291380e+00  3.95170803e-17 -3.95170803e-17]
 [-3.10728451e-01  3.10728451e-01  3.10728451e-01]
 [ 1.97585401e-17  6.21456902e-01 -1.97585401e-17]
 [ 3.10728451e-01  9.32185352e-01 -3.10728451e-01]
 [ 1.97585401e-17 -1.97585401e-17  6.21456902e-01]
 [ 3.10728451e-01  3.10728451e-01  3.10728451e-01]
 [ 6.21456902e-01  6.21456902e-01 -3.95170803e-17]
 [ 3.10728451e-01 -3.10728451e-01  9.32185352e-01]
 [ 6.21456902e-01 -3.57526111e-17  6.21456902e-01]
 [ 9.32185352e-01  3.10728451e-01  3.10728451e-01]
 [-6.21456902e-01  6.21456902e-01  6.21456902e-01]
 [-3.10728451e-01  9.32185352e-01  3.10728451e-01]
 [ 3.95170803e-17  1.24291380e+00 -3.95170803e-17]
 [-3.10728451e-01  3.10728451e-01  9.32185352e-01]
 [ 1.97585401e-17  6.21456902e-01  6.21456902e-01]
 [ 3.10728451e-01  9.32185352e-01  3.10728451e-01]
 [ 3.95170803e-17 -3.95170803e-17  1.24291380e+00]
 [ 3.10728451e-01  3.10728451e-01  9.32185352e-01]
 [ 6.21456902e-01  6.21456902e-01  6.21456902e-01]]
len(kpts_band) = 729
    kpts_band = [[ 0.          0.          0.        ]
 [ 0.10357615  0.10357615 -0.10357615]
 [ 0.2071523   0.2071523  -0.2071523 ]
 ...
 [ 0.6214569   0.6214569   1.0357615 ]
 [ 0.72503305  0.72503305  0.93218535]
 [ 0.8286092   0.8286092   0.8286092 ]]
Even tempered Gaussians are generated as DF auxbasis for  C
  ETB auxbasis for C  [[0, [9.579456, 1]], [0, [4.789728, 1]], [0, [2.394864, 1]], [0, [1.197432, 1]], [0, [0.598716, 1]], [0, [0.299358, 1]], [1, [8.727455361661383, 1]], [1, [4.363727680830691, 1]], [1, [2.1818638404153456, 1]], [1, [1.0909319202076728, 1]], [1, [0.5454659601038364, 1]], [1, [0.2727329800519182, 1]], [2, [7.951232, 1]], [2, [3.975616, 1]], [2, [1.987808, 1]], [2, [0.993904, 1]], [2, [0.496952, 1]], [2, [0.248476, 1]], [3, [2.1026146480075707, 1]], [3, [1.0513073240037853, 1]], [3, [0.5256536620018927, 1]], [4, [1.112026, 1]]]
num shells = 44, num cGTOs = 168
Drop 0 primitive fitting functions
make aux basis, num shells = 44, num cGTOs = 168
auxcell.rcut 12.846608924246357

WARN: DF integrals in /burg/berkelbach/users/eav2136/projects/interpolation/01_get_bands/tmp/tmpp81f3ohv (specified by ._cderi) is overwritten by GDF initialization. 

make compensating basis, num shells = 10, num cGTOs = 50
chgcell.rcut 11.482117703874595
