#INFO: **** input file is /burg/berkelbach/users/eav2136/projects/interpolation/01_get_bands/df_hf_mp2.py ****
#!/usr/bin/env python
import numpy as np
from pyscf.pbc import gto, scf
from pyscf.pbc.tools import pyscf_ase, lattice, get_coulG
from pyscf.gto.basis import parse_nwchem
from pyscf import lib
from pyscf.pbc.lib.kpts_helper import get_kconserv, loop_kkk
from pyscf.pbc.df import df
from pyscf.ao2mo import _ao2mo
import h5py
import sys
from fileutils import load, dump

##############################
# Create a "Cell"
##############################

cell = gto.Cell()
# Candidate formula of solid: c, si, sic, bn, bp, aln, alp, mgo, mgs, lih, lif, licl
formula = "c"
ase_atom = lattice.get_ase_atom(formula)
cell.atom = pyscf_ase.ase_atoms_to_pyscf(ase_atom)
cell.a = ase_atom.cell[:]
cell.unit = 'B'
cell.basis = {'C': parse_nwchem.load("/burg/berkelbach/users/eav2136/builds/ccgto/basis/gth-hf-rev/cc-pvdz-lc.dat", 'C')}
cell.pseudo = "gth-hf-rev"
cell.verbose = 7
cell.build()

##############################
#  K-point SCF 
##############################
scf_mesh = int(sys.argv[1])
kmesh = [scf_mesh, scf_mesh, scf_mesh]
scaled_center=[0.0, 0.0, 0.0]
kpts = cell.make_kpts(kmesh, scaled_center=scaled_center)
mymf = scf.KRHF(cell, kpts=kpts, exxdiv="ewald")
ekrhf = mymf.kernel()

mo_energy = mymf.mo_energy
mo_coeff = mymf.mo_coeff
mo_energy = np.asarray(mo_energy)
mo_coeff = np.asarray(mo_coeff)

mydf = df.GDF(cell, kpts=kpts)
mydf.build()
nao = cell.nao_nr()
nocc = cell.nelectron // 2
nmo = mo_energy.shape[1]
nvir = nmo - nocc
nkpts = len(kpts)
kconserv = get_kconserv(cell, kpts)

mo_e_o = [mo_energy[k][:nocc] for k in range(nkpts)]
mo_e_v = [mo_energy[k][nocc:] for k in range(nkpts)]
emp2 = 0.0

Lov = np.empty((nkpts, nkpts), dtype=object)
bra_start = 0
bra_end = nocc
ket_start = nmo + nocc
ket_end = ket_start + nvir
with h5py.File(mydf._cderi, 'r') as f:
    kptij_lst = f['j3c-kptij'][:]
    tao = []
    ao_loc = None
    for ki, kpti in enumerate(kpts):
        for kj, kptj in enumerate(kpts):
            kpti_kptj = np.array((kpti, kptj))
            Lpq = np.asarray(df._getitem(f, 'j3c', kpti_kptj, kptij_lst))
            mo = np.hstack((mo_coeff[ki], mo_coeff[kj]))
            mo = np.asarray(mo, dtype=np.complex128, order='F')
            if Lpq[0].size != nao**2:
                Lpq = lib.unpack_tril(Lpq).astype(np.complex128)
            out = _ao2mo.r_e2(Lpq, mo, (bra_start, bra_end, ket_start, ket_end), tao, ao_loc)
            Lov[ki, kj] = out.reshape(-1, nocc, nvir)

for ki, kj, ka in loop_kkk(nkpts):
    kb = kconserv[ki, ka, kj]
    eia = mo_e_o[ki][:, None] - mo_e_v[ka]
    ejb = mo_e_o[kj][:, None] - mo_e_v[kb]
    eiajb = lib.direct_sum('ia,jb->iajb', eia, ejb)
    iajb = lib.einsum('Lia,Ljb->iajb', Lov[ki, ka], Lov[kj, kb]) / nkpts
    t2 = np.conj(iajb / eiajb)
    ibja = lib.einsum('Lib,Lja->ibja', Lov[ki, kb], Lov[kj, ka]) / nkpts
    emp2 += 2*lib.einsum('iajb,iajb', t2, iajb).real
    emp2 -=   lib.einsum('iajb,ibja', t2, ibja).real

emp2 /= nkpts
print("MP2 Correlation Energy: ", emp2)
total_energy = ekrhf + emp2

datafile = sys.argv[2]
datadict = {}
datadict['ekrhf'] = ekrhf
datadict['ekmp2'] = emp2
datadict['total_energy'] = total_energy
dump(datadict, f'data/{datafile}')
#INFO: ******************** input file end ********************


System: uname_result(system='Linux', node='g067', release='4.18.0-193.el8.x86_64', version='#1 SMP Fri Mar 27 14:35:58 UTC 2020', machine='x86_64')  Threads 32
Python 3.10.12 (main, Jul 29 2023, 11:27:27) [GCC 13.2.0]
numpy 1.25.1  scipy 1.10.1
Date: Fri Nov 10 12:21:55 2023
PySCF version 2.0.1
PySCF path  /burg/berkelbach/users/eav2136/builds/pyscf/projected-cvs/pyscf
GIT HEAD (branch projected-cvs) 0bfbc692adf3ea63b8a509210433219cd1c472a2

[ENV] PYSCF_TMPDIR /burg/berkelbach/users/eav2136/projects/interpolation/01_get_bands/tmp
[ENV] PYSCF_MAX_MEMORY 187000
[CONFIG] DEBUG = False
[CONFIG] MAX_MEMORY = 187000
[CONFIG] TMPDIR = /burg/berkelbach/users/eav2136/projects/interpolation/01_get_bands/tmp
[CONFIG] UNIT = angstrom
[CONFIG] VERBOSE = 3
[CONFIG] conf_file = None
[INPUT] verbose = 7
[INPUT] max_memory = 187000 
[INPUT] num. atoms = 2
[INPUT] num. electrons = 8
[INPUT] charge = 0
[INPUT] spin (= nelec alpha-beta = 2S) = 0
[INPUT] symmetry False subgroup None
[INPUT] Mole.unit = B
[INPUT]  1 C      0.000000000000   0.000000000000   0.000000000000 AA    0.000000000000   0.000000000000   0.000000000000 Bohr
[INPUT]  2 C      0.891699936031   0.891699936031   0.891699936031 AA    1.685068664391   1.685068664391   1.685068664391 Bohr
[INPUT] ---------------- BASIS SET ---------------- 
[INPUT] l, kappa, [nprim/nctr], expnt,             c_1 c_2 ...
[INPUT] C
[INPUT] 0    0    [3    /1   ]  9.031436          -0.01960629
                                3.821255          -0.1291762
                                0.473725          0.5822572
[INPUT] 0    0    [1    /1   ]  0.149679             1
[INPUT] 1    0    [3    /1   ]  4.353457          0.08730943
                                1.266307          0.2797034
                                0.398715          0.5024424
[INPUT] 1    0    [1    /1   ]  0.124238             1
[INPUT] 2    0    [1    /1   ]  0.556013             1

Ewald components = 8.67997097708575e-26, -47.3756282134421, 34.5884981493536
nuclear repulsion = -12.7871300640885
number of shells = 10
number of NR pGTOs = 42
number of NR cGTOs = 26
basis = {'C': [[0, [9.031436, -0.01960629], [3.821255, -0.1291762], [0.473725, 0.5822572]], [0, [0.149679, 1.0]], [1, [4.353457, 0.08730943], [1.266307, 0.2797034], [0.398715, 0.5024424]], [1, [0.124238, 1.0]], [2, [0.556013, 1.0]]]}
ecp = {}
bas 0, expnt(s) = [9.031436 3.821255 0.473725]
bas 1, expnt(s) = [0.149679]
bas 2, expnt(s) = [4.353457 1.266307 0.398715]
bas 3, expnt(s) = [0.124238]
bas 4, expnt(s) = [0.556013]
bas 5, expnt(s) = [9.031436 3.821255 0.473725]
bas 6, expnt(s) = [0.149679]
bas 7, expnt(s) = [4.353457 1.266307 0.398715]
bas 8, expnt(s) = [0.124238]
bas 9, expnt(s) = [0.556013]
CPU time:         0.89
lattice vectors  a1 [0.000000000, 3.370137329, 3.370137329]
                 a2 [3.370137329, 0.000000000, 3.370137329]
                 a3 [3.370137329, 3.370137329, 0.000000000]
dimension = 3
low_dim_ft_type = None
Cell volume = 76.5549
rcut = 21.970857926874924 (nimgs = [6 6 6])
lattice sum = 1313 cells
precision = 1e-08
pseudo = gth-hf-rev
ke_cutoff = 382.86670519327265
    = [35 35 35] mesh (42875 PWs)


******** <class 'pyscf.pbc.scf.khf.KRHF'> ********
method = KRHF-KSCF-RHF-SCF-RHF
initial guess = minao
damping factor = 0
level_shift factor = 0
DIIS = <class 'pyscf.scf.diis.CDIIS'>
diis_start_cycle = 1
diis_space = 8
SCF conv_tol = 1e-07
SCF conv_tol_grad = None
SCF max_cycles = 50
direct_scf = True
direct_scf_tol = 1e-13
chkfile to save SCF result = /burg/berkelbach/users/eav2136/projects/interpolation/01_get_bands/tmp/tmpgj0wdfgm
max_memory 187000 MB (current use 88 MB)


******** PBC SCF flags ********
N kpts = 1
kpts = [[0. 0. 0.]]
Exchange divergence treatment (exxdiv) = ewald
Monkhorst pack size [1 1 1] ew_eta 2.613447953718719 ew_cut 2.693231061698856
Ewald components = 5.9105191190806e-70, -1.47748424715118, 1.137374807438
    madelung (= occupied orbital energy shift) = 0.6802188794263566
    Total energy shift due to Ewald probe charge = -1/2 * Nelec*madelung = -2.72087551771
DF object = <pyscf.pbc.df.fft.FFTDF object at 0x155535fe3460>


******** <class 'pyscf.pbc.df.fft.FFTDF'> ********
mesh = [35 35 35] (42875 PWs)
len(kpts) = 1
    kpts = [[0. 0. 0.]]
Set gradient conv threshold to 0.000316228
Big error detected in the electron number of initial guess density matrix (Ne/cell = 7.74553)!
  This can cause huge error in Fock matrix and lead to instability in SCF for low-dimensional systems.
  DM is normalized wrt the number of electrons 8.0
fft_jk: get_k_kpts max_memory 186614.943232  blksize 26
    CPU time for get_k_kpts: make_kpt (0,*)     28.90 sec, wall time      0.91 sec
Monkhorst pack size [1 1 1] ew_eta 2.613447953718719 ew_cut 2.693231061698856
Ewald components = 5.9105191190806e-70, -1.47748424715118, 1.137374807438
    CPU time for vj and vk     36.13 sec, wall time      1.13 sec
Ewald components = 8.67997097708575e-26, -47.3756282134421, 34.5884981493536
E1 = 4.77151754279921  E_coul = -2.0438894156088296
init E= -10.0595019368981
cond(S) = [26137.11707762]
    CPU time for initialize scf     50.62 sec, wall time      1.67 sec
HOMO = 0.691340841809  LUMO = 0.949728695753
     k-point                  mo_energy
   0 ( 0.000  0.000  0.000)   [-1.05763271  0.69134084  0.69134084  0.69134084] [0.9497287  0.9497287  0.9497287  1.08514086 1.86854059 1.86854059
 2.03590502 2.1441461  2.1441461  2.1441461  2.77070106 2.77070106
 2.77070106 3.59725093 3.59725093 3.59725093 3.73900111 3.73900111
 4.80132027 4.80132027 4.80132027 5.23625701]
fft_jk: get_k_kpts max_memory 186597.109248  blksize 26
    CPU time for get_k_kpts: make_kpt (0,*)      5.03 sec, wall time      0.16 sec
Monkhorst pack size [1 1 1] ew_eta 2.613447953718719 ew_cut 2.693231061698856
Ewald components = 5.9105191190806e-70, -1.47748424715118, 1.137374807438
    CPU time for vj and vk     11.76 sec, wall time      0.38 sec
Ewald components = 8.67997097708575e-26, -47.3756282134421, 34.5884981493536
E1 = 4.7900923388229355  E_coul = -2.188033161648703
cycle= 1 E= -10.1850708869143  delta_E= -0.126  |g|= 0.343  |ddm|= 8.74
    CPU time for cycle= 1     17.88 sec, wall time      0.85 sec
diis-norm(errvec)=0.625043
diis-c [-0.39067841  1.        ]
HOMO = 0.274412204605  LUMO = 1.10219050766
     k-point                  mo_energy
   0 ( 0.000  0.000  0.000)   [-0.62717307  0.2744122   0.2744122   0.2744122 ] [1.10219051 1.10219051 1.10219051 1.4141699  1.86563281 1.86563281
 2.07234673 2.14919706 2.14919706 2.14919706 2.75211958 2.75211958
 2.75211958 3.58322067 3.58322067 3.58322067 3.73127457 3.73127457
 4.79519516 4.79519516 4.79519516 5.23586915]
fft_jk: get_k_kpts max_memory 186596.183552  blksize 26
    CPU time for get_k_kpts: make_kpt (0,*)      4.66 sec, wall time      0.15 sec
Monkhorst pack size [1 1 1] ew_eta 2.613447953718719 ew_cut 2.693231061698856
Ewald components = 5.9105191190806e-70, -1.47748424715118, 1.137374807438
    CPU time for vj and vk     11.98 sec, wall time      0.38 sec
Ewald components = 8.67997097708575e-26, -47.3756282134421, 34.5884981493536
E1 = 4.823922771011216  E_coul = -2.2483876240778726
cycle= 2 E= -10.2115949171552  delta_E= -0.0265  |g|= 0.0744  |ddm|= 1.29
    CPU time for cycle= 2     12.56 sec, wall time      0.40 sec
diis-norm(errvec)=0.125693
diis-c [-1.28260216e-04 -2.50483429e-01  1.25048343e+00]
HOMO = 0.263034909552  LUMO = 1.09643966209
     k-point                  mo_energy
   0 ( 0.000  0.000  0.000)   [-0.63444427  0.26303491  0.26303491  0.26303491] [1.09643966 1.09643966 1.09643966 1.40720939 1.86182359 1.86182359
 2.07602141 2.14563578 2.14563578 2.14563578 2.74035062 2.74035062
 2.74035062 3.57992349 3.57992349 3.57992349 3.72509242 3.72509242
 4.78927658 4.78927658 4.78927658 5.22960467]
fft_jk: get_k_kpts max_memory 186596.70784  blksize 26
    CPU time for get_k_kpts: make_kpt (0,*)      4.70 sec, wall time      0.15 sec
Monkhorst pack size [1 1 1] ew_eta 2.613447953718719 ew_cut 2.693231061698856
Ewald components = 5.9105191190806e-70, -1.47748424715118, 1.137374807438
    CPU time for vj and vk     11.58 sec, wall time      0.36 sec
Ewald components = 8.67997097708575e-26, -47.3756282134421, 34.5884981493536
E1 = 4.835267954797122  E_coul = -2.261002062481159
cycle= 3 E= -10.2128641717725  delta_E= -0.00127  |g|= 0.00301  |ddm|= 0.686
    CPU time for cycle= 3     15.27 sec, wall time      0.48 sec
diis-norm(errvec)=0.00264428
diis-c [-7.09949676e-09  6.60453973e-02 -3.40143454e-01  1.27409806e+00]
HOMO = 0.263510444648  LUMO = 1.09687630546
     k-point                  mo_energy
   0 ( 0.000  0.000  0.000)   [-0.63344837  0.26351044  0.26351044  0.26351044] [1.09687631 1.09687631 1.09687631 1.40785919 1.86199956 1.86199956
 2.0751596  2.14573676 2.14573676 2.14573676 2.74071205 2.74071205
 2.74071205 3.57997209 3.57997209 3.57997209 3.7254141  3.7254141
 4.78953287 4.78953287 4.78953287 5.22982559]
fft_jk: get_k_kpts max_memory 186596.609536  blksize 26
    CPU time for get_k_kpts: make_kpt (0,*)      4.58 sec, wall time      0.14 sec
Monkhorst pack size [1 1 1] ew_eta 2.613447953718719 ew_cut 2.693231061698856
Ewald components = 5.9105191190806e-70, -1.47748424715118, 1.137374807438
    CPU time for vj and vk     11.42 sec, wall time      0.36 sec
Ewald components = 8.67997097708575e-26, -47.3756282134421, 34.5884981493536
E1 = 4.835114862851603  E_coul = -2.260850771831685
cycle= 4 E= -10.2128659730686  delta_E= -1.8e-06  |g|= 0.000248  |ddm|= 0.0639
    CPU time for cycle= 4     13.71 sec, wall time      0.44 sec
diis-norm(errvec)=0.000119077
diis-c [-1.13669557e-13 -1.71288322e-02  8.94863680e-02 -3.81949467e-01
  1.30959193e+00]
HOMO = 0.263433748031  LUMO = 1.09683174184
     k-point                  mo_energy
   0 ( 0.000  0.000  0.000)   [-0.63368016  0.26343375  0.26343375  0.26343375] [1.09683174 1.09683174 1.09683174 1.40779275 1.86197694 1.86197694
 2.07535633 2.14572912 2.14572912 2.14572912 2.74065925 2.74065925
 2.74065925 3.57997319 3.57997319 3.57997319 3.72538774 3.72538774
 4.78950967 4.78950967 4.78950967 5.2297734 ]
fft_jk: get_k_kpts max_memory 186596.126208  blksize 26
    CPU time for get_k_kpts: make_kpt (0,*)      4.84 sec, wall time      0.16 sec
Monkhorst pack size [1 1 1] ew_eta 2.613447953718719 ew_cut 2.693231061698856
Ewald components = 5.9105191190806e-70, -1.47748424715118, 1.137374807438
    CPU time for vj and vk     11.66 sec, wall time      0.38 sec
Ewald components = 8.67997097708575e-26, -47.3756282134421, 34.5884981493536
E1 = 4.835191926528147  E_coul = -2.2609278499973153
cycle= 5 E= -10.2128659875577  delta_E= -1.45e-08  |g|= 1.32e-05  |ddm|= 0.00864
    CPU time for cycle= 5     18.28 sec, wall time      0.62 sec
HOMO = 0.263436186593  LUMO = 1.09683137327
     k-point                  mo_energy
   0 ( 0.000  0.000  0.000)   [-0.63364045  0.26343619  0.26343619  0.26343619] [1.09683137 1.09683137 1.09683137 1.40779052 1.86197711 1.86197711
 2.07531769 2.14572636 2.14572636 2.14572636 2.74065645 2.74065645
 2.74065645 3.57996981 3.57996981 3.57996981 3.72538492 3.72538492
 4.78950678 4.78950678 4.78950678 5.22977206]
fft_jk: get_k_kpts max_memory 186596.027904  blksize 26
    CPU time for get_k_kpts: make_kpt (0,*)      5.25 sec, wall time      0.17 sec
Monkhorst pack size [1 1 1] ew_eta 2.613447953718719 ew_cut 2.693231061698856
Ewald components = 5.9105191190806e-70, -1.47748424715118, 1.137374807438
    CPU time for vj and vk     12.93 sec, wall time      0.41 sec
Ewald components = 8.67997097708575e-26, -47.3756282134421, 34.5884981493536
E1 = 4.835187196913084  E_coul = -2.2609231204237883
Extra cycle  E= -10.2128659875992  delta_E= -4.15e-11  |g|= 1.78e-06  |ddm|= 0.0003
    CPU time for scf_cycle    143.80 sec, wall time      4.95 sec
    CPU time for SCF    143.81 sec, wall time      4.95 sec
converged SCF energy = -10.2128659875992


******** <class 'pyscf.pbc.df.df.GDF'> ********
mesh = [7, 7, 7] (343 PWs)
auxbasis = None
eta = 0.2
exp_to_discard = None
_cderi_to_save = /burg/berkelbach/users/eav2136/projects/interpolation/01_get_bands/tmp/tmpyggervyp
len(kpts) = 1
    kpts = [[0. 0. 0.]]
Even tempered Gaussians are generated as DF auxbasis for  C
  ETB auxbasis for C  [[0, [9.579456, 1]], [0, [4.789728, 1]], [0, [2.394864, 1]], [0, [1.197432, 1]], [0, [0.598716, 1]], [0, [0.299358, 1]], [1, [8.727455361661383, 1]], [1, [4.363727680830691, 1]], [1, [2.1818638404153456, 1]], [1, [1.0909319202076728, 1]], [1, [0.5454659601038364, 1]], [1, [0.2727329800519182, 1]], [2, [7.951232, 1]], [2, [3.975616, 1]], [2, [1.987808, 1]], [2, [0.993904, 1]], [2, [0.496952, 1]], [2, [0.248476, 1]], [3, [2.1026146480075707, 1]], [3, [1.0513073240037853, 1]], [3, [0.5256536620018927, 1]], [4, [1.112026, 1]]]
num shells = 44, num cGTOs = 168
Drop 0 primitive fitting functions
make aux basis, num shells = 44, num cGTOs = 168
auxcell.rcut 12.846608924246357
make compensating basis, num shells = 10, num cGTOs = 50
chgcell.rcut 11.482117703874595
    CPU time for 3c2e   1136.78 sec, wall time     52.01 sec
Num uniq kpts 1
uniq_kpts [[0. 0. 0.]]
max_memory 186535.972352 (MB)  blocksize 21391739
Cholesky decomposition for j2c at kpt 0
Symmetry pattern (k - [0. 0. 0.])*a= 2n pi
    make_kpt for uniq_kptji_ids [0]
kpt = [0. 0. 0.]
adapted_ji_idx = [0]
memory = 467.877888
int3c2e [1/1], AO [0:10], ncol = 351
Symmetry pattern (k + [0. 0. 0.])*a= 2n pi
    make_kpt for [0]
    CPU time for j3c   1147.15 sec, wall time     52.34 sec
MP2 Correlation Energy:  -0.16457141157475932
